# Reading C:/Microsemi/Libero_SoC_v11.9/Modelsim/tcl/vsim/pref.tcl
# do run.do
# INFO: Simulation library presynth already exists
# Model Technology ModelSim Microsemi vmap 10.5c Lib Mapping Utility 2016.07 Jul 21 2016
# vmap presynth presynth 
# Modifying modelsim.ini
# Model Technology ModelSim Microsemi vmap 10.5c Lib Mapping Utility 2016.07 Jul 21 2016
# vmap igloo C:/Microsemi/Libero_SoC_v11.9/Designer/lib/modelsim/precompiled/vhdl/igloo 
# Modifying modelsim.ini
# Model Technology ModelSim Microsemi vcom 10.5c Compiler 2016.07 Jul 21 2016
# Start time: 17:23:11 on Oct 06,2023
# vcom -reportprogress 300 -2008 -explicit -work presynth C:/Users/David/Desktop/WiFi Headstage GIT/WiFiHeadstage/WiFiHeadstage Roussel/FPGA_Controller/hdl/SPI_Master.vhd 
# -- Loading package STANDARD
# -- Loading package TEXTIO
# -- Loading package std_logic_1164
# -- Loading package NUMERIC_STD
# -- Loading package MATH_REAL
# -- Compiling entity SPI_Master
# -- Compiling architecture RTL of SPI_Master
# End time: 17:23:11 on Oct 06,2023, Elapsed time: 0:00:00
# Errors: 0, Warnings: 0
# Model Technology ModelSim Microsemi vcom 10.5c Compiler 2016.07 Jul 21 2016
# Start time: 17:23:11 on Oct 06,2023
# vcom -reportprogress 300 -2008 -explicit -work presynth C:/Users/David/Desktop/WiFi Headstage GIT/WiFiHeadstage/WiFiHeadstage Roussel/FPGA_Controller/hdl/SPI_Master_CS.vhd 
# -- Loading package STANDARD
# -- Loading package TEXTIO
# -- Loading package std_logic_1164
# -- Loading package NUMERIC_STD
# -- Compiling entity SPI_Master_CS
# -- Compiling architecture RTL of SPI_Master_CS
# -- Loading package MATH_REAL
# -- Loading entity SPI_Master
# End time: 17:23:11 on Oct 06,2023, Elapsed time: 0:00:00
# Errors: 0, Warnings: 0
# Model Technology ModelSim Microsemi vcom 10.5c Compiler 2016.07 Jul 21 2016
# Start time: 17:23:11 on Oct 06,2023
# vcom -reportprogress 300 -2008 -explicit -work presynth C:/Users/David/Desktop/WiFi Headstage GIT/WiFiHeadstage/WiFiHeadstage Roussel/FPGA_Controller/smartgen/FIFO/FIFO.vhd 
# -- Loading package STANDARD
# -- Loading package TEXTIO
# -- Loading package std_logic_1164
# -- Compiling entity FIFO
# -- Compiling architecture DEF_ARCH of FIFO
# End time: 17:23:11 on Oct 06,2023, Elapsed time: 0:00:00
# Errors: 0, Warnings: 0
# Model Technology ModelSim Microsemi vcom 10.5c Compiler 2016.07 Jul 21 2016
# Start time: 17:23:11 on Oct 06,2023
# vcom -reportprogress 300 -2008 -explicit -work presynth C:/Users/David/Desktop/WiFi Headstage GIT/WiFiHeadstage/WiFiHeadstage Roussel/FPGA_Controller/hdl/Controller_RHD64.vhd 
# -- Loading package STANDARD
# -- Loading package TEXTIO
# -- Loading package std_logic_1164
# -- Loading package NUMERIC_STD
# -- Compiling entity Controller_RHD64
# -- Compiling architecture RTL of Controller_RHD64
# -- Loading entity FIFO
# End time: 17:23:11 on Oct 06,2023, Elapsed time: 0:00:00
# Errors: 0, Warnings: 0
# Model Technology ModelSim Microsemi vcom 10.5c Compiler 2016.07 Jul 21 2016
# Start time: 17:23:11 on Oct 06,2023
# vcom -reportprogress 300 -2008 -explicit -work presynth C:/Users/David/Desktop/WiFi Headstage GIT/WiFiHeadstage/WiFiHeadstage Roussel/FPGA_Controller/hdl/Controller_Headstage.vhd 
# -- Loading package STANDARD
# -- Loading package TEXTIO
# -- Loading package std_logic_1164
# -- Loading package NUMERIC_STD
# -- Compiling entity Controller_Headstage
# -- Compiling architecture RTL of Controller_Headstage
# -- Loading entity Controller_RHD64
# -- Loading entity SPI_Master_CS
# End time: 17:23:11 on Oct 06,2023, Elapsed time: 0:00:00
# Errors: 0, Warnings: 0
# Model Technology ModelSim Microsemi vcom 10.5c Compiler 2016.07 Jul 21 2016
# Start time: 17:23:11 on Oct 06,2023
# vcom -reportprogress 300 -2008 -explicit -work presynth C:/Users/David/Desktop/WiFi Headstage GIT/WiFiHeadstage/WiFiHeadstage Roussel/FPGA_Controller/hdl/Controller_Dual_SPI.vhd 
# -- Loading package STANDARD
# -- Loading package TEXTIO
# -- Loading package std_logic_1164
# -- Loading package NUMERIC_STD
# -- Compiling entity Controller_Dual_SPI
# -- Compiling architecture RTL of Controller_Dual_SPI
# End time: 17:23:11 on Oct 06,2023, Elapsed time: 0:00:00
# Errors: 0, Warnings: 0
# Model Technology ModelSim Microsemi vcom 10.5c Compiler 2016.07 Jul 21 2016
# Start time: 17:23:11 on Oct 06,2023
# vcom -reportprogress 300 -2008 -explicit -work presynth C:/Users/David/Desktop/WiFi Headstage GIT/WiFiHeadstage/WiFiHeadstage Roussel/FPGA_Controller/stimulus/Controller_Dual_SPI_tb.vhd 
# -- Loading package STANDARD
# -- Loading package TEXTIO
# -- Loading package std_logic_1164
# -- Compiling entity Controller_Dual_SPI_tb
# -- Compiling architecture TB of Controller_Dual_SPI_tb
# -- Loading package NUMERIC_STD
# -- Loading entity Controller_Dual_SPI
# End time: 17:23:11 on Oct 06,2023, Elapsed time: 0:00:00
# Errors: 0, Warnings: 0
# vsim -L igloo -L presynth -t 1ps presynth.Controller_Dual_SPI_tb 
# Start time: 17:23:11 on Oct 06,2023
# //  ModelSim Microsemi 10.5c Jul 21 2016
# //
# //  Copyright 1991-2016 Mentor Graphics Corporation
# //  All Rights Reserved.
# //
# //  ModelSim Microsemi and its associated documentation contain trade
# //  secrets and commercial or financial information that are the property of
# //  Mentor Graphics Corporation and are privileged, confidential,
# //  and exempt from disclosure under the Freedom of Information Act,
# //  5 U.S.C. Section 552. Furthermore, this information
# //  is prohibited from disclosure under the Trade Secrets Act,
# //  18 U.S.C. Section 1905.
# //
# Loading std.standard
# Loading std.textio(body)
# Loading ieee.std_logic_1164(body)
# Loading ieee.numeric_std(body)
# Loading presynth.controller_dual_spi_tb(tb)
# Loading presynth.controller_dual_spi(rtl)
# Loading presynth.controller_headstage(rtl)
# Loading presynth.controller_rhd64(rtl)
# Loading ieee.math_real(body)
# Loading presynth.spi_master_cs(rtl)
# Loading presynth.spi_master(rtl)
# Loading presynth.fifo(def_arch)
# Loading ieee.vital_timing(body)
# Loading ieee.vital_primitives(body)
# Loading igloo.vtables
# Loading igloo.or2(vital_act)
# Loading igloo.nand2a(vital_act)
# Loading igloo.nand2(vital_act)
# Loading igloo.inv(vital_act)
# Loading igloo.and2(vital_act)
# Loading igloo.fifo4k18(vital_act)
# Loading igloo.gnd(vital_act)
# Loading igloo.vcc(vital_act)
# ** Warning: (vsim-WLF-5000) WLF file currently in use: vsim.wlf
#           File in use by: david  Hostname: DESKTOP-I7V5QPQ  ProcessID: 4532
#           Attempting to use alternate WLF file "./wlftvd47tn".
# ** Warning: (vsim-WLF-5001) Could not open WLF file: vsim.wlf
#           Using alternate file: ./wlftvd47tn
# End time: 17:25:05 on Oct 06,2023, Elapsed time: 0:01:54
# Errors: 0, Warnings: 2
