Microsemi Libero Software
Version: 11.9.0.4
Release: v11.9

Info: The design C:\Users\david\Desktop\WiFi Headstage GIT\WiFiHeadstage\WiFiHeadstage
      Roussel\FPGA_Controller\designer\impl1\Controller_Dual_SPI.adb was last modified by
      software version 11.9.0.4.
Opened an existing Libero design C:\Users\david\Desktop\WiFi Headstage
GIT\WiFiHeadstage\WiFiHeadstage Roussel\FPGA_Controller\designer\impl1\Controller_Dual_SPI.adb.
'BA_NAME' set to 'Controller_Dual_SPI_ba'
'KEEP_EXISTING_PHYSICAL_CONSTRAINTS' set to '1'
'SDC_IMPORT_MERGE' set to '1'
'IDE_DESIGNERVIEW_NAME' set to 'Impl1'
'IDE_DESIGNERVIEW_COUNT' set to '1'
'IDE_DESIGNERVIEW_REV0' set to 'Impl1'
'IDE_DESIGNERVIEW_REVNUM0' set to '1'
'IDE_DESIGNERVIEW_ROOTDIR' set to 'C:\Users\david\Desktop\WiFi Headstage
GIT\WiFiHeadstage\WiFiHeadstage Roussel\FPGA_Controller\designer'
'IDE_DESIGNERVIEW_LASTREV' set to '1'

The Execute Script command succeeded ( 00:00:00 )
Checking for software updates...
Design saved to file C:\Users\david\Desktop\WiFi Headstage GIT\WiFiHeadstage\WiFiHeadstage
Roussel\FPGA_Controller\designer\impl1\Controller_Dual_SPI.adb.
Wrote pin report to file: C:\Users\david\Desktop\WiFi Headstage GIT\WiFiHeadstage\WiFiHeadstage
Roussel\FPGA_Controller\designer\impl1\Controller_Dual_SPI_report_pin_byname.txt

The Report command succeeded ( 00:00:00 )
Wrote pin report to file: C:\Users\david\Desktop\WiFi Headstage GIT\WiFiHeadstage\WiFiHeadstage
Roussel\FPGA_Controller\designer\impl1\Controller_Dual_SPI_report_pin_bynumber.txt

The Report command succeeded ( 00:00:01 )

The Execute Script command succeeded ( 00:00:01 )
Design closed.

