Lattice Timing Report -  Setup  and Hold, Version Radiant Software (64-bit) 2023.2.1.288.0

<<<<<<< HEAD
Wed Apr 29 12:27:05 2026
=======
Mon Jun  1 17:38:44 2026
>>>>>>> ed5c0376b362634e1e81d9a369ec4feb75cb968b

Copyright (c) 1991-1994 by NeoCAD Inc. All rights reserved.
Copyright (c) 1995 AT&T Corp.   All rights reserved.
Copyright (c) 1995-2001 Lucent Technologies Inc.  All rights reserved.
Copyright (c) 2001 Agere Systems   All rights reserved.
Copyright (c) 2002-2023 Lattice Semiconductor Corporation,  All rights reserved.

Command line:    timing -sethld -v 10 -u 10 -endpoints 10 -nperend 1 -sp High-Performance_1.2V -hsp m -pwrprd -html -rpt FPGA_Intan_Driver_impl_1.twr FPGA_Intan_Driver_impl_1.udb -gui -msgset C:/Users/david/Desktop/WiFi Headstage/WiFiHeadstage V2/FPGA/FPGA_Intan_Driver/promote.xml

-----------------------------------------
Design:          top_level
Family:          iCE40UP
Device:          iCE40UP5K
Package:         SG48
Performance:     High-Performance_1.2V
Package Status:                     Preliminary    Version 1.5
**Performance Hardware Data Status :   Advanced Version 1.0
-----------------------------------------


=====================================================================
                    Table of Contents
=====================================================================
    1  Timing Overview
        1.1  SDC Constraints
        1.2  Constraint Coverage
        1.3  Overall Summary
        1.4  Unconstrained Report
        1.5  Combinational Loop
        1.6  Error/Warning Messages
    2  Setup at Speed Grade High-Performance_1.2V Corner at 100 Degrees
        2.1  Clock Summary
        2.2  Endpoint slacks
        2.3  Detailed Report
    3  Hold at Speed Grade m Corner at -40 Degrees
        3.1  Endpoint slacks
        3.2  Detailed Report

=====================================================================
                    End of Table of Contents
=====================================================================

==============================================
1  Timing Overview
==============================================

1.1  SDC Constraints
=====================
[IGNORED:]create_generated_clock -name {pll_clk_int} -source [get_pins pll_inst.lscc_pll_inst.u_PLL_B/REFERENCECLK] -divide_by 2 -multiply_by 9 [get_pins pll_inst.lscc_pll_inst.u_PLL_B/OUTGLOBAL]

1.2  Constraint Coverage
---------------------------
Constraint Coverage: 0%


1.3  Overall Summary
---------------------------
 Setup at Speed Grade High-Performance_1.2V Corner at 100 Degrees     Timing Errors: 0 endpoints;  Total Negative Slack: 0.000 ns 
 Hold at Speed Grade m Corner at -40 Degrees                          Timing Errors: 0 endpoints;  Total Negative Slack: 0.000 ns 

1.4  Unconstrained Report
===========================

1.4.1  Unconstrained Start/End Points
--------------------------------------

Clocked but unconstrained timing start points
--------------------------------------------------
There is no start point satisfying reporting criteria


Clocked but unconstrained timing end points
-------------------------------------------------------------------
         Listing 10 End Points          |           Type           
-------------------------------------------------------------------
<<<<<<< HEAD
reset_counter_1383__i12/D               |    No arrival or required
reset_counter_1383__i11/D               |    No arrival or required
reset_counter_1383__i27/D               |    No arrival or required
reset_counter_1383__i10/D               |    No arrival or required
reset_counter_1383__i9/D                |    No arrival or required
reset_counter_1383__i26/D               |    No arrival or required
reset_counter_1383__i25/D               |    No arrival or required
reset_counter_1383__i24/D               |    No arrival or required
reset_counter_1383__i23/D               |    No arrival or required
reset_counter_1383__i22/D               |    No arrival or required
-------------------------------------------------------------------
                                        |                          
Number of unconstrained timing end poin |                          
ts                                      |                        36
=======
reset_counter_1434__i24/D               |    No arrival or required
reset_counter_1434__i23/D               |    No arrival or required
reset_counter_1434__i22/D               |    No arrival or required
reset_counter_1434__i21/D               |    No arrival or required
reset_counter_1434__i20/D               |    No arrival or required
reset_counter_1434__i19/D               |    No arrival or required
reset_counter_1434__i18/D               |    No arrival or required
reset_counter_1434__i17/D               |    No arrival or required
reset_counter_1434__i16/D               |    No arrival or required
reset_counter_1434__i15/D               |    No arrival or required
-------------------------------------------------------------------
                                        |                          
Number of unconstrained timing end poin |                          
ts                                      |                      2720
>>>>>>> ed5c0376b362634e1e81d9a369ec4feb75cb968b
                                        |                          
-------------------------------------------------------------------

1.4.2  Start/End Points Without Timing Constraints
---------------------------------------------------

I/O ports without constraint
----------------------------
Possible constraints to use on I/O ports are:
set_input_delay,
set_output_delay,
set_max_delay,
create_clock,
create_generated_clock,
...

-------------------------------------------------------------------
     Listing 10 Start or End Points     |           Type           
-------------------------------------------------------------------
<<<<<<< HEAD
CTRL0_IN                                |                     input
i_RHD2216_SPI_MISO                      |                     input
i_RHD2132_SPI_MISO                      |                     input
o_STM32_SPI4_CS_n                       |                     input
o_STM32_SPI4_Clk                        |                     input
o_STM32_SPI4_MOSI                       |                     input
i_clk                                   |                     input
o_RHD2132_SPI_CS_n                      |                    output
o_RHD2132_SPI_Clk                       |                    output
o_RHD2132_SPI_MOSI                      |                    output
-------------------------------------------------------------------
                                        |                          
Number of I/O ports without constraint  |                        18
=======
o_STM32_SPI4_CS_n                       |                     input
o_STM32_SPI4_Clk                        |                     input
o_STM32_SPI4_MOSI                       |                     input
CTRL0_IN                                |                     input
i_RHD2216_SPI_MISO                      |                     input
i_RHD2132_SPI_MISO                      |                     input
i_clk                                   |                     input
o_reset                                 |                    output
o_Controller_Mode[0]                    |                    output
o_Controller_Mode[1]                    |                    output
-------------------------------------------------------------------
                                        |                          
Number of I/O ports without constraint  |                        20
>>>>>>> ed5c0376b362634e1e81d9a369ec4feb75cb968b
                                        |                          
-------------------------------------------------------------------

Nets without clock definition
Define a clock on a top level port or a generated clock on a clock divider pin associated with this net(s).
--------------------------------------------------
There is no instance satisfying reporting criteria



1.5  Combinational Loop
========================
Combinational Loops
-------------------
++++ Loop1
<<<<<<< HEAD
i3371_3_lut/A	->	i3371_3_lut/Z

++++ Loop2
i3375_3_lut/A	->	i3375_3_lut/Z

++++ Loop3
i3373_3_lut/A	->	i3373_3_lut/Z

++++ Loop4
i3369_3_lut/A	->	i3369_3_lut/Z

++++ Loop5
i3370_3_lut/A	->	i3370_3_lut/Z

++++ Loop6
i3374_3_lut/A	->	i3374_3_lut/Z
=======
i15544_3_lut/C	->	i15544_3_lut/Z

++++ Loop2
o_RHD2132_SPI_CS_n_c_I_0_3_lut_4_lut/A	->	o_RHD2132_SPI_CS_n_c_I_0_3_lut_4_lut/Z

++++ Loop3
i15418_3_lut/C	->	i15418_3_lut/Z

++++ Loop4
o_RHD2132_SPI_Clk_c_I_0_3_lut_4_lut/A	->	o_RHD2132_SPI_Clk_c_I_0_3_lut_4_lut/Z

++++ Loop5
i15420_3_lut/C	->	i15420_3_lut/Z

++++ Loop6
o_RHD2132_SPI_MOSI_c_I_0_3_lut_4_lut/A	->	o_RHD2132_SPI_MOSI_c_I_0_3_lut_4_lut/Z

++++ Loop7
i21_3_lut/C	->	i21_3_lut/Z

++++ Loop8
i3313_3_lut/A	->	i3313_3_lut/Z

++++ Loop9
i3311_3_lut/A	->	i3311_3_lut/Z

++++ Loop10
Controller_inst/i10954_2_lut/A	->	Controller_inst/i10954_2_lut/Z

++++ Loop11
Controller_inst/i10942_2_lut/A	->	Controller_inst/i10942_2_lut/Z

++++ Loop12
Controller_inst/i10952_2_lut/A	->	Controller_inst/i10952_2_lut/Z

++++ Loop13
Controller_inst/i10943_2_lut/A	->	Controller_inst/i10943_2_lut/Z

++++ Loop14
Controller_inst/i10946_2_lut/A	->	Controller_inst/i10946_2_lut/Z

++++ Loop15
Controller_inst/i10944_2_lut/A	->	Controller_inst/i10944_2_lut/Z

++++ Loop16
i1_2_lut/B	->	i1_2_lut/Z

++++ Loop17
Controller_inst/i10979_2_lut/A	->	Controller_inst/i10979_2_lut/Z

++++ Loop18
Controller_inst/i10978_2_lut/A	->	Controller_inst/i10978_2_lut/Z

++++ Loop19
Controller_inst/i10977_2_lut/A	->	Controller_inst/i10977_2_lut/Z

++++ Loop20
Controller_inst/i10962_2_lut/A	->	Controller_inst/i10962_2_lut/Z

++++ Loop21
Controller_inst/i10961_2_lut/A	->	Controller_inst/i10961_2_lut/Z

++++ Loop22
Controller_inst/i10960_2_lut/A	->	Controller_inst/i10960_2_lut/Z

++++ Loop23
Controller_inst/i10958_2_lut/A	->	Controller_inst/i10958_2_lut/Z

++++ Loop24
Controller_inst/i10959_2_lut/A	->	Controller_inst/i10959_2_lut/Z

++++ Loop25
Controller_inst/i10939_2_lut/A	->	Controller_inst/i10939_2_lut/Z

++++ Loop26
Controller_inst/i10957_2_lut/A	->	Controller_inst/i10957_2_lut/Z

++++ Loop27
Controller_inst/i10956_2_lut/A	->	Controller_inst/i10956_2_lut/Z

++++ Loop28
Controller_inst/i10949_2_lut/A	->	Controller_inst/i10949_2_lut/Z

++++ Loop29
Controller_inst/i10938_2_lut/A	->	Controller_inst/i10938_2_lut/Z

++++ Loop30
Controller_inst/i10955_2_lut/A	->	Controller_inst/i10955_2_lut/Z

++++ Loop31
Controller_inst/i10929_2_lut/A	->	Controller_inst/i10929_2_lut/Z

++++ Loop32
Controller_inst/i10936_2_lut/A	->	Controller_inst/i10936_2_lut/Z

++++ Loop33
Controller_inst/i10941_2_lut/A	->	Controller_inst/i10941_2_lut/Z

++++ Loop34
Controller_inst/i10768_2_lut/A	->	Controller_inst/i10768_2_lut/Z

++++ Loop35
Controller_inst/i10980_2_lut/A	->	Controller_inst/i10980_2_lut/Z

++++ Loop36
Controller_inst/i10953_2_lut/A	->	Controller_inst/i10953_2_lut/Z

++++ Loop37
Controller_inst/i10930_2_lut/A	->	Controller_inst/i10930_2_lut/Z

++++ Loop38
Controller_inst/i10931_2_lut/A	->	Controller_inst/i10931_2_lut/Z

++++ Loop39
Controller_inst/i10948_2_lut/A	->	Controller_inst/i10948_2_lut/Z

++++ Loop40
Controller_inst/i10947_2_lut/A	->	Controller_inst/i10947_2_lut/Z

++++ Loop41
Controller_inst/i10937_2_lut/A	->	Controller_inst/i10937_2_lut/Z
>>>>>>> ed5c0376b362634e1e81d9a369ec4feb75cb968b


1.6  Error/Warning Messages
============================
WARNING "70001944" - No source clock for
	generated clock	create_generated_clock -name {pll_clk_int} -source [get_pins {pll_inst/lscc_pll_inst/u_PLL_B/REFERENCECLK}] -multiply_by 9 -divide_by 2 [get_pins {pll_inst/lscc_pll_inst/u_PLL_B/OUTGLOBAL }] .

===============================================================
2  Setup at Speed Grade High-Performance_1.2V Corner at 100 Degrees
===============================================================

2.1  Clock Summary
=======================

2.1.1 Clock "pll_clk_int"
=======================
create_generated_clock -name {pll_clk_int} -source [get_pins {pll_inst/lscc_pll_inst/u_PLL_B/REFERENCECLK}] -multiply_by 9 -divide_by 2 [get_pins {pll_inst/lscc_pll_inst/u_PLL_B/OUTGLOBAL }] 

Single Clock Domain
-------------------------------------------------------------------------------------------------------
           Clock pll_clk_int            |                    |       Period       |     Frequency      
-------------------------------------------------------------------------------------------------------
 From pll_clk_int                       |             Target |               +INF |          0.000 MHz 
<<<<<<< HEAD
                                        | Actual (all paths) |               ---- |               ---- 
=======
                                        | Actual (all paths) |           1.336 ns |        748.503 MHz 
Controller_inst/Controller_RHD_FIFO_2/FIFO_1/lscc_fifo_inst/fifo0/_FABRIC.u_fifo/waddr_r_0__I_0/RCLK (MPW)                                                                
                                        |   (50% duty cycle) |           1.336 ns |        748.503 MHz 
>>>>>>> ed5c0376b362634e1e81d9a369ec4feb75cb968b
-------------------------------------------------------------------------------------------------------

Clock Domain Crossing

2.2  Endpoint slacks
=======================
--------------------------------------------------
There is no end point satisfying reporting criteria

Total Negative Slack: 0


2.3  Detailed Report
=======================


XXXXXXXXXXXXXXXXXXXXXXXXXXXXXXXXXXXXXXXXXXXXXXXXXXXXXXXXXX

Detail report of critical paths

XXXXXXXXXXXXXXXXXXXXXXXXXXXXXXXXXXXXXXXXXXXXXXXXXXXXXXXXXX

 +++++++++++++++++++++++++++++++++++++++++++++++++++++++++++++++++++++
                    Detailed Report for timing paths 
 +++++++++++++++++++++++++++++++++++++++++++++++++++++++++++++++++++++
 +++++++++++++++++++++++++++++++++++++++++++++++++++++++++++++++++++++
                    End of Detailed Report for timing paths 
 +++++++++++++++++++++++++++++++++++++++++++++++++++++++++++++++++++++


##########################################################



===============================================================
3  Hold at Speed Grade m Corner at -40 Degrees
===============================================================

3.1  Endpoint slacks
=======================
--------------------------------------------------
There is no end point satisfying reporting criteria

Total Negative Slack: 0


3.2  Detailed Report
=======================


XXXXXXXXXXXXXXXXXXXXXXXXXXXXXXXXXXXXXXXXXXXXXXXXXXXXXXXXXX

Detail report of critical paths

XXXXXXXXXXXXXXXXXXXXXXXXXXXXXXXXXXXXXXXXXXXXXXXXXXXXXXXXXX

 +++++++++++++++++++++++++++++++++++++++++++++++++++++++++++++++++++++
                    Detailed Report for timing paths 
 +++++++++++++++++++++++++++++++++++++++++++++++++++++++++++++++++++++
 +++++++++++++++++++++++++++++++++++++++++++++++++++++++++++++++++++++
                    End of Detailed Report for timing paths 
 +++++++++++++++++++++++++++++++++++++++++++++++++++++++++++++++++++++


##########################################################



