
                         Lattice Mapping Report File

Design:  top_level
Family:  iCE40UP
Device:  iCE40UP5K
Package: SG48
Performance Grade:  High-Performance_1.2V

Mapper:    version Radiant Software (64-bit) 2023.2.1.288.0
Mapped on: Wed Apr 29 12:26:48 2026

Design Information
------------------

Command line:   map -i FPGA_Intan_Driver_impl_1_syn.udb -pdc
     C:/Users/david/Desktop/WiFi Headstage/WiFiHeadstage
     V2/FPGA/FPGA_Intan_Driver/Constrain.pdc -o FPGA_Intan_Driver_impl_1_map.udb
     -mp FPGA_Intan_Driver_impl_1.mrp -hierrpt -gui -msgset
     C:/Users/david/Desktop/WiFi Headstage/WiFiHeadstage
     V2/FPGA/FPGA_Intan_Driver/promote.xml

Design Summary
--------------

   Number of slice registers:  33 out of  5280 (1%)
   Number of I/O registers:      0 out of   117 (0%)
   Number of LUT4s:            71 out of  5280 (1%)
      Number of logic LUT4s:              40
      Number of replicated LUT4s:          1
      Number of ripple logic:             15 (30 LUT4s)
   Number of IO sites used:   27 out of 39 (69%)
      Number of IO sites used for general PIO: 24
      Number of IO sites used for I3C: 0 out of 2 (0%)
      (note: If I3C is not used, its site can be used as general PIO)
      Number of IO sites used for PIO+I3C: 24 out of 36 (67%)
      Number of IO sites used for OD+RGB IO buffers: 3 out of 3 (100%)
      (note: If RGB LED drivers are not used, sites can be used as OD outputs,
       see TN1288 iCE40 LED Driver Usage Guide)
      Number of IO sites used for PIO+I3C+OD+RGB: 27 out of 39 (69%)
   Number of DSPs:             0 out of 8 (0%)
   Number of I2Cs:             0 out of 2 (0%)
   Number of High Speed OSCs:  0 out of 1 (0%)
   Number of Low Speed OSCs:   0 out of 1 (0%)
   Number of RGB PWM:          0 out of 1 (0%)
   Number of RGB Drivers:      0 out of 1 (0%)
   Number of SCL FILTERs:      0 out of 2 (0%)
   Number of SRAMs:            0 out of 4 (0%)
   Number of WARMBOOTs:        0 out of 1 (0%)
   Number of SPIs:             0 out of 2 (0%)
   Number of EBRs:             0 out of 30 (0%)
   Number of PLLs:             1 out of 1 (100%)
   Number of Clocks:  2
      Net pll_clk_int: 20 loads, 20 rising, 0 falling (Driver: Pin
     pll_inst.lscc_pll_inst.u_PLL_B/OUTGLOBAL)
      Net i_clk_c: 1 loads, 1 rising, 0 falling (Driver: Port i_clk)
   Number of Clock Enables:  3
      Net Controller_inst.o_RHD2216_SPI_CS_n_c_N_299: 1 loads, 1 SLICEs
      Net o_Controller_Mode_0_0: 1 loads, 1 SLICEs
      Net n8908: 1 loads, 1 SLICEs
   Number of LSRs:  1
      Net o_reset_c: 2 loads, 2 SLICEs

                                    Page 1





Design Summary (cont)
---------------------
   Top 10 highest fanout non-clock nets:
      Net o_Controller_Mode_0_0: 10 loads
      Net VCC_net: 7 loads
      Net reset_counter[9]: 6 loads
      Net reset_counter[8]: 5 loads
      Net n7875: 4 loads
      Net reset_counter[12]: 4 loads
      Net reset_counter[14]: 4 loads
      Net reset_counter[16]: 4 loads
      Net reset_counter[17]: 4 loads
      Net reset_counter[18]: 4 loads





   Number of warnings:  0
   Number of errors:    0

Design Errors/Warnings
----------------------

   No errors or warnings present.
INFO <52291017> - map: Port 'RGB0_OUT' is located on BB_OD pad '39'. Its IO
     buffer is mapped to BB_OD accordingly. Please notice PULLMODE is not
     applicable to BB_OD.
INFO <52291017> - map: Port 'RGB1_OUT' is located on BB_OD pad '40'. Its IO
     buffer is mapped to BB_OD accordingly. Please notice PULLMODE is not
     applicable to BB_OD.
INFO <52291017> - map: Port 'RGB2_OUT' is located on BB_OD pad '41'. Its IO
     buffer is mapped to BB_OD accordingly. Please notice PULLMODE is not
     applicable to BB_OD.

IO (PIO) Attributes
-------------------

+---------------------+-----------+-----------+-------+-------+-----------+
| IO Name             | Direction | Levelmode |  IO   |  IO   | Special   |
|                     |           |  IO_TYPE  |  REG  |  DDR  | IO Buffer |
+---------------------+-----------+-----------+-------+-------+-----------+
| o_RHD2132_SPI_CS_n  | OUTPUT    |           |       |       |           |
+---------------------+-----------+-----------+-------+-------+-----------+
| o_RHD2132_SPI_Clk   | OUTPUT    |           |       |       |           |
+---------------------+-----------+-----------+-------+-------+-----------+
| o_RHD2132_SPI_MOSI  | OUTPUT    |           |       |       |           |
+---------------------+-----------+-----------+-------+-------+-----------+
| i_STM32_SPI4_MISO   | OUTPUT    |           |       |       |           |
+---------------------+-----------+-----------+-------+-------+-----------+
| CTRL0_IN            | INPUT     |           |       |       |           |
+---------------------+-----------+-----------+-------+-------+-----------+
| i_RHD2216_SPI_MISO  | INPUT     |           |       |       |           |
+---------------------+-----------+-----------+-------+-------+-----------+
| i_RHD2132_SPI_MISO  | INPUT     |           |       |       |           |
+---------------------+-----------+-----------+-------+-------+-----------+
| o_STM32_SPI4_CS_n   | INPUT     |           |       |       |           |
+---------------------+-----------+-----------+-------+-------+-----------+
| o_STM32_SPI4_Clk    | INPUT     |           |       |       |           |
+---------------------+-----------+-----------+-------+-------+-----------+

                                    Page 2





IO (PIO) Attributes (cont)
--------------------------
| o_STM32_SPI4_MOSI   | INPUT     |           |       |       |           |
+---------------------+-----------+-----------+-------+-------+-----------+
| i_clk               | INPUT     |           |       |       |           |
+---------------------+-----------+-----------+-------+-------+-----------+
| o_reset             | OUTPUT    |           |       |       |           |
+---------------------+-----------+-----------+-------+-------+-----------+
| o_Controller_Mode[0]| OUTPUT    |           |       |       |           |
+---------------------+-----------+-----------+-------+-------+-----------+
| o_Controller_Mode[1]| OUTPUT    |           |       |       |           |
+---------------------+-----------+-----------+-------+-------+-----------+
| o_Controller_Mode[2]| OUTPUT    |           |       |       |           |
+---------------------+-----------+-----------+-------+-------+-----------+
| o_Controller_Mode[3]| OUTPUT    |           |       |       |           |
+---------------------+-----------+-----------+-------+-------+-----------+
| LED4_OUT            | OUTPUT    |           |       |       |           |
+---------------------+-----------+-----------+-------+-------+-----------+
| LED3_OUT            | OUTPUT    |           |       |       |           |
+---------------------+-----------+-----------+-------+-------+-----------+
| LED2_OUT            | OUTPUT    |           |       |       |           |
+---------------------+-----------+-----------+-------+-------+-----------+
| LED1_OUT            | OUTPUT    |           |       |       |           |
+---------------------+-----------+-----------+-------+-------+-----------+
| o_BOOST_ENABLE      | OUTPUT    |           |       |       |           |
+---------------------+-----------+-----------+-------+-------+-----------+
| o_RHD2216_SPI_CS_n  | OUTPUT    |           |       |       |           |
+---------------------+-----------+-----------+-------+-------+-----------+
| o_RHD2216_SPI_Clk   | OUTPUT    |           |       |       |           |
+---------------------+-----------+-----------+-------+-------+-----------+
| o_RHD2216_SPI_MOSI  | OUTPUT    |           |       |       |           |
+---------------------+-----------+-----------+-------+-------+-----------+
| RGB1_OUT            | OUTPUT    |           |       |       | OD        |
+---------------------+-----------+-----------+-------+-------+-----------+
| RGB2_OUT            | OUTPUT    |           |       |       | OD        |
+---------------------+-----------+-----------+-------+-------+-----------+
| RGB0_OUT            | OUTPUT    |           |       |       | OD        |
+---------------------+-----------+-----------+-------+-------+-----------+

PLL/DLL Summary
---------------

PLL 1:                                 Pin/Node Value
  PLL Instance Name:                            pll_inst/lscc_pll_inst/u_PLL_B
  Input Reference Clock:               PIN      i_clk_c
  Output Clock(CoreA):                          NONE
  Output Clock(GlobalA):               NODE     pll_clk_int
  Output Clock(CoreB):                          NONE
  Output Clock(GlobalB):                        NONE
  Feedback input:                      NODE
       pll_inst.lscc_pll_inst.feedback_w
  Internal Feedback output:            NODE
       pll_inst.lscc_pll_inst.feedback_w
  BYPASS signal:                                GND
  LATCH signal:                                 GND
  Lock Signal:                                  NONE
  Input Clock Frequency (MHz):                  NA
  Reference Divider:                            0
  Feedback Divider:                             71

                                    Page 3





PLL/DLL Summary (cont)
----------------------
  VCO Divider:                                  4
  ENABLE_ICEGATE_PORTA:                         0
  ENABLE_ICEGATE_PORTB:                         0
  PLLOUT_SELECT_PORTA:                          GENCLK
  PLLOUT_SELECT_PORTB:                          GENCLK
  SHIFTREG_DIV_MODE:                            0
  DELAY_ADJUSTMENT_MODE_RELATIVE:               FIXED
  FDA_RELATIVE:                                 0
  FEEDBACK_PATH:                                SIMPLE
  DELAY_ADJUSTMENT_MODE_FEEDBACK:               FIXED
  FDA_FEEDBACK:                                 0
  FILTER_RANGE:                                 1
  EXTERNAL_DIVIDE_FACTOR:                       NONE
  TEST Mode:                                    0

ASIC Components
---------------

Instance Name: pll_inst/lscc_pll_inst/u_PLL_B
         Type: PLL

Constraint Summary
------------------

   Total number of constraints: 14
   Total number of constraints dropped: 0

Run Time and Memory Usage
-------------------------

   Total CPU Time: 0 secs
   Total REAL Time: 0 secs
   Peak Memory Usage: 64 MB
Checksum -- map: fdda12f8a80f6a57b46f80721a91fed8d342db0
























                                    Page 4


Copyright (c) 1991-1994 by NeoCAD Inc. All rights reserved.
Copyright (c) 1995
     AT&T Corp.   All rights reserved.
Copyright (c) 1995-2001 Lucent
     Technologies Inc.  All rights reserved.
Copyright (c) 2001 Agere Systems
     All rights reserved.
Copyright (c) 2002-2023 Lattice Semiconductor
     Corporation,  All rights reserved.
