Synthesis options:
The -a option is iCE40UP.
The -t option is SG48.
The -sp option is High-Performance_1.2V.
The -p option is iCE40UP5K.
                                                          


##########################################################


### Lattice Family     : iCE40UP


### Device             : iCE40UP5K


### Package            : SG48


### Performance Grade  : High-Performance_1.2V


                                                         


INFO <35001786> - synthesis: User-Selected Strategy Settings
Optimization goal = Area
Top-level module name = top_level.
Target frequency = 200.000000 MHz.
Maximum fanout = 1000.
Timing path count = 3 (default)
RWCheckOnRam = 0

BRAM utilization = 100.000000 %
DSP usage = true
DSP utilization = 100.000000 %
fsm_encoding_style = auto
resolve_mixed_drivers = 0
fix_gated_clocks = 1


Mux style = auto (Default)
Use Carry Chain = true
carry_chain_length = 0
Loop Limit = 1950.
Use IO Insertion = TRUE
Use IO Reg = AUTO

Resource Sharing = TRUE
Propagate Constants = TRUE
Remove Duplicate Registers = TRUE
Output HDL file name = FPGA_Intan_Driver_impl_1.vm.
ROM style = auto
RAM style = auto
The -comp option is FALSE.
The -syn option is FALSE.
-sdc option: SDC file input is FPGA_Intan_Driver_impl_1_cpe.ldc.
-path C:/Users/david/Desktop/WiFi Headstage/WiFiHeadstage V2/FPGA/FPGA_Intan_Driver (searchpath added)
-path C:/Users/david/Desktop/WiFi Headstage/WiFiHeadstage V2/FPGA/FPGA_Intan_Driver/CLK_48MHz (searchpath added)
-path C:/Users/david/Desktop/WiFi Headstage/WiFiHeadstage V2/FPGA/FPGA_Intan_Driver/FIFO_MEM (searchpath added)
-path C:/Users/david/Desktop/WiFi Headstage/WiFiHeadstage V2/FPGA/FPGA_Intan_Driver/impl_1 (searchpath added)
-path C:/lscc/radiant/2023.2/ispfpga/ice40tp/data (searchpath added)
Mixed language design
Verilog design file = C:/lscc/radiant/2023.2/ip/pmi/pmi_iCE40UP.v
Verilog design file = C:/Users/david/Desktop/WiFi Headstage/WiFiHeadstage V2/FPGA/FPGA_Intan_Driver/CLK_48MHz/rtl/CLK_48MHz.v
Verilog design file = C:/Users/david/Desktop/WiFi Headstage/WiFiHeadstage V2/FPGA/FPGA_Intan_Driver/FIFO_MEM/rtl/FIFO_MEM.v
VHDL library = pmi
VHDL design file = C:/lscc/radiant/2023.2/ip/pmi/pmi_iCE40UP.vhd
VHDL library = work
VHDL design file = C:/Users/david/Desktop/WiFi Headstage/WiFiHeadstage V2/FPGA/FPGA_Intan_Driver/source/impl_1/Controller_RHD_Sampling_tb.vhd
VHDL library = work
VHDL design file = C:/Users/david/Desktop/WiFi Headstage/WiFiHeadstage V2/FPGA/FPGA_Intan_Driver/source/impl_1/top_level.vhd
VHDL library = work
VHDL design file = C:/Users/david/Desktop/WiFi Headstage/WiFiHeadstage V2/FPGA/FPGA_Intan_Driver/source/impl_1/Controller_RHD_Sampling.vhd
VHDL library = work
VHDL design file = C:/Users/david/Desktop/WiFi Headstage/WiFiHeadstage V2/FPGA/FPGA_Intan_Driver/source/impl_1/Controller_RHD_FIFO.vhd
VHDL library = work
VHDL design file = C:/Users/david/Desktop/WiFi Headstage/WiFiHeadstage V2/FPGA/FPGA_Intan_Driver/source/impl_1/SPI_Master_CS.vhd
VHDL library = work
VHDL design file = C:/Users/david/Desktop/WiFi Headstage/WiFiHeadstage V2/FPGA/FPGA_Intan_Driver/source/impl_1/SPI_Master.vhd
The -r option is OFF. [ Remove LOC Properties is OFF. ]
