
                         Lattice Mapping Report File

Design:  Blinker
Family:  iCE40UP
Device:  iCE40UP5K
Package: SG48
Performance Grade:  High-Performance_1.2V

Mapper:    version Radiant Software (64-bit) 2023.2.1.288.0
Mapped on: Mon Jan 27 09:52:21 2025

Design Information
------------------

Command line:   map -i Blinking_impl_1_syn.udb -pdc C:/Users/david/Desktop/WiFi
     Headstage/WiFiHeadstage V2/Blinking/constraint.pdc -o
     Blinking_impl_1_map.udb -mp Blinking_impl_1.mrp -hierrpt -gui -msgset
     C:/Users/david/Desktop/WiFi Headstage/WiFiHeadstage V2/Blinking/promote.xml

Design Summary
--------------

   Number of slice registers:  33 out of  5280 (1%)
   Number of I/O registers:      0 out of   117 (0%)
   Number of LUT4s:            47 out of  5280 (1%)
      Number of logic LUT4s:              13
      Number of ripple logic:             17 (34 LUT4s)
   Number of IO sites used:   2 out of 39 (5%)
      Number of IO sites used for general PIO: 1
      Number of IO sites used for I3C: 0 out of 2 (0%)
      (note: If I3C is not used, its site can be used as general PIO)
      Number of IO sites used for PIO+I3C: 1 out of 36 (3%)
      Number of IO sites used for OD+RGB IO buffers: 1 out of 3 (33%)
      (note: If RGB LED drivers are not used, sites can be used as OD outputs,
       see TN1288 iCE40 LED Driver Usage Guide)
      Number of IO sites used for PIO+I3C+OD+RGB: 2 out of 39 (5%)
   Number of DSPs:             0 out of 8 (0%)
   Number of I2Cs:             0 out of 2 (0%)
   Number of High Speed OSCs:  0 out of 1 (0%)
   Number of Low Speed OSCs:   0 out of 1 (0%)
   Number of RGB PWM:          0 out of 1 (0%)
   Number of RGB Drivers:      0 out of 1 (0%)
   Number of SCL FILTERs:      0 out of 2 (0%)
   Number of SRAMs:            0 out of 4 (0%)
   Number of WARMBOOTs:        0 out of 1 (0%)
   Number of SPIs:             0 out of 2 (0%)
   Number of EBRs:             0 out of 30 (0%)
   Number of PLLs:             0 out of 1 (0%)
   Number of Clocks:  1
      Net CLK_c: 18 loads, 18 rising, 0 falling (Driver: Port CLK)
   Number of Clock Enables:  0
   Number of LSRs:  1
      Net n206: 17 loads, 17 SLICEs
   Top 10 highest fanout non-clock nets:
      Net n206: 18 loads
      Net counter[0]: 2 loads
      Net counter[1]: 2 loads
      Net counter[30]: 2 loads
      Net counter[31]: 2 loads
      Net counter[3]: 2 loads
      Net counter[4]: 2 loads

                                    Page 1





Design Summary (cont)
---------------------
      Net counter[5]: 2 loads
      Net counter[7]: 2 loads
      Net LED_c: 2 loads





   Number of warnings:  0
   Number of errors:    0

Design Errors/Warnings
----------------------

   No errors or warnings present.
INFO <52291017> - map: Port 'LED' is located on BB_OD pad '40'. Its IO buffer is
     mapped to BB_OD accordingly. Please notice PULLMODE is not applicable to
     BB_OD.

IO (PIO) Attributes
-------------------

+---------------------+-----------+-----------+-------+-------+-----------+
| IO Name             | Direction | Levelmode |  IO   |  IO   | Special   |
|                     |           |  IO_TYPE  |  REG  |  DDR  | IO Buffer |
+---------------------+-----------+-----------+-------+-------+-----------+
| CLK                 | INPUT     |           |       |       |           |
+---------------------+-----------+-----------+-------+-------+-----------+
| LED                 | OUTPUT    |           |       |       | OD        |
+---------------------+-----------+-----------+-------+-------+-----------+

Removed logic
-------------

Block i1 was optimized away.

Constraint Summary
------------------

   Total number of constraints: 1
   Total number of constraints dropped: 0

Run Time and Memory Usage
-------------------------

   Total CPU Time: 0 secs
   Total REAL Time: 0 secs
   Peak Memory Usage: 63 MB
Checksum -- map: 28fc7f7ebe784798b7d78cf1c899bf75fd3ae051










                                    Page 2


Copyright (c) 1991-1994 by NeoCAD Inc. All rights reserved.
Copyright (c) 1995
     AT&T Corp.   All rights reserved.
Copyright (c) 1995-2001 Lucent
     Technologies Inc.  All rights reserved.
Copyright (c) 2001 Agere Systems
     All rights reserved.
Copyright (c) 2002-2023 Lattice Semiconductor
     Corporation,  All rights reserved.
