FlashPro
Version: 11.9.0.4
Release: v11.9

Software Version: 11.9.0.4
PDB file 'C:\Users\david\Desktop\WiFi Headstage GIT\WiFiHeadstage\WiFiHeadstage
Roussel\FPGA_Controller\designer\impl1\Controller_Dual_SPI.pdb' has been loaded successfully.
DESIGN : Controller_Dual_SPI;  CHECKSUM : 80E9;  PDB_VERSION : 1.9
Driver : 3.0.0 build 1
programmer '84949' : FlashPro3
Opened 'C:\Users\david\Desktop\WiFi Headstage GIT\WiFiHeadstage\WiFiHeadstage
Roussel\FPGA_Controller\designer\impl1\Controller_Dual_SPI_fp\Controller_Dual_SPI.pro'
The 'open_project' command succeeded.
The 'set_programming_action' command succeeded.
programmer '84949' : Scan Chain...
Warning: programmer '84949' : Vpump has been selected on programmer AND an externally provided
         Vpump has also been detected. Using externally provided Vpump voltage source.
programmer '84949' : Scan Chain PASSED.
programmer '84949' : Executing action PROGRAM
programmer '84949' : EXPORT FSN[48] = 01603c484c51
programmer '84949' : Erase ...
programmer '84949' : Completed erase
programmer '84949' : EXPORT CHECKSUM[16] = 80e9
programmer '84949' : Programming FPGA Array
programmer '84949' : Verifying FPGA Array
programmer '84949' :         Verifying FPGA Array -- pass
programmer '84949' : Finished: Mon Feb 05 13:48:37 2024 (Elapsed time 00:00:26)
programmer '84949' : Executing action PROGRAM PASSED.

                        o - o - o - o - o - o

The 'run_selected_actions' command succeeded.
Project saved.
The 'save_project' command succeeded.
Project closed.
