WARNING: missing driver HDL files.
Writing C:\Users\david\Desktop\WiFi Headstage\WiFiHeadstage V2\FPGA\FPGA_Intan_Driver\FIFO_MEM\rtl\FIFO_MEM_bb.v 
Writing C:\Users\david\Desktop\WiFi Headstage\WiFiHeadstage V2\FPGA\FPGA_Intan_Driver\FIFO_MEM\FIFO_MEM.cfg 
Writing C:\Users\david\Desktop\WiFi Headstage\WiFiHeadstage V2\FPGA\FPGA_Intan_Driver\FIFO_MEM\misc\FIFO_MEM_tmpl.v 
Writing C:\Users\david\Desktop\WiFi Headstage\WiFiHeadstage V2\FPGA\FPGA_Intan_Driver\FIFO_MEM\misc\FIFO_MEM_tmpl.vhd 
Writing C:\Users\david\Desktop\WiFi Headstage\WiFiHeadstage V2\FPGA\FPGA_Intan_Driver\FIFO_MEM\rtl\FIFO_MEM.v 
Writing C:\Users\david\Desktop\WiFi Headstage\WiFiHeadstage V2\FPGA\FPGA_Intan_Driver\FIFO_MEM\constraints\FIFO_MEM.ldc 
Writing C:\Users\david\Desktop\WiFi Headstage\WiFiHeadstage V2\FPGA\FPGA_Intan_Driver\FIFO_MEM\testbench\dut_params.v 
Writing C:\Users\david\Desktop\WiFi Headstage\WiFiHeadstage V2\FPGA\FPGA_Intan_Driver\FIFO_MEM\testbench\dut_inst.v 
Writing C:\Users\david\Desktop\WiFi Headstage\WiFiHeadstage V2\FPGA\FPGA_Intan_Driver\FIFO_MEM\design.xml 
Writing C:\Users\david\Desktop\WiFi Headstage\WiFiHeadstage V2\FPGA\FPGA_Intan_Driver\FIFO_MEM\component.xml 
Writing C:\Users\david\Desktop\WiFi Headstage\WiFiHeadstage V2\FPGA\FPGA_Intan_Driver\FIFO_MEM\FIFO_MEM.ipx 
WARNING: missing driver HDL files.
Writing C:\Users\david\Desktop\WiFi Headstage\WiFiHeadstage V2\FPGA\FPGA_Intan_Driver\FIFO_MEM\rtl\FIFO_MEM_bb.v 
Writing C:\Users\david\Desktop\WiFi Headstage\WiFiHeadstage V2\FPGA\FPGA_Intan_Driver\FIFO_MEM\FIFO_MEM.cfg 
Writing C:\Users\david\Desktop\WiFi Headstage\WiFiHeadstage V2\FPGA\FPGA_Intan_Driver\FIFO_MEM\misc\FIFO_MEM_tmpl.v 
Writing C:\Users\david\Desktop\WiFi Headstage\WiFiHeadstage V2\FPGA\FPGA_Intan_Driver\FIFO_MEM\misc\FIFO_MEM_tmpl.vhd 
Writing C:\Users\david\Desktop\WiFi Headstage\WiFiHeadstage V2\FPGA\FPGA_Intan_Driver\FIFO_MEM\rtl\FIFO_MEM.v 
Writing C:\Users\david\Desktop\WiFi Headstage\WiFiHeadstage V2\FPGA\FPGA_Intan_Driver\FIFO_MEM\constraints\FIFO_MEM.ldc 
Writing C:\Users\david\Desktop\WiFi Headstage\WiFiHeadstage V2\FPGA\FPGA_Intan_Driver\FIFO_MEM\testbench\dut_params.v 
Writing C:\Users\david\Desktop\WiFi Headstage\WiFiHeadstage V2\FPGA\FPGA_Intan_Driver\FIFO_MEM\testbench\dut_inst.v 
Writing C:\Users\david\Desktop\WiFi Headstage\WiFiHeadstage V2\FPGA\FPGA_Intan_Driver\FIFO_MEM\design.xml 
Writing C:\Users\david\Desktop\WiFi Headstage\WiFiHeadstage V2\FPGA\FPGA_Intan_Driver\FIFO_MEM\component.xml 
Writing C:\Users\david\Desktop\WiFi Headstage\WiFiHeadstage V2\FPGA\FPGA_Intan_Driver\FIFO_MEM\FIFO_MEM.ipx 
WARNING: missing driver HDL files.
Writing C:\Users\david\Desktop\WiFi Headstage\WiFiHeadstage V2\FPGA\FPGA_Intan_Driver\FIFO_MEM\rtl\FIFO_MEM_bb.v 
Writing C:\Users\david\Desktop\WiFi Headstage\WiFiHeadstage V2\FPGA\FPGA_Intan_Driver\FIFO_MEM\FIFO_MEM.cfg 
Writing C:\Users\david\Desktop\WiFi Headstage\WiFiHeadstage V2\FPGA\FPGA_Intan_Driver\FIFO_MEM\misc\FIFO_MEM_tmpl.v 
Writing C:\Users\david\Desktop\WiFi Headstage\WiFiHeadstage V2\FPGA\FPGA_Intan_Driver\FIFO_MEM\misc\FIFO_MEM_tmpl.vhd 
Writing C:\Users\david\Desktop\WiFi Headstage\WiFiHeadstage V2\FPGA\FPGA_Intan_Driver\FIFO_MEM\rtl\FIFO_MEM.v 
Writing C:\Users\david\Desktop\WiFi Headstage\WiFiHeadstage V2\FPGA\FPGA_Intan_Driver\FIFO_MEM\constraints\FIFO_MEM.ldc 
Writing C:\Users\david\Desktop\WiFi Headstage\WiFiHeadstage V2\FPGA\FPGA_Intan_Driver\FIFO_MEM\testbench\dut_params.v 
Writing C:\Users\david\Desktop\WiFi Headstage\WiFiHeadstage V2\FPGA\FPGA_Intan_Driver\FIFO_MEM\testbench\dut_inst.v 
Writing C:\Users\david\Desktop\WiFi Headstage\WiFiHeadstage V2\FPGA\FPGA_Intan_Driver\FIFO_MEM\design.xml 
Writing C:\Users\david\Desktop\WiFi Headstage\WiFiHeadstage V2\FPGA\FPGA_Intan_Driver\FIFO_MEM\component.xml 
Writing C:\Users\david\Desktop\WiFi Headstage\WiFiHeadstage V2\FPGA\FPGA_Intan_Driver\FIFO_MEM\FIFO_MEM.ipx 
WARNING: missing testbench HDL files.
WARNING: missing driver HDL files.
Writing C:\Users\david\Desktop\WiFi Headstage\WiFiHeadstage V2\FPGA\FPGA_Intan_Driver\PLL_SPI\rtl\PLL_SPI_bb.v 
Writing C:\Users\david\Desktop\WiFi Headstage\WiFiHeadstage V2\FPGA\FPGA_Intan_Driver\PLL_SPI\PLL_SPI.cfg 
Writing C:\Users\david\Desktop\WiFi Headstage\WiFiHeadstage V2\FPGA\FPGA_Intan_Driver\PLL_SPI\misc\PLL_SPI_tmpl.v 
Writing C:\Users\david\Desktop\WiFi Headstage\WiFiHeadstage V2\FPGA\FPGA_Intan_Driver\PLL_SPI\misc\PLL_SPI_tmpl.vhd 
Writing C:\Users\david\Desktop\WiFi Headstage\WiFiHeadstage V2\FPGA\FPGA_Intan_Driver\PLL_SPI\rtl\PLL_SPI.v 
Warning: No directory "ldc" in IP module(C:/lscc/radiant/2023.2/ip/iCE40UP/pll)
Writing C:\Users\david\Desktop\WiFi Headstage\WiFiHeadstage V2\FPGA\FPGA_Intan_Driver\PLL_SPI\design.xml 
Writing C:\Users\david\Desktop\WiFi Headstage\WiFiHeadstage V2\FPGA\FPGA_Intan_Driver\PLL_SPI\component.xml 
Writing C:\Users\david\Desktop\WiFi Headstage\WiFiHeadstage V2\FPGA\FPGA_Intan_Driver\PLL_SPI\PLL_SPI.ipx 
WARNING: missing testbench HDL files.
WARNING: missing driver HDL files.
Writing C:\Users\david\Desktop\WiFi Headstage\WiFiHeadstage V2\FPGA\FPGA_Intan_Driver\PLL_SPI\rtl\PLL_SPI_bb.v 
Writing C:\Users\david\Desktop\WiFi Headstage\WiFiHeadstage V2\FPGA\FPGA_Intan_Driver\PLL_SPI\PLL_SPI.cfg 
Writing C:\Users\david\Desktop\WiFi Headstage\WiFiHeadstage V2\FPGA\FPGA_Intan_Driver\PLL_SPI\misc\PLL_SPI_tmpl.v 
Writing C:\Users\david\Desktop\WiFi Headstage\WiFiHeadstage V2\FPGA\FPGA_Intan_Driver\PLL_SPI\misc\PLL_SPI_tmpl.vhd 
Writing C:\Users\david\Desktop\WiFi Headstage\WiFiHeadstage V2\FPGA\FPGA_Intan_Driver\PLL_SPI\rtl\PLL_SPI.v 
Warning: No directory "ldc" in IP module(C:/lscc/radiant/2023.2/ip/iCE40UP/pll)
Writing C:\Users\david\Desktop\WiFi Headstage\WiFiHeadstage V2\FPGA\FPGA_Intan_Driver\PLL_SPI\design.xml 
Writing C:\Users\david\Desktop\WiFi Headstage\WiFiHeadstage V2\FPGA\FPGA_Intan_Driver\PLL_SPI\component.xml 
Writing C:\Users\david\Desktop\WiFi Headstage\WiFiHeadstage V2\FPGA\FPGA_Intan_Driver\PLL_SPI\PLL_SPI.ipx 
WARNING: missing testbench HDL files.
WARNING: missing driver HDL files.
Writing C:\Users\david\Desktop\WiFi Headstage\WiFiHeadstage V2\FPGA\FPGA_Intan_Driver\PLL_SPI\rtl\PLL_SPI_bb.v 
Writing C:\Users\david\Desktop\WiFi Headstage\WiFiHeadstage V2\FPGA\FPGA_Intan_Driver\PLL_SPI\PLL_SPI.cfg 
Writing C:\Users\david\Desktop\WiFi Headstage\WiFiHeadstage V2\FPGA\FPGA_Intan_Driver\PLL_SPI\misc\PLL_SPI_tmpl.v 
Writing C:\Users\david\Desktop\WiFi Headstage\WiFiHeadstage V2\FPGA\FPGA_Intan_Driver\PLL_SPI\misc\PLL_SPI_tmpl.vhd 
Writing C:\Users\david\Desktop\WiFi Headstage\WiFiHeadstage V2\FPGA\FPGA_Intan_Driver\PLL_SPI\rtl\PLL_SPI.v 
Warning: No directory "ldc" in IP module(C:/lscc/radiant/2023.2/ip/iCE40UP/pll)
Writing C:\Users\david\Desktop\WiFi Headstage\WiFiHeadstage V2\FPGA\FPGA_Intan_Driver\PLL_SPI\design.xml 
Writing C:\Users\david\Desktop\WiFi Headstage\WiFiHeadstage V2\FPGA\FPGA_Intan_Driver\PLL_SPI\component.xml 
Writing C:\Users\david\Desktop\WiFi Headstage\WiFiHeadstage V2\FPGA\FPGA_Intan_Driver\PLL_SPI\PLL_SPI.ipx 
WARNING: missing testbench HDL files.
WARNING: missing driver HDL files.
Writing C:\Users\david\Desktop\WiFi Headstage\WiFiHeadstage V2\FPGA\FPGA_Intan_Driver\PLL_SPI\rtl\PLL_SPI_bb.v 
Writing C:\Users\david\Desktop\WiFi Headstage\WiFiHeadstage V2\FPGA\FPGA_Intan_Driver\PLL_SPI\PLL_SPI.cfg 
Writing C:\Users\david\Desktop\WiFi Headstage\WiFiHeadstage V2\FPGA\FPGA_Intan_Driver\PLL_SPI\misc\PLL_SPI_tmpl.v 
Writing C:\Users\david\Desktop\WiFi Headstage\WiFiHeadstage V2\FPGA\FPGA_Intan_Driver\PLL_SPI\misc\PLL_SPI_tmpl.vhd 
Writing C:\Users\david\Desktop\WiFi Headstage\WiFiHeadstage V2\FPGA\FPGA_Intan_Driver\PLL_SPI\rtl\PLL_SPI.v 
Warning: No directory "ldc" in IP module(C:/lscc/radiant/2023.2/ip/iCE40UP/pll)
Writing C:\Users\david\Desktop\WiFi Headstage\WiFiHeadstage V2\FPGA\FPGA_Intan_Driver\PLL_SPI\design.xml 
Writing C:\Users\david\Desktop\WiFi Headstage\WiFiHeadstage V2\FPGA\FPGA_Intan_Driver\PLL_SPI\component.xml 
Writing C:\Users\david\Desktop\WiFi Headstage\WiFiHeadstage V2\FPGA\FPGA_Intan_Driver\PLL_SPI\PLL_SPI.ipx 
WARNING: missing testbench HDL files.
WARNING: missing driver HDL files.
Writing C:\Users\david\Desktop\WiFi Headstage\WiFiHeadstage V2\FPGA\FPGA_Intan_Driver\PLL_SPI\rtl\PLL_SPI_bb.v 