Target Part: AGLN250V2_VQFP100_STD
Report for cell Controller_Dual_SPI.rtl
  Core Cell usage:
              cell count     area count*area
              AND2     2      1.0        2.0
               AO1     4      1.0        4.0
              AO1A     8      1.0        8.0
              AO1D     2      1.0        2.0
              AOI1     1      1.0        1.0
               AX1     3      1.0        3.0
              AX1A     3      1.0        3.0
              AX1B     2      1.0        2.0
              AX1C     9      1.0        9.0
              AX1D     4      1.0        4.0
              BUFF     1      1.0        1.0
               GND     8      0.0        0.0
               INV     2      1.0        2.0
               MX2    60      1.0       60.0
              MX2A     1      1.0        1.0
              MX2B     3      1.0        3.0
              MX2C    17      1.0       17.0
             NAND2     2      1.0        2.0
            NAND2A     1      1.0        1.0
              NOR2    29      1.0       29.0
             NOR2A    17      1.0       17.0
             NOR2B    12      1.0       12.0
              NOR3    11      1.0       11.0
             NOR3A     9      1.0        9.0
             NOR3B    10      1.0       10.0
             NOR3C    12      1.0       12.0
               OA1     3      1.0        3.0
              OA1A     2      1.0        2.0
              OA1B     2      1.0        2.0
              OA1C     4      1.0        4.0
              OAI1     1      1.0        1.0
               OR2    30      1.0       30.0
              OR2A     8      1.0        8.0
              OR2B     7      1.0        7.0
               OR3    21      1.0       21.0
              OR3A    15      1.0       15.0
              OR3B     4      1.0        4.0
              OR3C     2      1.0        2.0
               VCC     8      0.0        0.0
              XA1A     3      1.0        3.0
              XA1C     2      1.0        2.0
              XAI1     5      1.0        5.0
             XNOR2     4      1.0        4.0
               XO1     4      1.0        4.0
              XO1A     4      1.0        4.0
              XOR2    20      1.0       20.0


            DFI1C1     1      1.0        1.0
              DFN1    32      1.0       32.0
            DFN1C1    22      1.0       22.0
            DFN1E0    36      1.0       36.0
          DFN1E0C1     8      1.0        8.0
          DFN1E0P1    21      1.0       21.0
            DFN1E1    16      1.0       16.0
          DFN1E1C1   149      1.0      149.0
          DFN1E1P1     2      1.0        2.0
            DFN1P1     3      1.0        3.0
          FIFO4K18     2      0.0        0.0
                   -----          ----------
             TOTAL   674               656.0


  IO Cell usage:
              cell count
            CLKBUF     2
             INBUF     1
            OUTBUF     6
                   -----
             TOTAL     9


Core Cells         : 656 of 6144 (11%)
IO Cells           : 9

  RAM/ROM Usage Summary
Block Rams : 2 of 8 (25%)

