ERROR: Change the Desired Frequency or adjust the PLLOUT Tolerance %
ERROR: Value 0.48 is out of range [0.0, 0.0].
WARNING: missing testbench HDL files.
WARNING: missing driver HDL files.
Writing C:\Users\david\Desktop\WiFi Headstage\WiFiHeadstage V2\FPGA\FPGA_Intan_Driver\CLK_48MHz\rtl\CLK_48MHz_bb.v 
Writing C:\Users\david\Desktop\WiFi Headstage\WiFiHeadstage V2\FPGA\FPGA_Intan_Driver\CLK_48MHz\CLK_48MHz.cfg 
Writing C:\Users\david\Desktop\WiFi Headstage\WiFiHeadstage V2\FPGA\FPGA_Intan_Driver\CLK_48MHz\misc\CLK_48MHz_tmpl.v 
Writing C:\Users\david\Desktop\WiFi Headstage\WiFiHeadstage V2\FPGA\FPGA_Intan_Driver\CLK_48MHz\misc\CLK_48MHz_tmpl.vhd 
Writing C:\Users\david\Desktop\WiFi Headstage\WiFiHeadstage V2\FPGA\FPGA_Intan_Driver\CLK_48MHz\rtl\CLK_48MHz.v 
Warning: No directory "ldc" in IP module(C:/lscc/radiant/2023.2/ip/iCE40UP/pll)
Writing C:\Users\david\Desktop\WiFi Headstage\WiFiHeadstage V2\FPGA\FPGA_Intan_Driver\CLK_48MHz\design.xml 
Writing C:\Users\david\Desktop\WiFi Headstage\WiFiHeadstage V2\FPGA\FPGA_Intan_Driver\CLK_48MHz\component.xml 
Writing C:\Users\david\Desktop\WiFi Headstage\WiFiHeadstage V2\FPGA\FPGA_Intan_Driver\CLK_48MHz\CLK_48MHz.ipx 
WARNING: missing testbench HDL files.
WARNING: missing driver HDL files.
Writing C:\Users\david\Desktop\WiFi Headstage\WiFiHeadstage V2\FPGA\FPGA_Intan_Driver\CLK_48MHz\rtl\CLK_48MHz_bb.v 
Writing C:\Users\david\Desktop\WiFi Headstage\WiFiHeadstage V2\FPGA\FPGA_Intan_Driver\CLK_48MHz\CLK_48MHz.cfg 
Writing C:\Users\david\Desktop\WiFi Headstage\WiFiHeadstage V2\FPGA\FPGA_Intan_Driver\CLK_48MHz\misc\CLK_48MHz_tmpl.v 
Writing C:\Users\david\Desktop\WiFi Headstage\WiFiHeadstage V2\FPGA\FPGA_Intan_Driver\CLK_48MHz\misc\CLK_48MHz_tmpl.vhd 
Writing C:\Users\david\Desktop\WiFi Headstage\WiFiHeadstage V2\FPGA\FPGA_Intan_Driver\CLK_48MHz\rtl\CLK_48MHz.v 
Warning: No directory "ldc" in IP module(C:/lscc/radiant/2023.2/ip/iCE40UP/pll)
Writing C:\Users\david\Desktop\WiFi Headstage\WiFiHeadstage V2\FPGA\FPGA_Intan_Driver\CLK_48MHz\design.xml 
Writing C:\Users\david\Desktop\WiFi Headstage\WiFiHeadstage V2\FPGA\FPGA_Intan_Driver\CLK_48MHz\component.xml 
Writing C:\Users\david\Desktop\WiFi Headstage\WiFiHeadstage V2\FPGA\FPGA_Intan_Driver\CLK_48MHz\CLK_48MHz.ipx 
WARNING: missing testbench HDL files.
WARNING: missing driver HDL files.
Writing C:\Users\david\Desktop\WiFi Headstage\WiFiHeadstage V2\FPGA\FPGA_Intan_Driver\CLK_48MHz\rtl\CLK_48MHz_bb.v 
Writing C:\Users\david\Desktop\WiFi Headstage\WiFiHeadstage V2\FPGA\FPGA_Intan_Driver\CLK_48MHz\CLK_48MHz.cfg 
Writing C:\Users\david\Desktop\WiFi Headstage\WiFiHeadstage V2\FPGA\FPGA_Intan_Driver\CLK_48MHz\misc\CLK_48MHz_tmpl.v 
Writing C:\Users\david\Desktop\WiFi Headstage\WiFiHeadstage V2\FPGA\FPGA_Intan_Driver\CLK_48MHz\misc\CLK_48MHz_tmpl.vhd 
Writing C:\Users\david\Desktop\WiFi Headstage\WiFiHeadstage V2\FPGA\FPGA_Intan_Driver\CLK_48MHz\rtl\CLK_48MHz.v 
Warning: No directory "ldc" in IP module(C:/lscc/radiant/2023.2/ip/iCE40UP/pll)
Writing C:\Users\david\Desktop\WiFi Headstage\WiFiHeadstage V2\FPGA\FPGA_Intan_Driver\CLK_48MHz\design.xml 
Writing C:\Users\david\Desktop\WiFi Headstage\WiFiHeadstage V2\FPGA\FPGA_Intan_Driver\CLK_48MHz\component.xml 
Writing C:\Users\david\Desktop\WiFi Headstage\WiFiHeadstage V2\FPGA\FPGA_Intan_Driver\CLK_48MHz\CLK_48MHz.ipx 
WARNING: missing testbench HDL files.
WARNING: missing driver HDL files.
Writing C:\Users\david\Desktop\WiFi Headstage\WiFiHeadstage V2\FPGA\FPGA_Intan_Driver\CLK_48MHz\rtl\CLK_48MHz_bb.v 
Writing C:\Users\david\Desktop\WiFi Headstage\WiFiHeadstage V2\FPGA\FPGA_Intan_Driver\CLK_48MHz\CLK_48MHz.cfg 
Writing C:\Users\david\Desktop\WiFi Headstage\WiFiHeadstage V2\FPGA\FPGA_Intan_Driver\CLK_48MHz\misc\CLK_48MHz_tmpl.v 
Writing C:\Users\david\Desktop\WiFi Headstage\WiFiHeadstage V2\FPGA\FPGA_Intan_Driver\CLK_48MHz\misc\CLK_48MHz_tmpl.vhd 
Writing C:\Users\david\Desktop\WiFi Headstage\WiFiHeadstage V2\FPGA\FPGA_Intan_Driver\CLK_48MHz\rtl\CLK_48MHz.v 
Warning: No directory "ldc" in IP module(C:/lscc/radiant/2023.2/ip/iCE40UP/pll)
Writing C:\Users\david\Desktop\WiFi Headstage\WiFiHeadstage V2\FPGA\FPGA_Intan_Driver\CLK_48MHz\design.xml 
Writing C:\Users\david\Desktop\WiFi Headstage\WiFiHeadstage V2\FPGA\FPGA_Intan_Driver\CLK_48MHz\component.xml 
Writing C:\Users\david\Desktop\WiFi Headstage\WiFiHeadstage V2\FPGA\FPGA_Intan_Driver\CLK_48MHz\CLK_48MHz.ipx 
WARNING: missing testbench HDL files.
WARNING: missing driver HDL files.
Writing C:\Users\david\Desktop\WiFi Headstage\WiFiHeadstage V2\FPGA\FPGA_Intan_Driver\CLK_48MHz\rtl\CLK_48MHz_bb.v 
Writing C:\Users\david\Desktop\WiFi Headstage\WiFiHeadstage V2\FPGA\FPGA_Intan_Driver\CLK_48MHz\CLK_48MHz.cfg 
Writing C:\Users\david\Desktop\WiFi Headstage\WiFiHeadstage V2\FPGA\FPGA_Intan_Driver\CLK_48MHz\misc\CLK_48MHz_tmpl.v 
Writing C:\Users\david\Desktop\WiFi Headstage\WiFiHeadstage V2\FPGA\FPGA_Intan_Driver\CLK_48MHz\misc\CLK_48MHz_tmpl.vhd 
Writing C:\Users\david\Desktop\WiFi Headstage\WiFiHeadstage V2\FPGA\FPGA_Intan_Driver\CLK_48MHz\rtl\CLK_48MHz.v 
Warning: No directory "ldc" in IP module(C:/lscc/radiant/2023.2/ip/iCE40UP/pll)
Writing C:\Users\david\Desktop\WiFi Headstage\WiFiHeadstage V2\FPGA\FPGA_Intan_Driver\CLK_48MHz\design.xml 
Writing C:\Users\david\Desktop\WiFi Headstage\WiFiHeadstage V2\FPGA\FPGA_Intan_Driver\CLK_48MHz\component.xml 
Writing C:\Users\david\Desktop\WiFi Headstage\WiFiHeadstage V2\FPGA\FPGA_Intan_Driver\CLK_48MHz\CLK_48MHz.ipx 
WARNING: missing testbench HDL files.
WARNING: missing driver HDL files.
Writing C:\Users\david\Desktop\WiFi Headstage\WiFiHeadstage V2\FPGA\FPGA_Intan_Driver\CLK_48MHz\rtl\CLK_48MHz_bb.v 
Writing C:\Users\david\Desktop\WiFi Headstage\WiFiHeadstage V2\FPGA\FPGA_Intan_Driver\CLK_48MHz\CLK_48MHz.cfg 
Writing C:\Users\david\Desktop\WiFi Headstage\WiFiHeadstage V2\FPGA\FPGA_Intan_Driver\CLK_48MHz\misc\CLK_48MHz_tmpl.v 
Writing C:\Users\david\Desktop\WiFi Headstage\WiFiHeadstage V2\FPGA\FPGA_Intan_Driver\CLK_48MHz\misc\CLK_48MHz_tmpl.vhd 
Writing C:\Users\david\Desktop\WiFi Headstage\WiFiHeadstage V2\FPGA\FPGA_Intan_Driver\CLK_48MHz\rtl\CLK_48MHz.v 
Warning: No directory "ldc" in IP module(C:/lscc/radiant/2023.2/ip/iCE40UP/pll)
Writing C:\Users\david\Desktop\WiFi Headstage\WiFiHeadstage V2\FPGA\FPGA_Intan_Driver\CLK_48MHz\design.xml 
Writing C:\Users\david\Desktop\WiFi Headstage\WiFiHeadstage V2\FPGA\FPGA_Intan_Driver\CLK_48MHz\component.xml 
Writing C:\Users\david\Desktop\WiFi Headstage\WiFiHeadstage V2\FPGA\FPGA_Intan_Driver\CLK_48MHz\CLK_48MHz.ipx 
WARNING: missing testbench HDL files.
WARNING: missing driver HDL files.
Writing C:\Users\david\Desktop\WiFi Headstage\WiFiHeadstage V2\FPGA\FPGA_Intan_Driver\CLK_48MHz\rtl\CLK_48MHz_bb.v 
Writing C:\Users\david\Desktop\WiFi Headstage\WiFiHeadstage V2\FPGA\FPGA_Intan_Driver\CLK_48MHz\CLK_48MHz.cfg 
Writing C:\Users\david\Desktop\WiFi Headstage\WiFiHeadstage V2\FPGA\FPGA_Intan_Driver\CLK_48MHz\misc\CLK_48MHz_tmpl.v 
Writing C:\Users\david\Desktop\WiFi Headstage\WiFiHeadstage V2\FPGA\FPGA_Intan_Driver\CLK_48MHz\misc\CLK_48MHz_tmpl.vhd 
Writing C:\Users\david\Desktop\WiFi Headstage\WiFiHeadstage V2\FPGA\FPGA_Intan_Driver\CLK_48MHz\rtl\CLK_48MHz.v 
Warning: No directory "ldc" in IP module(C:/lscc/radiant/2023.2/ip/iCE40UP/pll)
Writing C:\Users\david\Desktop\WiFi Headstage\WiFiHeadstage V2\FPGA\FPGA_Intan_Driver\CLK_48MHz\design.xml 
Writing C:\Users\david\Desktop\WiFi Headstage\WiFiHeadstage V2\FPGA\FPGA_Intan_Driver\CLK_48MHz\component.xml 
Writing C:\Users\david\Desktop\WiFi Headstage\WiFiHeadstage V2\FPGA\FPGA_Intan_Driver\CLK_48MHz\CLK_48MHz.ipx 
WARNING: missing testbench HDL files.
WARNING: missing driver HDL files.
Writing C:\Users\david\Desktop\WiFi Headstage\WiFiHeadstage V2\FPGA\FPGA_Intan_Driver\CLK_48MHz\rtl\CLK_48MHz_bb.v 
Writing C:\Users\david\Desktop\WiFi Headstage\WiFiHeadstage V2\FPGA\FPGA_Intan_Driver\CLK_48MHz\CLK_48MHz.cfg 
Writing C:\Users\david\Desktop\WiFi Headstage\WiFiHeadstage V2\FPGA\FPGA_Intan_Driver\CLK_48MHz\misc\CLK_48MHz_tmpl.v 
Writing C:\Users\david\Desktop\WiFi Headstage\WiFiHeadstage V2\FPGA\FPGA_Intan_Driver\CLK_48MHz\misc\CLK_48MHz_tmpl.vhd 
Writing C:\Users\david\Desktop\WiFi Headstage\WiFiHeadstage V2\FPGA\FPGA_Intan_Driver\CLK_48MHz\rtl\CLK_48MHz.v 
Warning: No directory "ldc" in IP module(C:/lscc/radiant/2023.2/ip/iCE40UP/pll)
Writing C:\Users\david\Desktop\WiFi Headstage\WiFiHeadstage V2\FPGA\FPGA_Intan_Driver\CLK_48MHz\design.xml 
Writing C:\Users\david\Desktop\WiFi Headstage\WiFiHeadstage V2\FPGA\FPGA_Intan_Driver\CLK_48MHz\component.xml 
Writing C:\Users\david\Desktop\WiFi Headstage\WiFiHeadstage V2\FPGA\FPGA_Intan_Driver\CLK_48MHz\CLK_48MHz.ipx 
WARNING: missing testbench HDL files.
WARNING: missing driver HDL files.
Writing C:\Users\david\Desktop\WiFi Headstage\WiFiHeadstage V2\FPGA\FPGA_Intan_Driver\CLK_48MHz\rtl\CLK_48MHz_bb.v 
Writing C:\Users\david\Desktop\WiFi Headstage\WiFiHeadstage V2\FPGA\FPGA_Intan_Driver\CLK_48MHz\CLK_48MHz.cfg 
Writing C:\Users\david\Desktop\WiFi Headstage\WiFiHeadstage V2\FPGA\FPGA_Intan_Driver\CLK_48MHz\misc\CLK_48MHz_tmpl.v 
Writing C:\Users\david\Desktop\WiFi Headstage\WiFiHeadstage V2\FPGA\FPGA_Intan_Driver\CLK_48MHz\misc\CLK_48MHz_tmpl.vhd 
Writing C:\Users\david\Desktop\WiFi Headstage\WiFiHeadstage V2\FPGA\FPGA_Intan_Driver\CLK_48MHz\rtl\CLK_48MHz.v 
Warning: No directory "ldc" in IP module(C:/lscc/radiant/2023.2/ip/iCE40UP/pll)
Writing C:\Users\david\Desktop\WiFi Headstage\WiFiHeadstage V2\FPGA\FPGA_Intan_Driver\CLK_48MHz\design.xml 
Writing C:\Users\david\Desktop\WiFi Headstage\WiFiHeadstage V2\FPGA\FPGA_Intan_Driver\CLK_48MHz\component.xml 
Writing C:\Users\david\Desktop\WiFi Headstage\WiFiHeadstage V2\FPGA\FPGA_Intan_Driver\CLK_48MHz\CLK_48MHz.ipx 
ERROR: Change the Desired Frequency or adjust the PLLOUT Tolerance %
ERROR: Value 0.54 is out of range [0.0, 0.0].
ERROR: Change the Desired Frequency or adjust the PLLOUT Tolerance %
ERROR: Value 0.57 is out of range [0.0, 0.0].
WARNING: missing testbench HDL files.
WARNING: missing driver HDL files.
Writing C:\Users\david\Desktop\WiFi Headstage\WiFiHeadstage V2\FPGA\FPGA_Intan_Driver\CLK_48MHz\rtl\CLK_48MHz_bb.v 
Writing C:\Users\david\Desktop\WiFi Headstage\WiFiHeadstage V2\FPGA\FPGA_Intan_Driver\CLK_48MHz\CLK_48MHz.cfg 
Writing C:\Users\david\Desktop\WiFi Headstage\WiFiHeadstage V2\FPGA\FPGA_Intan_Driver\CLK_48MHz\misc\CLK_48MHz_tmpl.v 
Writing C:\Users\david\Desktop\WiFi Headstage\WiFiHeadstage V2\FPGA\FPGA_Intan_Driver\CLK_48MHz\misc\CLK_48MHz_tmpl.vhd 
Writing C:\Users\david\Desktop\WiFi Headstage\WiFiHeadstage V2\FPGA\FPGA_Intan_Driver\CLK_48MHz\rtl\CLK_48MHz.v 
Warning: No directory "ldc" in IP module(C:/lscc/radiant/2023.2/ip/iCE40UP/pll)
Writing C:\Users\david\Desktop\WiFi Headstage\WiFiHeadstage V2\FPGA\FPGA_Intan_Driver\CLK_48MHz\design.xml 
Writing C:\Users\david\Desktop\WiFi Headstage\WiFiHeadstage V2\FPGA\FPGA_Intan_Driver\CLK_48MHz\component.xml 
Writing C:\Users\david\Desktop\WiFi Headstage\WiFiHeadstage V2\FPGA\FPGA_Intan_Driver\CLK_48MHz\CLK_48MHz.ipx 
WARNING: missing testbench HDL files.
WARNING: missing driver HDL files.
Writing C:\Users\david\Desktop\WiFi Headstage\WiFiHeadstage V2\FPGA\FPGA_Intan_Driver\CLK_48MHz\rtl\CLK_48MHz_bb.v 
Writing C:\Users\david\Desktop\WiFi Headstage\WiFiHeadstage V2\FPGA\FPGA_Intan_Driver\CLK_48MHz\CLK_48MHz.cfg 
Writing C:\Users\david\Desktop\WiFi Headstage\WiFiHeadstage V2\FPGA\FPGA_Intan_Driver\CLK_48MHz\misc\CLK_48MHz_tmpl.v 
Writing C:\Users\david\Desktop\WiFi Headstage\WiFiHeadstage V2\FPGA\FPGA_Intan_Driver\CLK_48MHz\misc\CLK_48MHz_tmpl.vhd 
Writing C:\Users\david\Desktop\WiFi Headstage\WiFiHeadstage V2\FPGA\FPGA_Intan_Driver\CLK_48MHz\rtl\CLK_48MHz.v 
Warning: No directory "ldc" in IP module(C:/lscc/radiant/2023.2/ip/iCE40UP/pll)
Writing C:\Users\david\Desktop\WiFi Headstage\WiFiHeadstage V2\FPGA\FPGA_Intan_Driver\CLK_48MHz\design.xml 
Writing C:\Users\david\Desktop\WiFi Headstage\WiFiHeadstage V2\FPGA\FPGA_Intan_Driver\CLK_48MHz\component.xml 
Writing C:\Users\david\Desktop\WiFi Headstage\WiFiHeadstage V2\FPGA\FPGA_Intan_Driver\CLK_48MHz\CLK_48MHz.ipx 
ERROR: Change the Desired Frequency or adjust the PLLOUT Tolerance %
ERROR: Value 0.4 is out of range [0.0, 0.0].
ERROR: Change the Desired Frequency or adjust the PLLOUT Tolerance %
ERROR: Value 0.48 is out of range [0.0, 0.0].
WARNING: missing testbench HDL files.
WARNING: missing driver HDL files.
Writing C:\Users\david\Desktop\WiFi Headstage\WiFiHeadstage V2\FPGA\FPGA_Intan_Driver\CLK_48MHz\rtl\CLK_48MHz_bb.v 
Writing C:\Users\david\Desktop\WiFi Headstage\WiFiHeadstage V2\FPGA\FPGA_Intan_Driver\CLK_48MHz\CLK_48MHz.cfg 
Writing C:\Users\david\Desktop\WiFi Headstage\WiFiHeadstage V2\FPGA\FPGA_Intan_Driver\CLK_48MHz\misc\CLK_48MHz_tmpl.v 
Writing C:\Users\david\Desktop\WiFi Headstage\WiFiHeadstage V2\FPGA\FPGA_Intan_Driver\CLK_48MHz\misc\CLK_48MHz_tmpl.vhd 
Writing C:\Users\david\Desktop\WiFi Headstage\WiFiHeadstage V2\FPGA\FPGA_Intan_Driver\CLK_48MHz\rtl\CLK_48MHz.v 
Warning: No directory "ldc" in IP module(C:/lscc/radiant/2023.2/ip/iCE40UP/pll)
Writing C:\Users\david\Desktop\WiFi Headstage\WiFiHeadstage V2\FPGA\FPGA_Intan_Driver\CLK_48MHz\design.xml 
Writing C:\Users\david\Desktop\WiFi Headstage\WiFiHeadstage V2\FPGA\FPGA_Intan_Driver\CLK_48MHz\component.xml 
Writing C:\Users\david\Desktop\WiFi Headstage\WiFiHeadstage V2\FPGA\FPGA_Intan_Driver\CLK_48MHz\CLK_48MHz.ipx 
ERROR: Change the Desired Frequency or adjust the PLLOUT Tolerance %
ERROR: Value 0.54 is out of range [0.0, 0.0].
ERROR: Change the Desired Frequency or adjust the PLLOUT Tolerance %
ERROR: Value 0.57 is out of range [0.0, 0.0].
WARNING: missing testbench HDL files.
WARNING: missing driver HDL files.
Writing C:\Users\david\Desktop\WiFi Headstage\WiFiHeadstage V2\FPGA\FPGA_Intan_Driver\CLK_48MHz\rtl\CLK_48MHz_bb.v 
Writing C:\Users\david\Desktop\WiFi Headstage\WiFiHeadstage V2\FPGA\FPGA_Intan_Driver\CLK_48MHz\CLK_48MHz.cfg 
Writing C:\Users\david\Desktop\WiFi Headstage\WiFiHeadstage V2\FPGA\FPGA_Intan_Driver\CLK_48MHz\misc\CLK_48MHz_tmpl.v 
Writing C:\Users\david\Desktop\WiFi Headstage\WiFiHeadstage V2\FPGA\FPGA_Intan_Driver\CLK_48MHz\misc\CLK_48MHz_tmpl.vhd 
Writing C:\Users\david\Desktop\WiFi Headstage\WiFiHeadstage V2\FPGA\FPGA_Intan_Driver\CLK_48MHz\rtl\CLK_48MHz.v 
Warning: No directory "ldc" in IP module(C:/lscc/radiant/2023.2/ip/iCE40UP/pll)
Writing C:\Users\david\Desktop\WiFi Headstage\WiFiHeadstage V2\FPGA\FPGA_Intan_Driver\CLK_48MHz\design.xml 
Writing C:\Users\david\Desktop\WiFi Headstage\WiFiHeadstage V2\FPGA\FPGA_Intan_Driver\CLK_48MHz\component.xml 
Writing C:\Users\david\Desktop\WiFi Headstage\WiFiHeadstage V2\FPGA\FPGA_Intan_Driver\CLK_48MHz\CLK_48MHz.ipx 
WARNING: missing testbench HDL files.
WARNING: missing driver HDL files.
Writing C:\Users\david\Desktop\WiFi Headstage\WiFiHeadstage V2\FPGA\FPGA_Intan_Driver\CLK_48MHz\rtl\CLK_48MHz_bb.v 
Writing C:\Users\david\Desktop\WiFi Headstage\WiFiHeadstage V2\FPGA\FPGA_Intan_Driver\CLK_48MHz\CLK_48MHz.cfg 
Writing C:\Users\david\Desktop\WiFi Headstage\WiFiHeadstage V2\FPGA\FPGA_Intan_Driver\CLK_48MHz\misc\CLK_48MHz_tmpl.v 
Writing C:\Users\david\Desktop\WiFi Headstage\WiFiHeadstage V2\FPGA\FPGA_Intan_Driver\CLK_48MHz\misc\CLK_48MHz_tmpl.vhd 
Writing C:\Users\david\Desktop\WiFi Headstage\WiFiHeadstage V2\FPGA\FPGA_Intan_Driver\CLK_48MHz\rtl\CLK_48MHz.v 
Warning: No directory "ldc" in IP module(C:/lscc/radiant/2023.2/ip/iCE40UP/pll)
Writing C:\Users\david\Desktop\WiFi Headstage\WiFiHeadstage V2\FPGA\FPGA_Intan_Driver\CLK_48MHz\design.xml 
Writing C:\Users\david\Desktop\WiFi Headstage\WiFiHeadstage V2\FPGA\FPGA_Intan_Driver\CLK_48MHz\component.xml 
Writing C:\Users\david\Desktop\WiFi Headstage\WiFiHeadstage V2\FPGA\FPGA_Intan_Driver\CLK_48MHz\CLK_48MHz.ipx 
ERROR: Change the Desired Frequency or adjust the PLLOUT Tolerance %
ERROR: Value 0.45 is out of range [0.0, 0.0].
WARNING: missing testbench HDL files.
WARNING: missing driver HDL files.
Writing C:\Users\david\Desktop\WiFi Headstage\WiFiHeadstage V2\FPGA\FPGA_Intan_Driver\CLK_48MHz\rtl\CLK_48MHz_bb.v 
Writing C:\Users\david\Desktop\WiFi Headstage\WiFiHeadstage V2\FPGA\FPGA_Intan_Driver\CLK_48MHz\CLK_48MHz.cfg 
Writing C:\Users\david\Desktop\WiFi Headstage\WiFiHeadstage V2\FPGA\FPGA_Intan_Driver\CLK_48MHz\misc\CLK_48MHz_tmpl.v 
Writing C:\Users\david\Desktop\WiFi Headstage\WiFiHeadstage V2\FPGA\FPGA_Intan_Driver\CLK_48MHz\misc\CLK_48MHz_tmpl.vhd 