The -top option is not used.
Synthesis options:
The -a option is iCE40UP.
The -t option is SG48.
The -sp option is High-Performance_1.2V.
The -p option is iCE40UP5K.
                                                          


##########################################################


### Lattice Family     : iCE40UP


### Device             : iCE40UP5K


### Package            : SG48


### Performance Grade  : High-Performance_1.2V


                                                         


INFO <35001786> - synthesis: User-Selected Strategy Settings
Optimization goal = Area
Target frequency = 200.000000 MHz.
Maximum fanout = 1000.
Timing path count = 3 (default)
RWCheckOnRam = 0

BRAM utilization = 100.000000 %
DSP usage = true
DSP utilization = 100.000000 %
fsm_encoding_style = auto
resolve_mixed_drivers = 0
fix_gated_clocks = 1


Mux style = auto (Default)
Use Carry Chain = true
carry_chain_length = 0
Loop Limit = 1950.
Use IO Insertion = TRUE
Use IO Reg = AUTO

Resource Sharing = TRUE
Propagate Constants = TRUE
Remove Duplicate Registers = TRUE
Output HDL file name = Passthrough_impl_1.vm.
ROM style = auto
RAM style = auto
The -comp option is FALSE.
The -syn option is FALSE.
-path C:/Users/david/Desktop/WiFi Headstage/WiFiHeadstage V2/FPGA/Passthrough (searchpath added)
-path C:/Users/david/Desktop/WiFi Headstage/WiFiHeadstage V2/FPGA/Passthrough/impl_1 (searchpath added)
-path C:/lscc/radiant/2023.2/ispfpga/ice40tp/data (searchpath added)
Mixed language design
CRITICAL <35001476> - synthesis: A top-level module has not been specified for the mixed language design.
Verilog design file = C:/lscc/radiant/2023.2/ip/pmi/pmi_iCE40UP.v
VHDL library = pmi
VHDL design file = C:/lscc/radiant/2023.2/ip/pmi/pmi_iCE40UP.vhd
VHDL library = work
VHDL design file = C:/Users/david/Desktop/WiFi Headstage/WiFiHeadstage V2/FPGA/Passthrough/source/impl_1/Passthrough.vhd
The -r option is OFF. [ Remove LOC Properties is OFF. ]
WARNING <35935050> - synthesis: input port TRIM9 is not connected on this instance. VDB-5050
WARNING <35935050> - synthesis: input port TRIM8 is not connected on this instance. VDB-5050
WARNING <35935050> - synthesis: input port TRIM7 is not connected on this instance. VDB-5050
WARNING <35935050> - synthesis: input port TRIM6 is not connected on this instance. VDB-5050
WARNING <35935050> - synthesis: input port TRIM5 is not connected on this instance. VDB-5050
WARNING <35935050> - synthesis: input port TRIM4 is not connected on this instance. VDB-5050
WARNING <35935050> - synthesis: input port TRIM3 is not connected on this instance. VDB-5050
WARNING <35935050> - synthesis: input port TRIM2 is not connected on this instance. VDB-5050
WARNING <35935050> - synthesis: input port TRIM1 is not connected on this instance. VDB-5050
WARNING <35935050> - synthesis: input port TRIM0 is not connected on this instance. VDB-5050
WARNING <35935050> - synthesis: input port I is not connected on this instance. VDB-5050
Compile design.
Compile Design Begin
Analyzing Verilog file c:/lscc/radiant/2023.2/ip/pmi/pmi_ice40up.v. VERI-1482
INFO <35901328> - synthesis: c:/lscc/radiant/2023.2/ip/pmi/pmi_ice40up.v(1): analyzing included file c:/lscc/radiant/2023.2/ip/pmi/pmi_addsub.v. VERI-1328
INFO <35901328> - synthesis: c:/lscc/radiant/2023.2/ip/pmi/pmi_addsub.v(40): analyzing included file c:/lscc/radiant/2023.2/ip/pmi/../common/adder_subtractor/rtl/lscc_add_sub.v. VERI-1328
INFO <35901328> - synthesis: c:/lscc/radiant/2023.2/ip/pmi/pmi_ice40up.v(2): analyzing included file c:/lscc/radiant/2023.2/ip/pmi/pmi_add.v. VERI-1328
INFO <35901328> - synthesis: c:/lscc/radiant/2023.2/ip/pmi/pmi_add.v(50): analyzing included file c:/lscc/radiant/2023.2/ip/pmi/../common/adder/rtl/lscc_adder.v. VERI-1328
INFO <35901328> - synthesis: c:/lscc/radiant/2023.2/ip/pmi/pmi_ice40up.v(3): analyzing included file c:/lscc/radiant/2023.2/ip/pmi/pmi_complex_mult.v. VERI-1328
INFO <35901328> - synthesis: c:/lscc/radiant/2023.2/ip/pmi/pmi_complex_mult.v(52): analyzing included file c:/lscc/radiant/2023.2/ip/pmi/../common/complex_mult/rtl/lscc_complex_mult.v. VERI-1328
INFO <35901328> - synthesis: c:/lscc/radiant/2023.2/ip/pmi/pmi_ice40up.v(4): analyzing included file c:/lscc/radiant/2023.2/ip/pmi/pmi_counter.v. VERI-1328
INFO <35901328> - synthesis: c:/lscc/radiant/2023.2/ip/pmi/pmi_counter.v(39): analyzing included file c:/lscc/radiant/2023.2/ip/pmi/../common/counter/rtl/lscc_cntr.v. VERI-1328
INFO <35901328> - synthesis: c:/lscc/radiant/2023.2/ip/pmi/pmi_ice40up.v(5): analyzing included file c:/lscc/radiant/2023.2/ip/pmi/pmi_fifo.v. VERI-1328
INFO <35901328> - synthesis: c:/lscc/radiant/2023.2/ip/pmi/pmi_fifo.v(44): analyzing included file c:/lscc/radiant/2023.2/ip/pmi/../avant/fifo/rtl/lscc_fifo.v. VERI-1328
INFO <35901328> - synthesis: c:/lscc/radiant/2023.2/ip/pmi/pmi_ice40up.v(6): analyzing included file c:/lscc/radiant/2023.2/ip/pmi/pmi_fifo_dc.v. VERI-1328
INFO <35901328> - synthesis: c:/lscc/radiant/2023.2/ip/pmi/pmi_fifo_dc.v(47): analyzing included file c:/lscc/radiant/2023.2/ip/pmi/../avant/fifo_dc/rtl/lscc_fifo_dc.v. VERI-1328
INFO <35901328> - synthesis: c:/lscc/radiant/2023.2/ip/pmi/pmi_ice40up.v(7): analyzing included file c:/lscc/radiant/2023.2/ip/pmi/pmi_mac.v. VERI-1328
INFO <35901328> - synthesis: c:/lscc/radiant/2023.2/ip/pmi/pmi_mac.v(52): analyzing included file c:/lscc/radiant/2023.2/ip/pmi/../common/mult_accumulate/rtl/lscc_mult_accumulate.v. VERI-1328
INFO <35901328> - synthesis: c:/lscc/radiant/2023.2/ip/pmi/pmi_ice40up.v(8): analyzing included file c:/lscc/radiant/2023.2/ip/pmi/pmi_multaddsubsum.v. VERI-1328
INFO <35901328> - synthesis: c:/lscc/radiant/2023.2/ip/pmi/pmi_multaddsubsum.v(53): analyzing included file c:/lscc/radiant/2023.2/ip/pmi/../common/mult_add_sub_sum/rtl/lscc_mult_add_sub_sum.v. VERI-1328
INFO <35901328> - synthesis: c:/lscc/radiant/2023.2/ip/pmi/pmi_ice40up.v(9): analyzing included file c:/lscc/radiant/2023.2/ip/pmi/pmi_multaddsub.v. VERI-1328
INFO <35901328> - synthesis: c:/lscc/radiant/2023.2/ip/pmi/pmi_multaddsub.v(52): analyzing included file c:/lscc/radiant/2023.2/ip/pmi/../common/mult_add_sub/rtl/lscc_mult_add_sub.v. VERI-1328
INFO <35901328> - synthesis: c:/lscc/radiant/2023.2/ip/pmi/pmi_ice40up.v(10): analyzing included file c:/lscc/radiant/2023.2/ip/pmi/pmi_mult.v. VERI-1328
INFO <35901328> - synthesis: c:/lscc/radiant/2023.2/ip/pmi/pmi_mult.v(51): analyzing included file c:/lscc/radiant/2023.2/ip/pmi/../common/multiplier/rtl/lscc_multiplier.v. VERI-1328
INFO <35901328> - synthesis: c:/lscc/radiant/2023.2/ip/pmi/pmi_ice40up.v(11): analyzing included file c:/lscc/radiant/2023.2/ip/pmi/pmi_ram_dp.v. VERI-1328
INFO <35901328> - synthesis: c:/lscc/radiant/2023.2/ip/pmi/pmi_ram_dp.v(48): analyzing included file c:/lscc/radiant/2023.2/ip/pmi/../avant/ram_dp/rtl/lscc_ram_dp.v. VERI-1328
INFO <35901328> - synthesis: c:/lscc/radiant/2023.2/ip/pmi/pmi_ice40up.v(12): analyzing included file c:/lscc/radiant/2023.2/ip/pmi/pmi_ram_dq.v. VERI-1328
INFO <35901328> - synthesis: c:/lscc/radiant/2023.2/ip/pmi/pmi_ram_dq.v(45): analyzing included file c:/lscc/radiant/2023.2/ip/pmi/../avant/ram_dq/rtl/lscc_ram_dq.v. VERI-1328
INFO <35901328> - synthesis: c:/lscc/radiant/2023.2/ip/pmi/pmi_ice40up.v(13): analyzing included file c:/lscc/radiant/2023.2/ip/pmi/pmi_rom.v. VERI-1328
INFO <35901328> - synthesis: c:/lscc/radiant/2023.2/ip/pmi/pmi_rom.v(45): analyzing included file c:/lscc/radiant/2023.2/ip/pmi/../avant/rom/rtl/lscc_rom.v. VERI-1328
INFO <35901328> - synthesis: c:/lscc/radiant/2023.2/ip/pmi/pmi_ice40up.v(14): analyzing included file c:/lscc/radiant/2023.2/ip/pmi/pmi_sub.v. VERI-1328
INFO <35901328> - synthesis: c:/lscc/radiant/2023.2/ip/pmi/pmi_sub.v(50): analyzing included file c:/lscc/radiant/2023.2/ip/pmi/../common/subtractor/rtl/lscc_subtractor.v. VERI-1328
INFO <35901328> - synthesis: c:/lscc/radiant/2023.2/ip/pmi/pmi_ice40up.v(15): analyzing included file c:/lscc/radiant/2023.2/ip/pmi/pmi_ram_dp_be.v. VERI-1328
INFO <35901328> - synthesis: c:/lscc/radiant/2023.2/ip/pmi/pmi_ram_dp_be.v(49): analyzing included file c:/lscc/radiant/2023.2/ip/pmi/../avant/ram_dp/rtl/lscc_ram_dp.v. VERI-1328
INFO <35901328> - synthesis: c:/lscc/radiant/2023.2/ip/pmi/pmi_ice40up.v(16): analyzing included file c:/lscc/radiant/2023.2/ip/pmi/pmi_ram_dq_be.v. VERI-1328
INFO <35901328> - synthesis: c:/lscc/radiant/2023.2/ip/pmi/pmi_ram_dq_be.v(45): analyzing included file c:/lscc/radiant/2023.2/ip/pmi/../avant/ram_dq/rtl/lscc_ram_dq.v. VERI-1328
INFO <35901328> - synthesis: c:/lscc/radiant/2023.2/ip/pmi/pmi_ice40up.v(17): analyzing included file c:/lscc/radiant/2023.2/ip/pmi/pmi_dsp.v. VERI-1328
Analyzing VHDL file c:/lscc/radiant/2023.2/ip/pmi/pmi_ice40up.vhd. VHDL-1481
Analyzing VHDL file c:/lscc/radiant/2023.2/ip/pmi/pmi_ice40up.vhd

INFO <35921014> - synthesis: c:/lscc/radiant/2023.2/ip/pmi/pmi_ice40up.vhd(4): analyzing package components. VHDL-1014
Analyzing VHDL file c:/users/david/desktop/wifi headstage/wifiheadstage v2/fpga/passthrough/source/impl_1/passthrough.vhd. VHDL-1481
Analyzing VHDL file c:/users/david/desktop/wifi headstage/wifiheadstage v2/fpga/passthrough/source/impl_1/passthrough.vhd

INFO <35921012> - synthesis: c:/users/david/desktop/wifi headstage/wifiheadstage v2/fpga/passthrough/source/impl_1/passthrough.vhd(6): analyzing entity controller_rhd64_config. VHDL-1012
INFO <35921010> - synthesis: c:/users/david/desktop/wifi headstage/wifiheadstage v2/fpga/passthrough/source/impl_1/passthrough.vhd(45): analyzing architecture behavioral. VHDL-1010
ERROR <35921033> - synthesis: c:/users/david/desktop/wifi headstage/wifiheadstage v2/fpga/passthrough/source/impl_1/passthrough.vhd(86): cannot read from 'out' object pll_clk  use 'buffer' or 'inout'. VHDL-1033
