-- Analyzing VHDL file 'C:/lscc/radiant/2023.2/ispfpga/vhdl_packages/standard.vhd' (VHDL-1481)
-- Analyzing VHDL file C:/lscc/radiant/2023.2/ispfpga/vhdl_packages/standard.vhd
-- Analyzing VHDL file 'C:/lscc/radiant/2023.2/ispfpga/vhdl_packages/std_1164.vhd' (VHDL-1481)
-- Analyzing VHDL file C:/lscc/radiant/2023.2/ispfpga/vhdl_packages/std_1164.vhd
-- Analyzing VHDL file 'C:/lscc/radiant/2023.2/ispfpga/vhdl_packages/mgc_qsim.vhd' (VHDL-1481)
-- Analyzing VHDL file C:/lscc/radiant/2023.2/ispfpga/vhdl_packages/mgc_qsim.vhd
-- Analyzing VHDL file 'C:/lscc/radiant/2023.2/ispfpga/vhdl_packages/numeric_bit.vhd' (VHDL-1481)
-- Analyzing VHDL file C:/lscc/radiant/2023.2/ispfpga/vhdl_packages/numeric_bit.vhd
-- Analyzing VHDL file 'C:/lscc/radiant/2023.2/ispfpga/vhdl_packages/numeric_std.vhd' (VHDL-1481)
-- Analyzing VHDL file C:/lscc/radiant/2023.2/ispfpga/vhdl_packages/numeric_std.vhd
-- Analyzing VHDL file 'C:/lscc/radiant/2023.2/ispfpga/vhdl_packages/textio.vhd' (VHDL-1481)
-- Analyzing VHDL file C:/lscc/radiant/2023.2/ispfpga/vhdl_packages/textio.vhd
-- Analyzing VHDL file 'C:/lscc/radiant/2023.2/ispfpga/vhdl_packages/std_logic_textio.vhd' (VHDL-1481)
-- Analyzing VHDL file C:/lscc/radiant/2023.2/ispfpga/vhdl_packages/std_logic_textio.vhd
-- Analyzing VHDL file 'C:/lscc/radiant/2023.2/ispfpga/vhdl_packages/syn_attr.vhd' (VHDL-1481)
-- Analyzing VHDL file C:/lscc/radiant/2023.2/ispfpga/vhdl_packages/syn_attr.vhd
-- Analyzing VHDL file 'C:/lscc/radiant/2023.2/ispfpga/vhdl_packages/syn_misc.vhd' (VHDL-1481)
-- Analyzing VHDL file C:/lscc/radiant/2023.2/ispfpga/vhdl_packages/syn_misc.vhd
-- Analyzing VHDL file 'C:/lscc/radiant/2023.2/ispfpga/vhdl_packages/math_real.vhd' (VHDL-1481)
-- Analyzing VHDL file 'C:/lscc/radiant/2023.2/ispfpga/vhdl_packages/mixed_lang_vltype.vhd' (VHDL-1481)
-- Analyzing VHDL file C:/lscc/radiant/2023.2/ispfpga/vhdl_packages/mixed_lang_vltype.vhd
-- Analyzing VHDL file 'C:/lscc/radiant/2023.2/ispfpga/vhdl_packages/syn_arit.vhd' (VHDL-1481)
-- Analyzing VHDL file C:/lscc/radiant/2023.2/ispfpga/vhdl_packages/syn_arit.vhd
-- Analyzing VHDL file 'C:/lscc/radiant/2023.2/ispfpga/vhdl_packages/syn_sign.vhd' (VHDL-1481)
-- Analyzing VHDL file C:/lscc/radiant/2023.2/ispfpga/vhdl_packages/syn_sign.vhd
-- Analyzing VHDL file 'C:/lscc/radiant/2023.2/ispfpga/vhdl_packages/syn_unsi.vhd' (VHDL-1481)
-- Analyzing VHDL file C:/lscc/radiant/2023.2/ispfpga/vhdl_packages/syn_unsi.vhd
-- Analyzing VHDL file 'C:/lscc/radiant/2023.2/ispfpga/vhdl_packages/synattr.vhd' (VHDL-1481)
-- Analyzing VHDL file C:/lscc/radiant/2023.2/ispfpga/vhdl_packages/synattr.vhd
-- Analyzing Verilog file 'C:/lscc/radiant/2023.2/cae_library/synthesis/verilog/iCE40UP.v' (VERI-1482)
-- Analyzing VHDL file 'C:/lscc/radiant/2023.2/cae_library/synthesis/vhdl/iCE40UP.vhd' (VHDL-1481)
-- Analyzing VHDL file C:/lscc/radiant/2023.2/cae_library/synthesis/vhdl/iCE40UP.vhd
-- Analyzing Verilog file 'C:/Users/david/Desktop/WiFi Headstage/WiFiHeadstage V2/FPGA/FPGA_Intan_Driver/PLL_SPI/rtl/PLL_SPI.v' (VERI-1482)
-- Analyzing Verilog file 'C:/Users/david/Desktop/WiFi Headstage/WiFiHeadstage V2/FPGA/FPGA_Intan_Driver/FIFO_MEM/rtl/FIFO_MEM.v' (VERI-1482)
-- Analyzing VHDL file 'C:/Users/david/Desktop/WiFi Headstage/WiFiHeadstage V2/FPGA/FPGA_Intan_Driver/source/impl_1/Controller_RHD_FIFO.vhd' (VHDL-1481)
-- Analyzing VHDL file C:/Users/david/Desktop/WiFi Headstage/WiFiHeadstage V2/FPGA/FPGA_Intan_Driver/source/impl_1/Controller_RHD_FIFO.vhd
-- Analyzing VHDL file 'C:/Users/david/Desktop/WiFi Headstage/WiFiHeadstage V2/FPGA/FPGA_Intan_Driver/source/impl_1/SPI_Master.vhd' (VHDL-1481)
-- Analyzing VHDL file C:/Users/david/Desktop/WiFi Headstage/WiFiHeadstage V2/FPGA/FPGA_Intan_Driver/source/impl_1/SPI_Master.vhd
-- Analyzing VHDL file 'C:/Users/david/Desktop/WiFi Headstage/WiFiHeadstage V2/FPGA/FPGA_Intan_Driver/source/impl_1/SPI_Master_CS.vhd' (VHDL-1481)
-- Analyzing VHDL file C:/Users/david/Desktop/WiFi Headstage/WiFiHeadstage V2/FPGA/FPGA_Intan_Driver/source/impl_1/SPI_Master_CS.vhd
-- Analyzing VHDL file 'C:/Users/david/Desktop/WiFi Headstage/WiFiHeadstage V2/FPGA/FPGA_Intan_Driver/source/impl_1/Controller_RHD_Sampling.vhd' (VHDL-1481)
-- Analyzing VHDL file C:/Users/david/Desktop/WiFi Headstage/WiFiHeadstage V2/FPGA/FPGA_Intan_Driver/source/impl_1/Controller_RHD_Sampling.vhd
-- Analyzing VHDL file 'C:/Users/david/Desktop/WiFi Headstage/WiFiHeadstage V2/FPGA/FPGA_Intan_Driver/source/impl_1/top_level.vhd' (VHDL-1481)
-- Analyzing VHDL file C:/Users/david/Desktop/WiFi Headstage/WiFiHeadstage V2/FPGA/FPGA_Intan_Driver/source/impl_1/top_level.vhd
-- Analyzing VHDL file 'C:/Users/david/Desktop/WiFi Headstage/WiFiHeadstage V2/FPGA/FPGA_Intan_Driver/source/impl_1/top_level_tb.vhd' (VHDL-1481)
-- Analyzing VHDL file C:/Users/david/Desktop/WiFi Headstage/WiFiHeadstage V2/FPGA/FPGA_Intan_Driver/source/impl_1/top_level_tb.vhd
-- Analyzing VHDL file 'C:/Users/david/Desktop/WiFi Headstage/WiFiHeadstage V2/FPGA/FPGA_Intan_Driver/source/impl_1/Controller_RHD_Sampling_tb.vhd' (VHDL-1481)
-- Analyzing VHDL file C:/Users/david/Desktop/WiFi Headstage/WiFiHeadstage V2/FPGA/FPGA_Intan_Driver/source/impl_1/Controller_RHD_Sampling_tb.vhd
-- Analyzing VHDL file 'C:/lscc/radiant/2023.2/ispfpga/vhdl_packages/standard.vhd' (VHDL-1481)
-- Analyzing VHDL file C:/lscc/radiant/2023.2/ispfpga/vhdl_packages/standard.vhd
-- Analyzing VHDL file 'C:/lscc/radiant/2023.2/ispfpga/vhdl_packages/std_1164.vhd' (VHDL-1481)
-- Analyzing VHDL file C:/lscc/radiant/2023.2/ispfpga/vhdl_packages/std_1164.vhd
-- Analyzing VHDL file 'C:/lscc/radiant/2023.2/ispfpga/vhdl_packages/mgc_qsim.vhd' (VHDL-1481)
-- Analyzing VHDL file C:/lscc/radiant/2023.2/ispfpga/vhdl_packages/mgc_qsim.vhd
-- Analyzing VHDL file 'C:/lscc/radiant/2023.2/ispfpga/vhdl_packages/numeric_bit.vhd' (VHDL-1481)
-- Analyzing VHDL file C:/lscc/radiant/2023.2/ispfpga/vhdl_packages/numeric_bit.vhd
-- Analyzing VHDL file 'C:/lscc/radiant/2023.2/ispfpga/vhdl_packages/numeric_std.vhd' (VHDL-1481)
-- Analyzing VHDL file C:/lscc/radiant/2023.2/ispfpga/vhdl_packages/numeric_std.vhd
-- Analyzing VHDL file 'C:/lscc/radiant/2023.2/ispfpga/vhdl_packages/textio.vhd' (VHDL-1481)
-- Analyzing VHDL file C:/lscc/radiant/2023.2/ispfpga/vhdl_packages/textio.vhd
-- Analyzing VHDL file 'C:/lscc/radiant/2023.2/ispfpga/vhdl_packages/std_logic_textio.vhd' (VHDL-1481)
-- Analyzing VHDL file C:/lscc/radiant/2023.2/ispfpga/vhdl_packages/std_logic_textio.vhd
-- Analyzing VHDL file 'C:/lscc/radiant/2023.2/ispfpga/vhdl_packages/syn_attr.vhd' (VHDL-1481)
-- Analyzing VHDL file C:/lscc/radiant/2023.2/ispfpga/vhdl_packages/syn_attr.vhd
-- Analyzing VHDL file 'C:/lscc/radiant/2023.2/ispfpga/vhdl_packages/syn_misc.vhd' (VHDL-1481)
-- Analyzing VHDL file C:/lscc/radiant/2023.2/ispfpga/vhdl_packages/syn_misc.vhd
-- Analyzing VHDL file 'C:/lscc/radiant/2023.2/ispfpga/vhdl_packages/math_real.vhd' (VHDL-1481)
-- Analyzing VHDL file 'C:/lscc/radiant/2023.2/ispfpga/vhdl_packages/mixed_lang_vltype.vhd' (VHDL-1481)
-- Analyzing VHDL file C:/lscc/radiant/2023.2/ispfpga/vhdl_packages/mixed_lang_vltype.vhd
-- Analyzing VHDL file 'C:/lscc/radiant/2023.2/ispfpga/vhdl_packages/syn_arit.vhd' (VHDL-1481)
-- Analyzing VHDL file C:/lscc/radiant/2023.2/ispfpga/vhdl_packages/syn_arit.vhd
-- Analyzing VHDL file 'C:/lscc/radiant/2023.2/ispfpga/vhdl_packages/syn_sign.vhd' (VHDL-1481)
-- Analyzing VHDL file C:/lscc/radiant/2023.2/ispfpga/vhdl_packages/syn_sign.vhd
-- Analyzing VHDL file 'C:/lscc/radiant/2023.2/ispfpga/vhdl_packages/syn_unsi.vhd' (VHDL-1481)
-- Analyzing VHDL file C:/lscc/radiant/2023.2/ispfpga/vhdl_packages/syn_unsi.vhd
-- Analyzing VHDL file 'C:/lscc/radiant/2023.2/ispfpga/vhdl_packages/synattr.vhd' (VHDL-1481)
-- Analyzing VHDL file C:/lscc/radiant/2023.2/ispfpga/vhdl_packages/synattr.vhd
-- Analyzing Verilog file 'C:/lscc/radiant/2023.2/cae_library/synthesis/verilog/iCE40UP.v' (VERI-1482)
-- Analyzing VHDL file 'C:/lscc/radiant/2023.2/cae_library/synthesis/vhdl/iCE40UP.vhd' (VHDL-1481)
-- Analyzing VHDL file C:/lscc/radiant/2023.2/cae_library/synthesis/vhdl/iCE40UP.vhd
-- Analyzing Verilog file 'C:/Users/david/Desktop/WiFi Headstage/WiFiHeadstage V2/FPGA/FPGA_Intan_Driver/PLL_SPI/rtl/PLL_SPI.v' (VERI-1482)
-- Analyzing Verilog file 'C:/Users/david/Desktop/WiFi Headstage/WiFiHeadstage V2/FPGA/FPGA_Intan_Driver/FIFO_MEM/rtl/FIFO_MEM.v' (VERI-1482)
-- Analyzing VHDL file 'C:/Users/david/Desktop/WiFi Headstage/WiFiHeadstage V2/FPGA/FPGA_Intan_Driver/source/impl_1/Controller_RHD_FIFO.vhd' (VHDL-1481)
-- Analyzing VHDL file C:/Users/david/Desktop/WiFi Headstage/WiFiHeadstage V2/FPGA/FPGA_Intan_Driver/source/impl_1/Controller_RHD_FIFO.vhd
-- Analyzing VHDL file 'C:/Users/david/Desktop/WiFi Headstage/WiFiHeadstage V2/FPGA/FPGA_Intan_Driver/source/impl_1/SPI_Master.vhd' (VHDL-1481)
-- Analyzing VHDL file C:/Users/david/Desktop/WiFi Headstage/WiFiHeadstage V2/FPGA/FPGA_Intan_Driver/source/impl_1/SPI_Master.vhd
-- Analyzing VHDL file 'C:/Users/david/Desktop/WiFi Headstage/WiFiHeadstage V2/FPGA/FPGA_Intan_Driver/source/impl_1/SPI_Master_CS.vhd' (VHDL-1481)
-- Analyzing VHDL file C:/Users/david/Desktop/WiFi Headstage/WiFiHeadstage V2/FPGA/FPGA_Intan_Driver/source/impl_1/SPI_Master_CS.vhd
-- Analyzing VHDL file 'C:/Users/david/Desktop/WiFi Headstage/WiFiHeadstage V2/FPGA/FPGA_Intan_Driver/source/impl_1/Controller_RHD_Sampling.vhd' (VHDL-1481)
-- Analyzing VHDL file C:/Users/david/Desktop/WiFi Headstage/WiFiHeadstage V2/FPGA/FPGA_Intan_Driver/source/impl_1/Controller_RHD_Sampling.vhd
-- Analyzing VHDL file 'C:/Users/david/Desktop/WiFi Headstage/WiFiHeadstage V2/FPGA/FPGA_Intan_Driver/source/impl_1/top_level.vhd' (VHDL-1481)
-- Analyzing VHDL file C:/Users/david/Desktop/WiFi Headstage/WiFiHeadstage V2/FPGA/FPGA_Intan_Driver/source/impl_1/top_level.vhd
-- Analyzing VHDL file 'C:/Users/david/Desktop/WiFi Headstage/WiFiHeadstage V2/FPGA/FPGA_Intan_Driver/source/impl_1/top_level_tb.vhd' (VHDL-1481)
-- Analyzing VHDL file C:/Users/david/Desktop/WiFi Headstage/WiFiHeadstage V2/FPGA/FPGA_Intan_Driver/source/impl_1/top_level_tb.vhd
C:/Users/david/Desktop/WiFi Headstage/WiFiHeadstage V2/FPGA/FPGA_Intan_Driver/source/impl_1/top_level_tb.vhd(66): ERROR: syntax error near 'o_Controller_Mode' (VHDL-1261)
C:/Users/david/Desktop/WiFi Headstage/WiFiHeadstage V2/FPGA/FPGA_Intan_Driver/source/impl_1/top_level_tb.vhd(67): ERROR: formal o_reset_counter is not declared (VHDL-1084)
C:/Users/david/Desktop/WiFi Headstage/WiFiHeadstage V2/FPGA/FPGA_Intan_Driver/source/impl_1/top_level_tb.vhd(82): ERROR: unit 'testbench' is ignored due to previous errors (VHDL-1284)
-- VHDL file 'C:/Users/david/Desktop/WiFi Headstage/WiFiHeadstage V2/FPGA/FPGA_Intan_Driver/source/impl_1/top_level_tb.vhd' is ignored due to errors (VHDL-1482)
-- Analyzing VHDL file 'C:/lscc/radiant/2023.2/ispfpga/vhdl_packages/standard.vhd' (VHDL-1481)
-- Analyzing VHDL file C:/lscc/radiant/2023.2/ispfpga/vhdl_packages/standard.vhd
-- Analyzing VHDL file 'C:/lscc/radiant/2023.2/ispfpga/vhdl_packages/std_1164.vhd' (VHDL-1481)
-- Analyzing VHDL file C:/lscc/radiant/2023.2/ispfpga/vhdl_packages/std_1164.vhd
-- Analyzing VHDL file 'C:/lscc/radiant/2023.2/ispfpga/vhdl_packages/mgc_qsim.vhd' (VHDL-1481)
-- Analyzing VHDL file C:/lscc/radiant/2023.2/ispfpga/vhdl_packages/mgc_qsim.vhd
-- Analyzing VHDL file 'C:/lscc/radiant/2023.2/ispfpga/vhdl_packages/numeric_bit.vhd' (VHDL-1481)
-- Analyzing VHDL file C:/lscc/radiant/2023.2/ispfpga/vhdl_packages/numeric_bit.vhd
-- Analyzing VHDL file 'C:/lscc/radiant/2023.2/ispfpga/vhdl_packages/numeric_std.vhd' (VHDL-1481)
-- Analyzing VHDL file C:/lscc/radiant/2023.2/ispfpga/vhdl_packages/numeric_std.vhd
-- Analyzing VHDL file 'C:/lscc/radiant/2023.2/ispfpga/vhdl_packages/textio.vhd' (VHDL-1481)
-- Analyzing VHDL file C:/lscc/radiant/2023.2/ispfpga/vhdl_packages/textio.vhd
-- Analyzing VHDL file 'C:/lscc/radiant/2023.2/ispfpga/vhdl_packages/std_logic_textio.vhd' (VHDL-1481)
-- Analyzing VHDL file C:/lscc/radiant/2023.2/ispfpga/vhdl_packages/std_logic_textio.vhd
-- Analyzing VHDL file 'C:/lscc/radiant/2023.2/ispfpga/vhdl_packages/syn_attr.vhd' (VHDL-1481)
-- Analyzing VHDL file C:/lscc/radiant/2023.2/ispfpga/vhdl_packages/syn_attr.vhd
-- Analyzing VHDL file 'C:/lscc/radiant/2023.2/ispfpga/vhdl_packages/syn_misc.vhd' (VHDL-1481)
-- Analyzing VHDL file C:/lscc/radiant/2023.2/ispfpga/vhdl_packages/syn_misc.vhd
-- Analyzing VHDL file 'C:/lscc/radiant/2023.2/ispfpga/vhdl_packages/math_real.vhd' (VHDL-1481)
-- Analyzing VHDL file 'C:/lscc/radiant/2023.2/ispfpga/vhdl_packages/mixed_lang_vltype.vhd' (VHDL-1481)
-- Analyzing VHDL file C:/lscc/radiant/2023.2/ispfpga/vhdl_packages/mixed_lang_vltype.vhd
-- Analyzing VHDL file 'C:/lscc/radiant/2023.2/ispfpga/vhdl_packages/syn_arit.vhd' (VHDL-1481)
-- Analyzing VHDL file C:/lscc/radiant/2023.2/ispfpga/vhdl_packages/syn_arit.vhd
-- Analyzing VHDL file 'C:/lscc/radiant/2023.2/ispfpga/vhdl_packages/syn_sign.vhd' (VHDL-1481)
-- Analyzing VHDL file C:/lscc/radiant/2023.2/ispfpga/vhdl_packages/syn_sign.vhd
-- Analyzing VHDL file 'C:/lscc/radiant/2023.2/ispfpga/vhdl_packages/syn_unsi.vhd' (VHDL-1481)
-- Analyzing VHDL file C:/lscc/radiant/2023.2/ispfpga/vhdl_packages/syn_unsi.vhd
-- Analyzing VHDL file 'C:/lscc/radiant/2023.2/ispfpga/vhdl_packages/synattr.vhd' (VHDL-1481)
-- Analyzing VHDL file C:/lscc/radiant/2023.2/ispfpga/vhdl_packages/synattr.vhd
-- Analyzing Verilog file 'C:/lscc/radiant/2023.2/cae_library/synthesis/verilog/iCE40UP.v' (VERI-1482)
-- Analyzing VHDL file 'C:/lscc/radiant/2023.2/cae_library/synthesis/vhdl/iCE40UP.vhd' (VHDL-1481)
-- Analyzing VHDL file C:/lscc/radiant/2023.2/cae_library/synthesis/vhdl/iCE40UP.vhd
-- Analyzing Verilog file 'C:/Users/david/Desktop/WiFi Headstage/WiFiHeadstage V2/FPGA/FPGA_Intan_Driver/PLL_SPI/rtl/PLL_SPI.v' (VERI-1482)
-- Analyzing Verilog file 'C:/Users/david/Desktop/WiFi Headstage/WiFiHeadstage V2/FPGA/FPGA_Intan_Driver/FIFO_MEM/rtl/FIFO_MEM.v' (VERI-1482)
-- Analyzing VHDL file 'C:/Users/david/Desktop/WiFi Headstage/WiFiHeadstage V2/FPGA/FPGA_Intan_Driver/source/impl_1/Controller_RHD_FIFO.vhd' (VHDL-1481)
-- Analyzing VHDL file C:/Users/david/Desktop/WiFi Headstage/WiFiHeadstage V2/FPGA/FPGA_Intan_Driver/source/impl_1/Controller_RHD_FIFO.vhd
-- Analyzing VHDL file 'C:/Users/david/Desktop/WiFi Headstage/WiFiHeadstage V2/FPGA/FPGA_Intan_Driver/source/impl_1/SPI_Master.vhd' (VHDL-1481)
-- Analyzing VHDL file C:/Users/david/Desktop/WiFi Headstage/WiFiHeadstage V2/FPGA/FPGA_Intan_Driver/source/impl_1/SPI_Master.vhd
-- Analyzing VHDL file 'C:/Users/david/Desktop/WiFi Headstage/WiFiHeadstage V2/FPGA/FPGA_Intan_Driver/source/impl_1/SPI_Master_CS.vhd' (VHDL-1481)
-- Analyzing VHDL file C:/Users/david/Desktop/WiFi Headstage/WiFiHeadstage V2/FPGA/FPGA_Intan_Driver/source/impl_1/SPI_Master_CS.vhd
-- Analyzing VHDL file 'C:/Users/david/Desktop/WiFi Headstage/WiFiHeadstage V2/FPGA/FPGA_Intan_Driver/source/impl_1/Controller_RHD_Sampling.vhd' (VHDL-1481)
-- Analyzing VHDL file C:/Users/david/Desktop/WiFi Headstage/WiFiHeadstage V2/FPGA/FPGA_Intan_Driver/source/impl_1/Controller_RHD_Sampling.vhd
-- Analyzing VHDL file 'C:/Users/david/Desktop/WiFi Headstage/WiFiHeadstage V2/FPGA/FPGA_Intan_Driver/source/impl_1/top_level.vhd' (VHDL-1481)
-- Analyzing VHDL file C:/Users/david/Desktop/WiFi Headstage/WiFiHeadstage V2/FPGA/FPGA_Intan_Driver/source/impl_1/top_level.vhd
-- Analyzing VHDL file 'C:/Users/david/Desktop/WiFi Headstage/WiFiHeadstage V2/FPGA/FPGA_Intan_Driver/source/impl_1/top_level_tb.vhd' (VHDL-1481)
-- Analyzing VHDL file C:/Users/david/Desktop/WiFi Headstage/WiFiHeadstage V2/FPGA/FPGA_Intan_Driver/source/impl_1/top_level_tb.vhd
C:/Users/david/Desktop/WiFi Headstage/WiFiHeadstage V2/FPGA/FPGA_Intan_Driver/source/impl_1/top_level_tb.vhd(60): ERROR: formal o_controller_mode is not declared (VHDL-1084)
C:/Users/david/Desktop/WiFi Headstage/WiFiHeadstage V2/FPGA/FPGA_Intan_Driver/source/impl_1/top_level_tb.vhd(82): ERROR: unit 'testbench' is ignored due to previous errors (VHDL-1284)
-- VHDL file 'C:/Users/david/Desktop/WiFi Headstage/WiFiHeadstage V2/FPGA/FPGA_Intan_Driver/source/impl_1/top_level_tb.vhd' is ignored due to errors (VHDL-1482)
-- Analyzing VHDL file 'C:/Users/david/Desktop/WiFi Headstage/WiFiHeadstage V2/FPGA/FPGA_Intan_Driver/source/impl_1/Controller_RHD_Sampling_tb.vhd' (VHDL-1481)
-- Analyzing VHDL file C:/Users/david/Desktop/WiFi Headstage/WiFiHeadstage V2/FPGA/FPGA_Intan_Driver/source/impl_1/Controller_RHD_Sampling_tb.vhd
-- Analyzing VHDL file 'C:/lscc/radiant/2023.2/ispfpga/vhdl_packages/standard.vhd' (VHDL-1481)
-- Analyzing VHDL file C:/lscc/radiant/2023.2/ispfpga/vhdl_packages/standard.vhd
-- Analyzing VHDL file 'C:/lscc/radiant/2023.2/ispfpga/vhdl_packages/std_1164.vhd' (VHDL-1481)
-- Analyzing VHDL file C:/lscc/radiant/2023.2/ispfpga/vhdl_packages/std_1164.vhd
-- Analyzing VHDL file 'C:/lscc/radiant/2023.2/ispfpga/vhdl_packages/mgc_qsim.vhd' (VHDL-1481)
-- Analyzing VHDL file C:/lscc/radiant/2023.2/ispfpga/vhdl_packages/mgc_qsim.vhd
-- Analyzing VHDL file 'C:/lscc/radiant/2023.2/ispfpga/vhdl_packages/numeric_bit.vhd' (VHDL-1481)
-- Analyzing VHDL file C:/lscc/radiant/2023.2/ispfpga/vhdl_packages/numeric_bit.vhd
-- Analyzing VHDL file 'C:/lscc/radiant/2023.2/ispfpga/vhdl_packages/numeric_std.vhd' (VHDL-1481)
-- Analyzing VHDL file C:/lscc/radiant/2023.2/ispfpga/vhdl_packages/numeric_std.vhd
-- Analyzing VHDL file 'C:/lscc/radiant/2023.2/ispfpga/vhdl_packages/textio.vhd' (VHDL-1481)
-- Analyzing VHDL file C:/lscc/radiant/2023.2/ispfpga/vhdl_packages/textio.vhd
-- Analyzing VHDL file 'C:/lscc/radiant/2023.2/ispfpga/vhdl_packages/std_logic_textio.vhd' (VHDL-1481)
-- Analyzing VHDL file C:/lscc/radiant/2023.2/ispfpga/vhdl_packages/std_logic_textio.vhd
-- Analyzing VHDL file 'C:/lscc/radiant/2023.2/ispfpga/vhdl_packages/syn_attr.vhd' (VHDL-1481)
-- Analyzing VHDL file C:/lscc/radiant/2023.2/ispfpga/vhdl_packages/syn_attr.vhd
-- Analyzing VHDL file 'C:/lscc/radiant/2023.2/ispfpga/vhdl_packages/syn_misc.vhd' (VHDL-1481)
-- Analyzing VHDL file C:/lscc/radiant/2023.2/ispfpga/vhdl_packages/syn_misc.vhd
-- Analyzing VHDL file 'C:/lscc/radiant/2023.2/ispfpga/vhdl_packages/math_real.vhd' (VHDL-1481)
-- Analyzing VHDL file 'C:/lscc/radiant/2023.2/ispfpga/vhdl_packages/mixed_lang_vltype.vhd' (VHDL-1481)
-- Analyzing VHDL file C:/lscc/radiant/2023.2/ispfpga/vhdl_packages/mixed_lang_vltype.vhd
-- Analyzing VHDL file 'C:/lscc/radiant/2023.2/ispfpga/vhdl_packages/syn_arit.vhd' (VHDL-1481)
-- Analyzing VHDL file C:/lscc/radiant/2023.2/ispfpga/vhdl_packages/syn_arit.vhd
-- Analyzing VHDL file 'C:/lscc/radiant/2023.2/ispfpga/vhdl_packages/syn_sign.vhd' (VHDL-1481)
-- Analyzing VHDL file C:/lscc/radiant/2023.2/ispfpga/vhdl_packages/syn_sign.vhd
-- Analyzing VHDL file 'C:/lscc/radiant/2023.2/ispfpga/vhdl_packages/syn_unsi.vhd' (VHDL-1481)
-- Analyzing VHDL file C:/lscc/radiant/2023.2/ispfpga/vhdl_packages/syn_unsi.vhd
-- Analyzing VHDL file 'C:/lscc/radiant/2023.2/ispfpga/vhdl_packages/synattr.vhd' (VHDL-1481)
-- Analyzing VHDL file C:/lscc/radiant/2023.2/ispfpga/vhdl_packages/synattr.vhd
-- Analyzing Verilog file 'C:/lscc/radiant/2023.2/cae_library/synthesis/verilog/iCE40UP.v' (VERI-1482)
-- Analyzing VHDL file 'C:/lscc/radiant/2023.2/cae_library/synthesis/vhdl/iCE40UP.vhd' (VHDL-1481)
-- Analyzing VHDL file C:/lscc/radiant/2023.2/cae_library/synthesis/vhdl/iCE40UP.vhd
-- Analyzing Verilog file 'C:/Users/david/Desktop/WiFi Headstage/WiFiHeadstage V2/FPGA/FPGA_Intan_Driver/PLL_SPI/rtl/PLL_SPI.v' (VERI-1482)
-- Analyzing Verilog file 'C:/Users/david/Desktop/WiFi Headstage/WiFiHeadstage V2/FPGA/FPGA_Intan_Driver/FIFO_MEM/rtl/FIFO_MEM.v' (VERI-1482)
-- Analyzing VHDL file 'C:/Users/david/Desktop/WiFi Headstage/WiFiHeadstage V2/FPGA/FPGA_Intan_Driver/source/impl_1/Controller_RHD_FIFO.vhd' (VHDL-1481)
-- Analyzing VHDL file C:/Users/david/Desktop/WiFi Headstage/WiFiHeadstage V2/FPGA/FPGA_Intan_Driver/source/impl_1/Controller_RHD_FIFO.vhd
-- Analyzing VHDL file 'C:/Users/david/Desktop/WiFi Headstage/WiFiHeadstage V2/FPGA/FPGA_Intan_Driver/source/impl_1/SPI_Master.vhd' (VHDL-1481)
-- Analyzing VHDL file C:/Users/david/Desktop/WiFi Headstage/WiFiHeadstage V2/FPGA/FPGA_Intan_Driver/source/impl_1/SPI_Master.vhd
-- Analyzing VHDL file 'C:/Users/david/Desktop/WiFi Headstage/WiFiHeadstage V2/FPGA/FPGA_Intan_Driver/source/impl_1/SPI_Master_CS.vhd' (VHDL-1481)
-- Analyzing VHDL file C:/Users/david/Desktop/WiFi Headstage/WiFiHeadstage V2/FPGA/FPGA_Intan_Driver/source/impl_1/SPI_Master_CS.vhd
-- Analyzing VHDL file 'C:/Users/david/Desktop/WiFi Headstage/WiFiHeadstage V2/FPGA/FPGA_Intan_Driver/source/impl_1/Controller_RHD_Sampling.vhd' (VHDL-1481)
-- Analyzing VHDL file C:/Users/david/Desktop/WiFi Headstage/WiFiHeadstage V2/FPGA/FPGA_Intan_Driver/source/impl_1/Controller_RHD_Sampling.vhd
-- Analyzing VHDL file 'C:/Users/david/Desktop/WiFi Headstage/WiFiHeadstage V2/FPGA/FPGA_Intan_Driver/source/impl_1/top_level.vhd' (VHDL-1481)
-- Analyzing VHDL file C:/Users/david/Desktop/WiFi Headstage/WiFiHeadstage V2/FPGA/FPGA_Intan_Driver/source/impl_1/top_level.vhd
-- Analyzing VHDL file 'C:/Users/david/Desktop/WiFi Headstage/WiFiHeadstage V2/FPGA/FPGA_Intan_Driver/source/impl_1/top_level_tb.vhd' (VHDL-1481)
-- Analyzing VHDL file C:/Users/david/Desktop/WiFi Headstage/WiFiHeadstage V2/FPGA/FPGA_Intan_Driver/source/impl_1/top_level_tb.vhd
C:/Users/david/Desktop/WiFi Headstage/WiFiHeadstage V2/FPGA/FPGA_Intan_Driver/source/impl_1/top_level_tb.vhd(34): ERROR: syntax error near 'begin' (VHDL-1261)
C:/Users/david/Desktop/WiFi Headstage/WiFiHeadstage V2/FPGA/FPGA_Intan_Driver/source/impl_1/top_level_tb.vhd(55): ERROR: 'o_stm32_spi_clk' is already declared in this region (VHDL-1223)
C:/Users/david/Desktop/WiFi Headstage/WiFiHeadstage V2/FPGA/FPGA_Intan_Driver/source/impl_1/top_level_tb.vhd(56): ERROR: 'i_stm32_spi_miso' is already declared in this region (VHDL-1223)
C:/Users/david/Desktop/WiFi Headstage/WiFiHeadstage V2/FPGA/FPGA_Intan_Driver/source/impl_1/top_level_tb.vhd(57): ERROR: 'o_stm32_spi_mosi' is already declared in this region (VHDL-1223)
C:/Users/david/Desktop/WiFi Headstage/WiFiHeadstage V2/FPGA/FPGA_Intan_Driver/source/impl_1/top_level_tb.vhd(58): ERROR: 'o_stm32_spi_cs_n' is already declared in this region (VHDL-1223)
C:/Users/david/Desktop/WiFi Headstage/WiFiHeadstage V2/FPGA/FPGA_Intan_Driver/source/impl_1/top_level_tb.vhd(61): ERROR: 'o_reset_counter' is already declared in this region (VHDL-1223)
C:/Users/david/Desktop/WiFi Headstage/WiFiHeadstage V2/FPGA/FPGA_Intan_Driver/source/impl_1/top_level_tb.vhd(64): ERROR: 'o_rhd_spi_clk' is already declared in this region (VHDL-1223)
C:/Users/david/Desktop/WiFi Headstage/WiFiHeadstage V2/FPGA/FPGA_Intan_Driver/source/impl_1/top_level_tb.vhd(65): ERROR: 'i_rhd_spi_miso' is already declared in this region (VHDL-1223)
C:/Users/david/Desktop/WiFi Headstage/WiFiHeadstage V2/FPGA/FPGA_Intan_Driver/source/impl_1/top_level_tb.vhd(66): ERROR: 'o_rhd_spi_mosi' is already declared in this region (VHDL-1223)
C:/Users/david/Desktop/WiFi Headstage/WiFiHeadstage V2/FPGA/FPGA_Intan_Driver/source/impl_1/top_level_tb.vhd(67): ERROR: 'o_rhd_spi_cs_n' is already declared in this region (VHDL-1223)
-- VHDL file 'C:/Users/david/Desktop/WiFi Headstage/WiFiHeadstage V2/FPGA/FPGA_Intan_Driver/source/impl_1/top_level_tb.vhd' is ignored due to errors (VHDL-1482)
-- Analyzing VHDL file 'C:/Users/david/Desktop/WiFi Headstage/WiFiHeadstage V2/FPGA/FPGA_Intan_Driver/source/impl_1/Controller_RHD_Sampling_tb.vhd' (VHDL-1481)
-- Analyzing VHDL file C:/Users/david/Desktop/WiFi Headstage/WiFiHeadstage V2/FPGA/FPGA_Intan_Driver/source/impl_1/Controller_RHD_Sampling_tb.vhd
-- Analyzing VHDL file 'C:/lscc/radiant/2023.2/ispfpga/vhdl_packages/standard.vhd' (VHDL-1481)
-- Analyzing VHDL file C:/lscc/radiant/2023.2/ispfpga/vhdl_packages/standard.vhd
-- Analyzing VHDL file 'C:/lscc/radiant/2023.2/ispfpga/vhdl_packages/std_1164.vhd' (VHDL-1481)
-- Analyzing VHDL file C:/lscc/radiant/2023.2/ispfpga/vhdl_packages/std_1164.vhd
-- Analyzing VHDL file 'C:/lscc/radiant/2023.2/ispfpga/vhdl_packages/mgc_qsim.vhd' (VHDL-1481)
-- Analyzing VHDL file C:/lscc/radiant/2023.2/ispfpga/vhdl_packages/mgc_qsim.vhd
-- Analyzing VHDL file 'C:/lscc/radiant/2023.2/ispfpga/vhdl_packages/numeric_bit.vhd' (VHDL-1481)
-- Analyzing VHDL file C:/lscc/radiant/2023.2/ispfpga/vhdl_packages/numeric_bit.vhd
-- Analyzing VHDL file 'C:/lscc/radiant/2023.2/ispfpga/vhdl_packages/numeric_std.vhd' (VHDL-1481)
-- Analyzing VHDL file C:/lscc/radiant/2023.2/ispfpga/vhdl_packages/numeric_std.vhd
-- Analyzing VHDL file 'C:/lscc/radiant/2023.2/ispfpga/vhdl_packages/textio.vhd' (VHDL-1481)
-- Analyzing VHDL file C:/lscc/radiant/2023.2/ispfpga/vhdl_packages/textio.vhd
-- Analyzing VHDL file 'C:/lscc/radiant/2023.2/ispfpga/vhdl_packages/std_logic_textio.vhd' (VHDL-1481)
-- Analyzing VHDL file C:/lscc/radiant/2023.2/ispfpga/vhdl_packages/std_logic_textio.vhd
-- Analyzing VHDL file 'C:/lscc/radiant/2023.2/ispfpga/vhdl_packages/syn_attr.vhd' (VHDL-1481)
-- Analyzing VHDL file C:/lscc/radiant/2023.2/ispfpga/vhdl_packages/syn_attr.vhd
-- Analyzing VHDL file 'C:/lscc/radiant/2023.2/ispfpga/vhdl_packages/syn_misc.vhd' (VHDL-1481)
-- Analyzing VHDL file C:/lscc/radiant/2023.2/ispfpga/vhdl_packages/syn_misc.vhd
-- Analyzing VHDL file 'C:/lscc/radiant/2023.2/ispfpga/vhdl_packages/math_real.vhd' (VHDL-1481)
-- Analyzing VHDL file 'C:/lscc/radiant/2023.2/ispfpga/vhdl_packages/mixed_lang_vltype.vhd' (VHDL-1481)
-- Analyzing VHDL file C:/lscc/radiant/2023.2/ispfpga/vhdl_packages/mixed_lang_vltype.vhd
-- Analyzing VHDL file 'C:/lscc/radiant/2023.2/ispfpga/vhdl_packages/syn_arit.vhd' (VHDL-1481)
-- Analyzing VHDL file C:/lscc/radiant/2023.2/ispfpga/vhdl_packages/syn_arit.vhd
-- Analyzing VHDL file 'C:/lscc/radiant/2023.2/ispfpga/vhdl_packages/syn_sign.vhd' (VHDL-1481)
-- Analyzing VHDL file C:/lscc/radiant/2023.2/ispfpga/vhdl_packages/syn_sign.vhd
-- Analyzing VHDL file 'C:/lscc/radiant/2023.2/ispfpga/vhdl_packages/syn_unsi.vhd' (VHDL-1481)
-- Analyzing VHDL file C:/lscc/radiant/2023.2/ispfpga/vhdl_packages/syn_unsi.vhd
-- Analyzing VHDL file 'C:/lscc/radiant/2023.2/ispfpga/vhdl_packages/synattr.vhd' (VHDL-1481)
-- Analyzing VHDL file C:/lscc/radiant/2023.2/ispfpga/vhdl_packages/synattr.vhd
-- Analyzing Verilog file 'C:/lscc/radiant/2023.2/cae_library/synthesis/verilog/iCE40UP.v' (VERI-1482)
-- Analyzing VHDL file 'C:/lscc/radiant/2023.2/cae_library/synthesis/vhdl/iCE40UP.vhd' (VHDL-1481)
-- Analyzing VHDL file C:/lscc/radiant/2023.2/cae_library/synthesis/vhdl/iCE40UP.vhd
-- Analyzing Verilog file 'C:/Users/david/Desktop/WiFi Headstage/WiFiHeadstage V2/FPGA/FPGA_Intan_Driver/PLL_SPI/rtl/PLL_SPI.v' (VERI-1482)
-- Analyzing Verilog file 'C:/Users/david/Desktop/WiFi Headstage/WiFiHeadstage V2/FPGA/FPGA_Intan_Driver/FIFO_MEM/rtl/FIFO_MEM.v' (VERI-1482)
-- Analyzing VHDL file 'C:/Users/david/Desktop/WiFi Headstage/WiFiHeadstage V2/FPGA/FPGA_Intan_Driver/source/impl_1/Controller_RHD_FIFO.vhd' (VHDL-1481)
-- Analyzing VHDL file C:/Users/david/Desktop/WiFi Headstage/WiFiHeadstage V2/FPGA/FPGA_Intan_Driver/source/impl_1/Controller_RHD_FIFO.vhd
-- Analyzing VHDL file 'C:/Users/david/Desktop/WiFi Headstage/WiFiHeadstage V2/FPGA/FPGA_Intan_Driver/source/impl_1/SPI_Master.vhd' (VHDL-1481)
-- Analyzing VHDL file C:/Users/david/Desktop/WiFi Headstage/WiFiHeadstage V2/FPGA/FPGA_Intan_Driver/source/impl_1/SPI_Master.vhd
-- Analyzing VHDL file 'C:/Users/david/Desktop/WiFi Headstage/WiFiHeadstage V2/FPGA/FPGA_Intan_Driver/source/impl_1/SPI_Master_CS.vhd' (VHDL-1481)
-- Analyzing VHDL file C:/Users/david/Desktop/WiFi Headstage/WiFiHeadstage V2/FPGA/FPGA_Intan_Driver/source/impl_1/SPI_Master_CS.vhd
-- Analyzing VHDL file 'C:/Users/david/Desktop/WiFi Headstage/WiFiHeadstage V2/FPGA/FPGA_Intan_Driver/source/impl_1/Controller_RHD_Sampling.vhd' (VHDL-1481)
-- Analyzing VHDL file C:/Users/david/Desktop/WiFi Headstage/WiFiHeadstage V2/FPGA/FPGA_Intan_Driver/source/impl_1/Controller_RHD_Sampling.vhd
-- Analyzing VHDL file 'C:/Users/david/Desktop/WiFi Headstage/WiFiHeadstage V2/FPGA/FPGA_Intan_Driver/source/impl_1/top_level.vhd' (VHDL-1481)
-- Analyzing VHDL file C:/Users/david/Desktop/WiFi Headstage/WiFiHeadstage V2/FPGA/FPGA_Intan_Driver/source/impl_1/top_level.vhd
-- Analyzing VHDL file 'C:/Users/david/Desktop/WiFi Headstage/WiFiHeadstage V2/FPGA/FPGA_Intan_Driver/source/impl_1/top_level_tb.vhd' (VHDL-1481)
-- Analyzing VHDL file C:/Users/david/Desktop/WiFi Headstage/WiFiHeadstage V2/FPGA/FPGA_Intan_Driver/source/impl_1/top_level_tb.vhd
C:/Users/david/Desktop/WiFi Headstage/WiFiHeadstage V2/FPGA/FPGA_Intan_Driver/source/impl_1/top_level_tb.vhd(60): ERROR: formal o_controller_mode is not declared (VHDL-1084)
C:/Users/david/Desktop/WiFi Headstage/WiFiHeadstage V2/FPGA/FPGA_Intan_Driver/source/impl_1/top_level_tb.vhd(82): ERROR: unit 'testbench' is ignored due to previous errors (VHDL-1284)
-- VHDL file 'C:/Users/david/Desktop/WiFi Headstage/WiFiHeadstage V2/FPGA/FPGA_Intan_Driver/source/impl_1/top_level_tb.vhd' is ignored due to errors (VHDL-1482)
-- Analyzing VHDL file 'C:/Users/david/Desktop/WiFi Headstage/WiFiHeadstage V2/FPGA/FPGA_Intan_Driver/source/impl_1/Controller_RHD_Sampling_tb.vhd' (VHDL-1481)
-- Analyzing VHDL file C:/Users/david/Desktop/WiFi Headstage/WiFiHeadstage V2/FPGA/FPGA_Intan_Driver/source/impl_1/Controller_RHD_Sampling_tb.vhd
-- Analyzing VHDL file 'C:/lscc/radiant/2023.2/ispfpga/vhdl_packages/standard.vhd' (VHDL-1481)
-- Analyzing VHDL file C:/lscc/radiant/2023.2/ispfpga/vhdl_packages/standard.vhd
-- Analyzing VHDL file 'C:/lscc/radiant/2023.2/ispfpga/vhdl_packages/std_1164.vhd' (VHDL-1481)
-- Analyzing VHDL file C:/lscc/radiant/2023.2/ispfpga/vhdl_packages/std_1164.vhd
-- Analyzing VHDL file 'C:/lscc/radiant/2023.2/ispfpga/vhdl_packages/mgc_qsim.vhd' (VHDL-1481)
-- Analyzing VHDL file C:/lscc/radiant/2023.2/ispfpga/vhdl_packages/mgc_qsim.vhd
-- Analyzing VHDL file 'C:/lscc/radiant/2023.2/ispfpga/vhdl_packages/numeric_bit.vhd' (VHDL-1481)
-- Analyzing VHDL file C:/lscc/radiant/2023.2/ispfpga/vhdl_packages/numeric_bit.vhd
-- Analyzing VHDL file 'C:/lscc/radiant/2023.2/ispfpga/vhdl_packages/numeric_std.vhd' (VHDL-1481)
-- Analyzing VHDL file C:/lscc/radiant/2023.2/ispfpga/vhdl_packages/numeric_std.vhd
-- Analyzing VHDL file 'C:/lscc/radiant/2023.2/ispfpga/vhdl_packages/textio.vhd' (VHDL-1481)
-- Analyzing VHDL file C:/lscc/radiant/2023.2/ispfpga/vhdl_packages/textio.vhd
-- Analyzing VHDL file 'C:/lscc/radiant/2023.2/ispfpga/vhdl_packages/std_logic_textio.vhd' (VHDL-1481)
-- Analyzing VHDL file C:/lscc/radiant/2023.2/ispfpga/vhdl_packages/std_logic_textio.vhd
-- Analyzing VHDL file 'C:/lscc/radiant/2023.2/ispfpga/vhdl_packages/syn_attr.vhd' (VHDL-1481)
-- Analyzing VHDL file C:/lscc/radiant/2023.2/ispfpga/vhdl_packages/syn_attr.vhd
-- Analyzing VHDL file 'C:/lscc/radiant/2023.2/ispfpga/vhdl_packages/syn_misc.vhd' (VHDL-1481)
-- Analyzing VHDL file C:/lscc/radiant/2023.2/ispfpga/vhdl_packages/syn_misc.vhd
-- Analyzing VHDL file 'C:/lscc/radiant/2023.2/ispfpga/vhdl_packages/math_real.vhd' (VHDL-1481)
-- Analyzing VHDL file 'C:/lscc/radiant/2023.2/ispfpga/vhdl_packages/mixed_lang_vltype.vhd' (VHDL-1481)
-- Analyzing VHDL file C:/lscc/radiant/2023.2/ispfpga/vhdl_packages/mixed_lang_vltype.vhd
-- Analyzing VHDL file 'C:/lscc/radiant/2023.2/ispfpga/vhdl_packages/syn_arit.vhd' (VHDL-1481)
-- Analyzing VHDL file C:/lscc/radiant/2023.2/ispfpga/vhdl_packages/syn_arit.vhd
-- Analyzing VHDL file 'C:/lscc/radiant/2023.2/ispfpga/vhdl_packages/syn_sign.vhd' (VHDL-1481)
-- Analyzing VHDL file C:/lscc/radiant/2023.2/ispfpga/vhdl_packages/syn_sign.vhd
-- Analyzing VHDL file 'C:/lscc/radiant/2023.2/ispfpga/vhdl_packages/syn_unsi.vhd' (VHDL-1481)
-- Analyzing VHDL file C:/lscc/radiant/2023.2/ispfpga/vhdl_packages/syn_unsi.vhd
-- Analyzing VHDL file 'C:/lscc/radiant/2023.2/ispfpga/vhdl_packages/synattr.vhd' (VHDL-1481)
-- Analyzing VHDL file C:/lscc/radiant/2023.2/ispfpga/vhdl_packages/synattr.vhd
-- Analyzing Verilog file 'C:/lscc/radiant/2023.2/cae_library/synthesis/verilog/iCE40UP.v' (VERI-1482)
-- Analyzing VHDL file 'C:/lscc/radiant/2023.2/cae_library/synthesis/vhdl/iCE40UP.vhd' (VHDL-1481)
-- Analyzing VHDL file C:/lscc/radiant/2023.2/cae_library/synthesis/vhdl/iCE40UP.vhd
-- Analyzing Verilog file 'C:/Users/david/Desktop/WiFi Headstage/WiFiHeadstage V2/FPGA/FPGA_Intan_Driver/PLL_SPI/rtl/PLL_SPI.v' (VERI-1482)
-- Analyzing Verilog file 'C:/Users/david/Desktop/WiFi Headstage/WiFiHeadstage V2/FPGA/FPGA_Intan_Driver/FIFO_MEM/rtl/FIFO_MEM.v' (VERI-1482)
-- Analyzing VHDL file 'C:/Users/david/Desktop/WiFi Headstage/WiFiHeadstage V2/FPGA/FPGA_Intan_Driver/source/impl_1/Controller_RHD_FIFO.vhd' (VHDL-1481)
-- Analyzing VHDL file C:/Users/david/Desktop/WiFi Headstage/WiFiHeadstage V2/FPGA/FPGA_Intan_Driver/source/impl_1/Controller_RHD_FIFO.vhd
-- Analyzing VHDL file 'C:/Users/david/Desktop/WiFi Headstage/WiFiHeadstage V2/FPGA/FPGA_Intan_Driver/source/impl_1/SPI_Master.vhd' (VHDL-1481)
-- Analyzing VHDL file C:/Users/david/Desktop/WiFi Headstage/WiFiHeadstage V2/FPGA/FPGA_Intan_Driver/source/impl_1/SPI_Master.vhd
-- Analyzing VHDL file 'C:/Users/david/Desktop/WiFi Headstage/WiFiHeadstage V2/FPGA/FPGA_Intan_Driver/source/impl_1/SPI_Master_CS.vhd' (VHDL-1481)
-- Analyzing VHDL file C:/Users/david/Desktop/WiFi Headstage/WiFiHeadstage V2/FPGA/FPGA_Intan_Driver/source/impl_1/SPI_Master_CS.vhd
-- Analyzing VHDL file 'C:/Users/david/Desktop/WiFi Headstage/WiFiHeadstage V2/FPGA/FPGA_Intan_Driver/source/impl_1/Controller_RHD_Sampling.vhd' (VHDL-1481)
-- Analyzing VHDL file C:/Users/david/Desktop/WiFi Headstage/WiFiHeadstage V2/FPGA/FPGA_Intan_Driver/source/impl_1/Controller_RHD_Sampling.vhd
-- Analyzing VHDL file 'C:/Users/david/Desktop/WiFi Headstage/WiFiHeadstage V2/FPGA/FPGA_Intan_Driver/source/impl_1/top_level.vhd' (VHDL-1481)
-- Analyzing VHDL file C:/Users/david/Desktop/WiFi Headstage/WiFiHeadstage V2/FPGA/FPGA_Intan_Driver/source/impl_1/top_level.vhd
C:/Users/david/Desktop/WiFi Headstage/WiFiHeadstage V2/FPGA/FPGA_Intan_Driver/source/impl_1/top_level.vhd(41): ERROR: 'o_controller_mode' is not declared (VHDL-1241)
C:/Users/david/Desktop/WiFi Headstage/WiFiHeadstage V2/FPGA/FPGA_Intan_Driver/source/impl_1/top_level.vhd(41): ERROR: syntax error near ':' (VHDL-1261)
C:/Users/david/Desktop/WiFi Headstage/WiFiHeadstage V2/FPGA/FPGA_Intan_Driver/source/impl_1/top_level.vhd(47): ERROR: entity 'top_level' is not yet compiled (VHDL-1059)
C:/Users/david/Desktop/WiFi Headstage/WiFiHeadstage V2/FPGA/FPGA_Intan_Driver/source/impl_1/top_level.vhd(103): ERROR: 'i_clk' is illegal in an expression (VHDL-1312)
C:/Users/david/Desktop/WiFi Headstage/WiFiHeadstage V2/FPGA/FPGA_Intan_Driver/source/impl_1/top_level.vhd(109): ERROR: 'i_stm32_spi_miso' is illegal in an expression (VHDL-1312)
C:/Users/david/Desktop/WiFi Headstage/WiFiHeadstage V2/FPGA/FPGA_Intan_Driver/source/impl_1/top_level.vhd(126): ERROR: 'i_rhd_spi_miso' is illegal in an expression (VHDL-1312)
C:/Users/david/Desktop/WiFi Headstage/WiFiHeadstage V2/FPGA/FPGA_Intan_Driver/source/impl_1/top_level.vhd(138): ERROR: 'i_clk' is not declared (VHDL-1241)
C:/Users/david/Desktop/WiFi Headstage/WiFiHeadstage V2/FPGA/FPGA_Intan_Driver/source/impl_1/top_level.vhd(138): ERROR: actual  of formal s must be a signal (VHDL-1319)
C:/Users/david/Desktop/WiFi Headstage/WiFiHeadstage V2/FPGA/FPGA_Intan_Driver/source/impl_1/top_level.vhd(136): ERROR: sensitivity list can only have static signal names (VHDL-1445)
C:/Users/david/Desktop/WiFi Headstage/WiFiHeadstage V2/FPGA/FPGA_Intan_Driver/source/impl_1/top_level.vhd(176): ERROR: 'i_clk' is not declared (VHDL-1241)
C:/Users/david/Desktop/WiFi Headstage/WiFiHeadstage V2/FPGA/FPGA_Intan_Driver/source/impl_1/top_level.vhd(176): ERROR: actual  of formal s must be a signal (VHDL-1319)
C:/Users/david/Desktop/WiFi Headstage/WiFiHeadstage V2/FPGA/FPGA_Intan_Driver/source/impl_1/top_level.vhd(174): ERROR: sensitivity list can only have static signal names (VHDL-1445)
C:/Users/david/Desktop/WiFi Headstage/WiFiHeadstage V2/FPGA/FPGA_Intan_Driver/source/impl_1/top_level.vhd(199): ERROR: 'rgb_1' is not a signal (VHDL-1236)
C:/Users/david/Desktop/WiFi Headstage/WiFiHeadstage V2/FPGA/FPGA_Intan_Driver/source/impl_1/top_level.vhd(200): ERROR: 'rgb_2' is not a signal (VHDL-1236)
C:/Users/david/Desktop/WiFi Headstage/WiFiHeadstage V2/FPGA/FPGA_Intan_Driver/source/impl_1/top_level.vhd(201): ERROR: 'rgb_3' is not a signal (VHDL-1236)
-- VHDL file 'C:/Users/david/Desktop/WiFi Headstage/WiFiHeadstage V2/FPGA/FPGA_Intan_Driver/source/impl_1/top_level.vhd' is ignored due to errors (VHDL-1482)
-- Analyzing VHDL file 'C:/Users/david/Desktop/WiFi Headstage/WiFiHeadstage V2/FPGA/FPGA_Intan_Driver/source/impl_1/top_level_tb.vhd' (VHDL-1481)
-- Analyzing VHDL file C:/Users/david/Desktop/WiFi Headstage/WiFiHeadstage V2/FPGA/FPGA_Intan_Driver/source/impl_1/top_level_tb.vhd
C:/Users/david/Desktop/WiFi Headstage/WiFiHeadstage V2/FPGA/FPGA_Intan_Driver/source/impl_1/top_level_tb.vhd(40): ERROR: 'top_level' is not compiled in library 'work' (VHDL-1240)
C:/Users/david/Desktop/WiFi Headstage/WiFiHeadstage V2/FPGA/FPGA_Intan_Driver/source/impl_1/top_level_tb.vhd(82): ERROR: unit 'testbench' is ignored due to previous errors (VHDL-1284)
-- VHDL file 'C:/Users/david/Desktop/WiFi Headstage/WiFiHeadstage V2/FPGA/FPGA_Intan_Driver/source/impl_1/top_level_tb.vhd' is ignored due to errors (VHDL-1482)
-- Analyzing VHDL file 'C:/Users/david/Desktop/WiFi Headstage/WiFiHeadstage V2/FPGA/FPGA_Intan_Driver/source/impl_1/Controller_RHD_Sampling_tb.vhd' (VHDL-1481)
-- Analyzing VHDL file C:/Users/david/Desktop/WiFi Headstage/WiFiHeadstage V2/FPGA/FPGA_Intan_Driver/source/impl_1/Controller_RHD_Sampling_tb.vhd
-- Analyzing VHDL file 'C:/lscc/radiant/2023.2/ispfpga/vhdl_packages/standard.vhd' (VHDL-1481)
-- Analyzing VHDL file C:/lscc/radiant/2023.2/ispfpga/vhdl_packages/standard.vhd
-- Analyzing VHDL file 'C:/lscc/radiant/2023.2/ispfpga/vhdl_packages/std_1164.vhd' (VHDL-1481)
-- Analyzing VHDL file C:/lscc/radiant/2023.2/ispfpga/vhdl_packages/std_1164.vhd
-- Analyzing VHDL file 'C:/lscc/radiant/2023.2/ispfpga/vhdl_packages/mgc_qsim.vhd' (VHDL-1481)
-- Analyzing VHDL file C:/lscc/radiant/2023.2/ispfpga/vhdl_packages/mgc_qsim.vhd
-- Analyzing VHDL file 'C:/lscc/radiant/2023.2/ispfpga/vhdl_packages/numeric_bit.vhd' (VHDL-1481)
-- Analyzing VHDL file C:/lscc/radiant/2023.2/ispfpga/vhdl_packages/numeric_bit.vhd
-- Analyzing VHDL file 'C:/lscc/radiant/2023.2/ispfpga/vhdl_packages/numeric_std.vhd' (VHDL-1481)
-- Analyzing VHDL file C:/lscc/radiant/2023.2/ispfpga/vhdl_packages/numeric_std.vhd
-- Analyzing VHDL file 'C:/lscc/radiant/2023.2/ispfpga/vhdl_packages/textio.vhd' (VHDL-1481)
-- Analyzing VHDL file C:/lscc/radiant/2023.2/ispfpga/vhdl_packages/textio.vhd
-- Analyzing VHDL file 'C:/lscc/radiant/2023.2/ispfpga/vhdl_packages/std_logic_textio.vhd' (VHDL-1481)
-- Analyzing VHDL file C:/lscc/radiant/2023.2/ispfpga/vhdl_packages/std_logic_textio.vhd
-- Analyzing VHDL file 'C:/lscc/radiant/2023.2/ispfpga/vhdl_packages/syn_attr.vhd' (VHDL-1481)
-- Analyzing VHDL file C:/lscc/radiant/2023.2/ispfpga/vhdl_packages/syn_attr.vhd
-- Analyzing VHDL file 'C:/lscc/radiant/2023.2/ispfpga/vhdl_packages/syn_misc.vhd' (VHDL-1481)
-- Analyzing VHDL file C:/lscc/radiant/2023.2/ispfpga/vhdl_packages/syn_misc.vhd
-- Analyzing VHDL file 'C:/lscc/radiant/2023.2/ispfpga/vhdl_packages/math_real.vhd' (VHDL-1481)
-- Analyzing VHDL file 'C:/lscc/radiant/2023.2/ispfpga/vhdl_packages/mixed_lang_vltype.vhd' (VHDL-1481)
-- Analyzing VHDL file C:/lscc/radiant/2023.2/ispfpga/vhdl_packages/mixed_lang_vltype.vhd
-- Analyzing VHDL file 'C:/lscc/radiant/2023.2/ispfpga/vhdl_packages/syn_arit.vhd' (VHDL-1481)
-- Analyzing VHDL file C:/lscc/radiant/2023.2/ispfpga/vhdl_packages/syn_arit.vhd
-- Analyzing VHDL file 'C:/lscc/radiant/2023.2/ispfpga/vhdl_packages/syn_sign.vhd' (VHDL-1481)
-- Analyzing VHDL file C:/lscc/radiant/2023.2/ispfpga/vhdl_packages/syn_sign.vhd
-- Analyzing VHDL file 'C:/lscc/radiant/2023.2/ispfpga/vhdl_packages/syn_unsi.vhd' (VHDL-1481)
-- Analyzing VHDL file C:/lscc/radiant/2023.2/ispfpga/vhdl_packages/syn_unsi.vhd
-- Analyzing VHDL file 'C:/lscc/radiant/2023.2/ispfpga/vhdl_packages/synattr.vhd' (VHDL-1481)
-- Analyzing VHDL file C:/lscc/radiant/2023.2/ispfpga/vhdl_packages/synattr.vhd
-- Analyzing Verilog file 'C:/lscc/radiant/2023.2/cae_library/synthesis/verilog/iCE40UP.v' (VERI-1482)
-- Analyzing VHDL file 'C:/lscc/radiant/2023.2/cae_library/synthesis/vhdl/iCE40UP.vhd' (VHDL-1481)
-- Analyzing VHDL file C:/lscc/radiant/2023.2/cae_library/synthesis/vhdl/iCE40UP.vhd
-- Analyzing Verilog file 'C:/Users/david/Desktop/WiFi Headstage/WiFiHeadstage V2/FPGA/FPGA_Intan_Driver/PLL_SPI/rtl/PLL_SPI.v' (VERI-1482)
-- Analyzing Verilog file 'C:/Users/david/Desktop/WiFi Headstage/WiFiHeadstage V2/FPGA/FPGA_Intan_Driver/FIFO_MEM/rtl/FIFO_MEM.v' (VERI-1482)
-- Analyzing VHDL file 'C:/Users/david/Desktop/WiFi Headstage/WiFiHeadstage V2/FPGA/FPGA_Intan_Driver/source/impl_1/Controller_RHD_FIFO.vhd' (VHDL-1481)
-- Analyzing VHDL file C:/Users/david/Desktop/WiFi Headstage/WiFiHeadstage V2/FPGA/FPGA_Intan_Driver/source/impl_1/Controller_RHD_FIFO.vhd
-- Analyzing VHDL file 'C:/Users/david/Desktop/WiFi Headstage/WiFiHeadstage V2/FPGA/FPGA_Intan_Driver/source/impl_1/SPI_Master.vhd' (VHDL-1481)
-- Analyzing VHDL file C:/Users/david/Desktop/WiFi Headstage/WiFiHeadstage V2/FPGA/FPGA_Intan_Driver/source/impl_1/SPI_Master.vhd
-- Analyzing VHDL file 'C:/Users/david/Desktop/WiFi Headstage/WiFiHeadstage V2/FPGA/FPGA_Intan_Driver/source/impl_1/SPI_Master_CS.vhd' (VHDL-1481)
-- Analyzing VHDL file C:/Users/david/Desktop/WiFi Headstage/WiFiHeadstage V2/FPGA/FPGA_Intan_Driver/source/impl_1/SPI_Master_CS.vhd
-- Analyzing VHDL file 'C:/Users/david/Desktop/WiFi Headstage/WiFiHeadstage V2/FPGA/FPGA_Intan_Driver/source/impl_1/Controller_RHD_Sampling.vhd' (VHDL-1481)
-- Analyzing VHDL file C:/Users/david/Desktop/WiFi Headstage/WiFiHeadstage V2/FPGA/FPGA_Intan_Driver/source/impl_1/Controller_RHD_Sampling.vhd
-- Analyzing VHDL file 'C:/Users/david/Desktop/WiFi Headstage/WiFiHeadstage V2/FPGA/FPGA_Intan_Driver/source/impl_1/top_level.vhd' (VHDL-1481)
-- Analyzing VHDL file C:/Users/david/Desktop/WiFi Headstage/WiFiHeadstage V2/FPGA/FPGA_Intan_Driver/source/impl_1/top_level.vhd
-- Analyzing VHDL file 'C:/Users/david/Desktop/WiFi Headstage/WiFiHeadstage V2/FPGA/FPGA_Intan_Driver/source/impl_1/top_level_tb.vhd' (VHDL-1481)
-- Analyzing VHDL file C:/Users/david/Desktop/WiFi Headstage/WiFiHeadstage V2/FPGA/FPGA_Intan_Driver/source/impl_1/top_level_tb.vhd
-- Analyzing VHDL file 'C:/Users/david/Desktop/WiFi Headstage/WiFiHeadstage V2/FPGA/FPGA_Intan_Driver/source/impl_1/Controller_RHD_Sampling_tb.vhd' (VHDL-1481)
-- Analyzing VHDL file C:/Users/david/Desktop/WiFi Headstage/WiFiHeadstage V2/FPGA/FPGA_Intan_Driver/source/impl_1/Controller_RHD_Sampling_tb.vhd
-- Analyzing VHDL file 'C:/lscc/radiant/2023.2/ispfpga/vhdl_packages/standard.vhd' (VHDL-1481)
-- Analyzing VHDL file C:/lscc/radiant/2023.2/ispfpga/vhdl_packages/standard.vhd
-- Analyzing VHDL file 'C:/lscc/radiant/2023.2/ispfpga/vhdl_packages/std_1164.vhd' (VHDL-1481)
-- Analyzing VHDL file C:/lscc/radiant/2023.2/ispfpga/vhdl_packages/std_1164.vhd
-- Analyzing VHDL file 'C:/lscc/radiant/2023.2/ispfpga/vhdl_packages/mgc_qsim.vhd' (VHDL-1481)
-- Analyzing VHDL file C:/lscc/radiant/2023.2/ispfpga/vhdl_packages/mgc_qsim.vhd
-- Analyzing VHDL file 'C:/lscc/radiant/2023.2/ispfpga/vhdl_packages/numeric_bit.vhd' (VHDL-1481)
-- Analyzing VHDL file C:/lscc/radiant/2023.2/ispfpga/vhdl_packages/numeric_bit.vhd
-- Analyzing VHDL file 'C:/lscc/radiant/2023.2/ispfpga/vhdl_packages/numeric_std.vhd' (VHDL-1481)
-- Analyzing VHDL file C:/lscc/radiant/2023.2/ispfpga/vhdl_packages/numeric_std.vhd
-- Analyzing VHDL file 'C:/lscc/radiant/2023.2/ispfpga/vhdl_packages/textio.vhd' (VHDL-1481)
-- Analyzing VHDL file C:/lscc/radiant/2023.2/ispfpga/vhdl_packages/textio.vhd
-- Analyzing VHDL file 'C:/lscc/radiant/2023.2/ispfpga/vhdl_packages/std_logic_textio.vhd' (VHDL-1481)
-- Analyzing VHDL file C:/lscc/radiant/2023.2/ispfpga/vhdl_packages/std_logic_textio.vhd
-- Analyzing VHDL file 'C:/lscc/radiant/2023.2/ispfpga/vhdl_packages/syn_attr.vhd' (VHDL-1481)
-- Analyzing VHDL file C:/lscc/radiant/2023.2/ispfpga/vhdl_packages/syn_attr.vhd
-- Analyzing VHDL file 'C:/lscc/radiant/2023.2/ispfpga/vhdl_packages/syn_misc.vhd' (VHDL-1481)
-- Analyzing VHDL file C:/lscc/radiant/2023.2/ispfpga/vhdl_packages/syn_misc.vhd
-- Analyzing VHDL file 'C:/lscc/radiant/2023.2/ispfpga/vhdl_packages/math_real.vhd' (VHDL-1481)
-- Analyzing VHDL file 'C:/lscc/radiant/2023.2/ispfpga/vhdl_packages/mixed_lang_vltype.vhd' (VHDL-1481)
-- Analyzing VHDL file C:/lscc/radiant/2023.2/ispfpga/vhdl_packages/mixed_lang_vltype.vhd
-- Analyzing VHDL file 'C:/lscc/radiant/2023.2/ispfpga/vhdl_packages/syn_arit.vhd' (VHDL-1481)
-- Analyzing VHDL file C:/lscc/radiant/2023.2/ispfpga/vhdl_packages/syn_arit.vhd
-- Analyzing VHDL file 'C:/lscc/radiant/2023.2/ispfpga/vhdl_packages/syn_sign.vhd' (VHDL-1481)
-- Analyzing VHDL file C:/lscc/radiant/2023.2/ispfpga/vhdl_packages/syn_sign.vhd
-- Analyzing VHDL file 'C:/lscc/radiant/2023.2/ispfpga/vhdl_packages/syn_unsi.vhd' (VHDL-1481)
-- Analyzing VHDL file C:/lscc/radiant/2023.2/ispfpga/vhdl_packages/syn_unsi.vhd
-- Analyzing VHDL file 'C:/lscc/radiant/2023.2/ispfpga/vhdl_packages/synattr.vhd' (VHDL-1481)
-- Analyzing VHDL file C:/lscc/radiant/2023.2/ispfpga/vhdl_packages/synattr.vhd
-- Analyzing Verilog file 'C:/lscc/radiant/2023.2/cae_library/synthesis/verilog/iCE40UP.v' (VERI-1482)
-- Analyzing VHDL file 'C:/lscc/radiant/2023.2/cae_library/synthesis/vhdl/iCE40UP.vhd' (VHDL-1481)
-- Analyzing VHDL file C:/lscc/radiant/2023.2/cae_library/synthesis/vhdl/iCE40UP.vhd
-- Analyzing Verilog file 'C:/Users/david/Desktop/WiFi Headstage/WiFiHeadstage V2/FPGA/FPGA_Intan_Driver/PLL_SPI/rtl/PLL_SPI.v' (VERI-1482)
-- Analyzing Verilog file 'C:/Users/david/Desktop/WiFi Headstage/WiFiHeadstage V2/FPGA/FPGA_Intan_Driver/FIFO_MEM/rtl/FIFO_MEM.v' (VERI-1482)
-- Analyzing VHDL file 'C:/Users/david/Desktop/WiFi Headstage/WiFiHeadstage V2/FPGA/FPGA_Intan_Driver/source/impl_1/Controller_RHD_FIFO.vhd' (VHDL-1481)
-- Analyzing VHDL file C:/Users/david/Desktop/WiFi Headstage/WiFiHeadstage V2/FPGA/FPGA_Intan_Driver/source/impl_1/Controller_RHD_FIFO.vhd
-- Analyzing VHDL file 'C:/Users/david/Desktop/WiFi Headstage/WiFiHeadstage V2/FPGA/FPGA_Intan_Driver/source/impl_1/SPI_Master.vhd' (VHDL-1481)
-- Analyzing VHDL file C:/Users/david/Desktop/WiFi Headstage/WiFiHeadstage V2/FPGA/FPGA_Intan_Driver/source/impl_1/SPI_Master.vhd
-- Analyzing VHDL file 'C:/Users/david/Desktop/WiFi Headstage/WiFiHeadstage V2/FPGA/FPGA_Intan_Driver/source/impl_1/SPI_Master_CS.vhd' (VHDL-1481)
-- Analyzing VHDL file C:/Users/david/Desktop/WiFi Headstage/WiFiHeadstage V2/FPGA/FPGA_Intan_Driver/source/impl_1/SPI_Master_CS.vhd
-- Analyzing VHDL file 'C:/Users/david/Desktop/WiFi Headstage/WiFiHeadstage V2/FPGA/FPGA_Intan_Driver/source/impl_1/Controller_RHD_Sampling.vhd' (VHDL-1481)
-- Analyzing VHDL file C:/Users/david/Desktop/WiFi Headstage/WiFiHeadstage V2/FPGA/FPGA_Intan_Driver/source/impl_1/Controller_RHD_Sampling.vhd
-- Analyzing VHDL file 'C:/Users/david/Desktop/WiFi Headstage/WiFiHeadstage V2/FPGA/FPGA_Intan_Driver/source/impl_1/top_level.vhd' (VHDL-1481)
-- Analyzing VHDL file C:/Users/david/Desktop/WiFi Headstage/WiFiHeadstage V2/FPGA/FPGA_Intan_Driver/source/impl_1/top_level.vhd
-- Analyzing VHDL file 'C:/Users/david/Desktop/WiFi Headstage/WiFiHeadstage V2/FPGA/FPGA_Intan_Driver/source/impl_1/top_level_tb.vhd' (VHDL-1481)
-- Analyzing VHDL file C:/Users/david/Desktop/WiFi Headstage/WiFiHeadstage V2/FPGA/FPGA_Intan_Driver/source/impl_1/top_level_tb.vhd
-- Analyzing VHDL file 'C:/Users/david/Desktop/WiFi Headstage/WiFiHeadstage V2/FPGA/FPGA_Intan_Driver/source/impl_1/Controller_RHD_Sampling_tb.vhd' (VHDL-1481)
-- Analyzing VHDL file C:/Users/david/Desktop/WiFi Headstage/WiFiHeadstage V2/FPGA/FPGA_Intan_Driver/source/impl_1/Controller_RHD_Sampling_tb.vhd
-- Analyzing VHDL file 'C:/lscc/radiant/2023.2/ispfpga/vhdl_packages/standard.vhd' (VHDL-1481)
-- Analyzing VHDL file C:/lscc/radiant/2023.2/ispfpga/vhdl_packages/standard.vhd
-- Analyzing VHDL file 'C:/lscc/radiant/2023.2/ispfpga/vhdl_packages/std_1164.vhd' (VHDL-1481)
-- Analyzing VHDL file C:/lscc/radiant/2023.2/ispfpga/vhdl_packages/std_1164.vhd
-- Analyzing VHDL file 'C:/lscc/radiant/2023.2/ispfpga/vhdl_packages/mgc_qsim.vhd' (VHDL-1481)
-- Analyzing VHDL file C:/lscc/radiant/2023.2/ispfpga/vhdl_packages/mgc_qsim.vhd
-- Analyzing VHDL file 'C:/lscc/radiant/2023.2/ispfpga/vhdl_packages/numeric_bit.vhd' (VHDL-1481)
-- Analyzing VHDL file C:/lscc/radiant/2023.2/ispfpga/vhdl_packages/numeric_bit.vhd
-- Analyzing VHDL file 'C:/lscc/radiant/2023.2/ispfpga/vhdl_packages/numeric_std.vhd' (VHDL-1481)
-- Analyzing VHDL file C:/lscc/radiant/2023.2/ispfpga/vhdl_packages/numeric_std.vhd
-- Analyzing VHDL file 'C:/lscc/radiant/2023.2/ispfpga/vhdl_packages/textio.vhd' (VHDL-1481)
-- Analyzing VHDL file C:/lscc/radiant/2023.2/ispfpga/vhdl_packages/textio.vhd
-- Analyzing VHDL file 'C:/lscc/radiant/2023.2/ispfpga/vhdl_packages/std_logic_textio.vhd' (VHDL-1481)
-- Analyzing VHDL file C:/lscc/radiant/2023.2/ispfpga/vhdl_packages/std_logic_textio.vhd
-- Analyzing VHDL file 'C:/lscc/radiant/2023.2/ispfpga/vhdl_packages/syn_attr.vhd' (VHDL-1481)
-- Analyzing VHDL file C:/lscc/radiant/2023.2/ispfpga/vhdl_packages/syn_attr.vhd
-- Analyzing VHDL file 'C:/lscc/radiant/2023.2/ispfpga/vhdl_packages/syn_misc.vhd' (VHDL-1481)
-- Analyzing VHDL file C:/lscc/radiant/2023.2/ispfpga/vhdl_packages/syn_misc.vhd
-- Analyzing VHDL file 'C:/lscc/radiant/2023.2/ispfpga/vhdl_packages/math_real.vhd' (VHDL-1481)
-- Analyzing VHDL file 'C:/lscc/radiant/2023.2/ispfpga/vhdl_packages/mixed_lang_vltype.vhd' (VHDL-1481)
-- Analyzing VHDL file C:/lscc/radiant/2023.2/ispfpga/vhdl_packages/mixed_lang_vltype.vhd
-- Analyzing VHDL file 'C:/lscc/radiant/2023.2/ispfpga/vhdl_packages/syn_arit.vhd' (VHDL-1481)
-- Analyzing VHDL file C:/lscc/radiant/2023.2/ispfpga/vhdl_packages/syn_arit.vhd
-- Analyzing VHDL file 'C:/lscc/radiant/2023.2/ispfpga/vhdl_packages/syn_sign.vhd' (VHDL-1481)
-- Analyzing VHDL file C:/lscc/radiant/2023.2/ispfpga/vhdl_packages/syn_sign.vhd
-- Analyzing VHDL file 'C:/lscc/radiant/2023.2/ispfpga/vhdl_packages/syn_unsi.vhd' (VHDL-1481)
-- Analyzing VHDL file C:/lscc/radiant/2023.2/ispfpga/vhdl_packages/syn_unsi.vhd
-- Analyzing VHDL file 'C:/lscc/radiant/2023.2/ispfpga/vhdl_packages/synattr.vhd' (VHDL-1481)
-- Analyzing VHDL file C:/lscc/radiant/2023.2/ispfpga/vhdl_packages/synattr.vhd
-- Analyzing Verilog file 'C:/lscc/radiant/2023.2/cae_library/synthesis/verilog/iCE40UP.v' (VERI-1482)
-- Analyzing VHDL file 'C:/lscc/radiant/2023.2/cae_library/synthesis/vhdl/iCE40UP.vhd' (VHDL-1481)
-- Analyzing VHDL file C:/lscc/radiant/2023.2/cae_library/synthesis/vhdl/iCE40UP.vhd
-- Analyzing Verilog file 'C:/Users/david/Desktop/WiFi Headstage/WiFiHeadstage V2/FPGA/FPGA_Intan_Driver/PLL_SPI/rtl/PLL_SPI.v' (VERI-1482)
-- Analyzing Verilog file 'C:/Users/david/Desktop/WiFi Headstage/WiFiHeadstage V2/FPGA/FPGA_Intan_Driver/FIFO_MEM/rtl/FIFO_MEM.v' (VERI-1482)
-- Analyzing VHDL file 'C:/Users/david/Desktop/WiFi Headstage/WiFiHeadstage V2/FPGA/FPGA_Intan_Driver/source/impl_1/Controller_RHD_FIFO.vhd' (VHDL-1481)
-- Analyzing VHDL file C:/Users/david/Desktop/WiFi Headstage/WiFiHeadstage V2/FPGA/FPGA_Intan_Driver/source/impl_1/Controller_RHD_FIFO.vhd
-- Analyzing VHDL file 'C:/Users/david/Desktop/WiFi Headstage/WiFiHeadstage V2/FPGA/FPGA_Intan_Driver/source/impl_1/SPI_Master.vhd' (VHDL-1481)
-- Analyzing VHDL file C:/Users/david/Desktop/WiFi Headstage/WiFiHeadstage V2/FPGA/FPGA_Intan_Driver/source/impl_1/SPI_Master.vhd
-- Analyzing VHDL file 'C:/Users/david/Desktop/WiFi Headstage/WiFiHeadstage V2/FPGA/FPGA_Intan_Driver/source/impl_1/SPI_Master_CS.vhd' (VHDL-1481)
-- Analyzing VHDL file C:/Users/david/Desktop/WiFi Headstage/WiFiHeadstage V2/FPGA/FPGA_Intan_Driver/source/impl_1/SPI_Master_CS.vhd
-- Analyzing VHDL file 'C:/Users/david/Desktop/WiFi Headstage/WiFiHeadstage V2/FPGA/FPGA_Intan_Driver/source/impl_1/Controller_RHD_Sampling.vhd' (VHDL-1481)
-- Analyzing VHDL file C:/Users/david/Desktop/WiFi Headstage/WiFiHeadstage V2/FPGA/FPGA_Intan_Driver/source/impl_1/Controller_RHD_Sampling.vhd
-- Analyzing VHDL file 'C:/Users/david/Desktop/WiFi Headstage/WiFiHeadstage V2/FPGA/FPGA_Intan_Driver/source/impl_1/top_level.vhd' (VHDL-1481)
-- Analyzing VHDL file C:/Users/david/Desktop/WiFi Headstage/WiFiHeadstage V2/FPGA/FPGA_Intan_Driver/source/impl_1/top_level.vhd
-- Analyzing VHDL file 'C:/Users/david/Desktop/WiFi Headstage/WiFiHeadstage V2/FPGA/FPGA_Intan_Driver/source/impl_1/top_level_tb.vhd' (VHDL-1481)
-- Analyzing VHDL file C:/Users/david/Desktop/WiFi Headstage/WiFiHeadstage V2/FPGA/FPGA_Intan_Driver/source/impl_1/top_level_tb.vhd
C:/Users/david/Desktop/WiFi Headstage/WiFiHeadstage V2/FPGA/FPGA_Intan_Driver/source/impl_1/top_level_tb.vhd(55): ERROR: syntax error near ';' (VHDL-1261)
C:/Users/david/Desktop/WiFi Headstage/WiFiHeadstage V2/FPGA/FPGA_Intan_Driver/source/impl_1/top_level_tb.vhd(84): ERROR: unit 'testbench' is ignored due to previous errors (VHDL-1284)
-- VHDL file 'C:/Users/david/Desktop/WiFi Headstage/WiFiHeadstage V2/FPGA/FPGA_Intan_Driver/source/impl_1/top_level_tb.vhd' is ignored due to errors (VHDL-1482)
-- Analyzing VHDL file 'C:/Users/david/Desktop/WiFi Headstage/WiFiHeadstage V2/FPGA/FPGA_Intan_Driver/source/impl_1/Controller_RHD_Sampling_tb.vhd' (VHDL-1481)
-- Analyzing VHDL file C:/Users/david/Desktop/WiFi Headstage/WiFiHeadstage V2/FPGA/FPGA_Intan_Driver/source/impl_1/Controller_RHD_Sampling_tb.vhd
-- Analyzing VHDL file 'C:/lscc/radiant/2023.2/ispfpga/vhdl_packages/standard.vhd' (VHDL-1481)
-- Analyzing VHDL file C:/lscc/radiant/2023.2/ispfpga/vhdl_packages/standard.vhd
-- Analyzing VHDL file 'C:/lscc/radiant/2023.2/ispfpga/vhdl_packages/std_1164.vhd' (VHDL-1481)
-- Analyzing VHDL file C:/lscc/radiant/2023.2/ispfpga/vhdl_packages/std_1164.vhd
-- Analyzing VHDL file 'C:/lscc/radiant/2023.2/ispfpga/vhdl_packages/mgc_qsim.vhd' (VHDL-1481)
-- Analyzing VHDL file C:/lscc/radiant/2023.2/ispfpga/vhdl_packages/mgc_qsim.vhd
-- Analyzing VHDL file 'C:/lscc/radiant/2023.2/ispfpga/vhdl_packages/numeric_bit.vhd' (VHDL-1481)
-- Analyzing VHDL file C:/lscc/radiant/2023.2/ispfpga/vhdl_packages/numeric_bit.vhd
-- Analyzing VHDL file 'C:/lscc/radiant/2023.2/ispfpga/vhdl_packages/numeric_std.vhd' (VHDL-1481)
-- Analyzing VHDL file C:/lscc/radiant/2023.2/ispfpga/vhdl_packages/numeric_std.vhd
-- Analyzing VHDL file 'C:/lscc/radiant/2023.2/ispfpga/vhdl_packages/textio.vhd' (VHDL-1481)
-- Analyzing VHDL file C:/lscc/radiant/2023.2/ispfpga/vhdl_packages/textio.vhd
-- Analyzing VHDL file 'C:/lscc/radiant/2023.2/ispfpga/vhdl_packages/std_logic_textio.vhd' (VHDL-1481)
-- Analyzing VHDL file C:/lscc/radiant/2023.2/ispfpga/vhdl_packages/std_logic_textio.vhd
-- Analyzing VHDL file 'C:/lscc/radiant/2023.2/ispfpga/vhdl_packages/syn_attr.vhd' (VHDL-1481)
-- Analyzing VHDL file C:/lscc/radiant/2023.2/ispfpga/vhdl_packages/syn_attr.vhd
-- Analyzing VHDL file 'C:/lscc/radiant/2023.2/ispfpga/vhdl_packages/syn_misc.vhd' (VHDL-1481)
-- Analyzing VHDL file C:/lscc/radiant/2023.2/ispfpga/vhdl_packages/syn_misc.vhd
-- Analyzing VHDL file 'C:/lscc/radiant/2023.2/ispfpga/vhdl_packages/math_real.vhd' (VHDL-1481)
-- Analyzing VHDL file 'C:/lscc/radiant/2023.2/ispfpga/vhdl_packages/mixed_lang_vltype.vhd' (VHDL-1481)
-- Analyzing VHDL file C:/lscc/radiant/2023.2/ispfpga/vhdl_packages/mixed_lang_vltype.vhd
-- Analyzing VHDL file 'C:/lscc/radiant/2023.2/ispfpga/vhdl_packages/syn_arit.vhd' (VHDL-1481)
-- Analyzing VHDL file C:/lscc/radiant/2023.2/ispfpga/vhdl_packages/syn_arit.vhd
-- Analyzing VHDL file 'C:/lscc/radiant/2023.2/ispfpga/vhdl_packages/syn_sign.vhd' (VHDL-1481)
-- Analyzing VHDL file C:/lscc/radiant/2023.2/ispfpga/vhdl_packages/syn_sign.vhd
-- Analyzing VHDL file 'C:/lscc/radiant/2023.2/ispfpga/vhdl_packages/syn_unsi.vhd' (VHDL-1481)
-- Analyzing VHDL file C:/lscc/radiant/2023.2/ispfpga/vhdl_packages/syn_unsi.vhd
-- Analyzing VHDL file 'C:/lscc/radiant/2023.2/ispfpga/vhdl_packages/synattr.vhd' (VHDL-1481)
-- Analyzing VHDL file C:/lscc/radiant/2023.2/ispfpga/vhdl_packages/synattr.vhd
-- Analyzing Verilog file 'C:/lscc/radiant/2023.2/cae_library/synthesis/verilog/iCE40UP.v' (VERI-1482)
-- Analyzing VHDL file 'C:/lscc/radiant/2023.2/cae_library/synthesis/vhdl/iCE40UP.vhd' (VHDL-1481)
-- Analyzing VHDL file C:/lscc/radiant/2023.2/cae_library/synthesis/vhdl/iCE40UP.vhd
-- Analyzing Verilog file 'C:/Users/david/Desktop/WiFi Headstage/WiFiHeadstage V2/FPGA/FPGA_Intan_Driver/PLL_SPI/rtl/PLL_SPI.v' (VERI-1482)
-- Analyzing Verilog file 'C:/Users/david/Desktop/WiFi Headstage/WiFiHeadstage V2/FPGA/FPGA_Intan_Driver/FIFO_MEM/rtl/FIFO_MEM.v' (VERI-1482)
-- Analyzing VHDL file 'C:/Users/david/Desktop/WiFi Headstage/WiFiHeadstage V2/FPGA/FPGA_Intan_Driver/source/impl_1/Controller_RHD_FIFO.vhd' (VHDL-1481)
-- Analyzing VHDL file C:/Users/david/Desktop/WiFi Headstage/WiFiHeadstage V2/FPGA/FPGA_Intan_Driver/source/impl_1/Controller_RHD_FIFO.vhd
-- Analyzing VHDL file 'C:/Users/david/Desktop/WiFi Headstage/WiFiHeadstage V2/FPGA/FPGA_Intan_Driver/source/impl_1/SPI_Master.vhd' (VHDL-1481)
-- Analyzing VHDL file C:/Users/david/Desktop/WiFi Headstage/WiFiHeadstage V2/FPGA/FPGA_Intan_Driver/source/impl_1/SPI_Master.vhd
-- Analyzing VHDL file 'C:/Users/david/Desktop/WiFi Headstage/WiFiHeadstage V2/FPGA/FPGA_Intan_Driver/source/impl_1/SPI_Master_CS.vhd' (VHDL-1481)
-- Analyzing VHDL file C:/Users/david/Desktop/WiFi Headstage/WiFiHeadstage V2/FPGA/FPGA_Intan_Driver/source/impl_1/SPI_Master_CS.vhd
-- Analyzing VHDL file 'C:/Users/david/Desktop/WiFi Headstage/WiFiHeadstage V2/FPGA/FPGA_Intan_Driver/source/impl_1/Controller_RHD_Sampling.vhd' (VHDL-1481)
-- Analyzing VHDL file C:/Users/david/Desktop/WiFi Headstage/WiFiHeadstage V2/FPGA/FPGA_Intan_Driver/source/impl_1/Controller_RHD_Sampling.vhd
-- Analyzing VHDL file 'C:/Users/david/Desktop/WiFi Headstage/WiFiHeadstage V2/FPGA/FPGA_Intan_Driver/source/impl_1/top_level.vhd' (VHDL-1481)
-- Analyzing VHDL file C:/Users/david/Desktop/WiFi Headstage/WiFiHeadstage V2/FPGA/FPGA_Intan_Driver/source/impl_1/top_level.vhd
-- Analyzing VHDL file 'C:/Users/david/Desktop/WiFi Headstage/WiFiHeadstage V2/FPGA/FPGA_Intan_Driver/source/impl_1/top_level_tb.vhd' (VHDL-1481)
-- Analyzing VHDL file C:/Users/david/Desktop/WiFi Headstage/WiFiHeadstage V2/FPGA/FPGA_Intan_Driver/source/impl_1/top_level_tb.vhd
-- Analyzing VHDL file 'C:/Users/david/Desktop/WiFi Headstage/WiFiHeadstage V2/FPGA/FPGA_Intan_Driver/source/impl_1/Controller_RHD_Sampling_tb.vhd' (VHDL-1481)
-- Analyzing VHDL file C:/Users/david/Desktop/WiFi Headstage/WiFiHeadstage V2/FPGA/FPGA_Intan_Driver/source/impl_1/Controller_RHD_Sampling_tb.vhd
-- Analyzing VHDL file 'C:/lscc/radiant/2023.2/ispfpga/vhdl_packages/standard.vhd' (VHDL-1481)
-- Analyzing VHDL file C:/lscc/radiant/2023.2/ispfpga/vhdl_packages/standard.vhd
-- Analyzing VHDL file 'C:/lscc/radiant/2023.2/ispfpga/vhdl_packages/std_1164.vhd' (VHDL-1481)
-- Analyzing VHDL file C:/lscc/radiant/2023.2/ispfpga/vhdl_packages/std_1164.vhd
-- Analyzing VHDL file 'C:/lscc/radiant/2023.2/ispfpga/vhdl_packages/mgc_qsim.vhd' (VHDL-1481)
-- Analyzing VHDL file C:/lscc/radiant/2023.2/ispfpga/vhdl_packages/mgc_qsim.vhd
-- Analyzing VHDL file 'C:/lscc/radiant/2023.2/ispfpga/vhdl_packages/numeric_bit.vhd' (VHDL-1481)
-- Analyzing VHDL file C:/lscc/radiant/2023.2/ispfpga/vhdl_packages/numeric_bit.vhd
-- Analyzing VHDL file 'C:/lscc/radiant/2023.2/ispfpga/vhdl_packages/numeric_std.vhd' (VHDL-1481)
-- Analyzing VHDL file C:/lscc/radiant/2023.2/ispfpga/vhdl_packages/numeric_std.vhd
-- Analyzing VHDL file 'C:/lscc/radiant/2023.2/ispfpga/vhdl_packages/textio.vhd' (VHDL-1481)
-- Analyzing VHDL file C:/lscc/radiant/2023.2/ispfpga/vhdl_packages/textio.vhd
-- Analyzing VHDL file 'C:/lscc/radiant/2023.2/ispfpga/vhdl_packages/std_logic_textio.vhd' (VHDL-1481)
-- Analyzing VHDL file C:/lscc/radiant/2023.2/ispfpga/vhdl_packages/std_logic_textio.vhd
-- Analyzing VHDL file 'C:/lscc/radiant/2023.2/ispfpga/vhdl_packages/syn_attr.vhd' (VHDL-1481)
-- Analyzing VHDL file C:/lscc/radiant/2023.2/ispfpga/vhdl_packages/syn_attr.vhd
-- Analyzing VHDL file 'C:/lscc/radiant/2023.2/ispfpga/vhdl_packages/syn_misc.vhd' (VHDL-1481)
-- Analyzing VHDL file C:/lscc/radiant/2023.2/ispfpga/vhdl_packages/syn_misc.vhd
-- Analyzing VHDL file 'C:/lscc/radiant/2023.2/ispfpga/vhdl_packages/math_real.vhd' (VHDL-1481)
-- Analyzing VHDL file 'C:/lscc/radiant/2023.2/ispfpga/vhdl_packages/mixed_lang_vltype.vhd' (VHDL-1481)
-- Analyzing VHDL file C:/lscc/radiant/2023.2/ispfpga/vhdl_packages/mixed_lang_vltype.vhd
-- Analyzing VHDL file 'C:/lscc/radiant/2023.2/ispfpga/vhdl_packages/syn_arit.vhd' (VHDL-1481)
-- Analyzing VHDL file C:/lscc/radiant/2023.2/ispfpga/vhdl_packages/syn_arit.vhd
-- Analyzing VHDL file 'C:/lscc/radiant/2023.2/ispfpga/vhdl_packages/syn_sign.vhd' (VHDL-1481)
-- Analyzing VHDL file C:/lscc/radiant/2023.2/ispfpga/vhdl_packages/syn_sign.vhd
-- Analyzing VHDL file 'C:/lscc/radiant/2023.2/ispfpga/vhdl_packages/syn_unsi.vhd' (VHDL-1481)
-- Analyzing VHDL file C:/lscc/radiant/2023.2/ispfpga/vhdl_packages/syn_unsi.vhd
-- Analyzing VHDL file 'C:/lscc/radiant/2023.2/ispfpga/vhdl_packages/synattr.vhd' (VHDL-1481)
-- Analyzing VHDL file C:/lscc/radiant/2023.2/ispfpga/vhdl_packages/synattr.vhd
-- Analyzing Verilog file 'C:/lscc/radiant/2023.2/cae_library/synthesis/verilog/iCE40UP.v' (VERI-1482)
-- Analyzing VHDL file 'C:/lscc/radiant/2023.2/cae_library/synthesis/vhdl/iCE40UP.vhd' (VHDL-1481)
-- Analyzing VHDL file C:/lscc/radiant/2023.2/cae_library/synthesis/vhdl/iCE40UP.vhd
-- Analyzing Verilog file 'C:/Users/david/Desktop/WiFi Headstage/WiFiHeadstage V2/FPGA/FPGA_Intan_Driver/PLL_SPI/rtl/PLL_SPI.v' (VERI-1482)
-- Analyzing Verilog file 'C:/Users/david/Desktop/WiFi Headstage/WiFiHeadstage V2/FPGA/FPGA_Intan_Driver/FIFO_MEM/rtl/FIFO_MEM.v' (VERI-1482)
-- Analyzing VHDL file 'C:/Users/david/Desktop/WiFi Headstage/WiFiHeadstage V2/FPGA/FPGA_Intan_Driver/source/impl_1/Controller_RHD_FIFO.vhd' (VHDL-1481)
-- Analyzing VHDL file C:/Users/david/Desktop/WiFi Headstage/WiFiHeadstage V2/FPGA/FPGA_Intan_Driver/source/impl_1/Controller_RHD_FIFO.vhd
-- Analyzing VHDL file 'C:/Users/david/Desktop/WiFi Headstage/WiFiHeadstage V2/FPGA/FPGA_Intan_Driver/source/impl_1/SPI_Master.vhd' (VHDL-1481)
-- Analyzing VHDL file C:/Users/david/Desktop/WiFi Headstage/WiFiHeadstage V2/FPGA/FPGA_Intan_Driver/source/impl_1/SPI_Master.vhd
-- Analyzing VHDL file 'C:/Users/david/Desktop/WiFi Headstage/WiFiHeadstage V2/FPGA/FPGA_Intan_Driver/source/impl_1/SPI_Master_CS.vhd' (VHDL-1481)
-- Analyzing VHDL file C:/Users/david/Desktop/WiFi Headstage/WiFiHeadstage V2/FPGA/FPGA_Intan_Driver/source/impl_1/SPI_Master_CS.vhd
-- Analyzing VHDL file 'C:/Users/david/Desktop/WiFi Headstage/WiFiHeadstage V2/FPGA/FPGA_Intan_Driver/source/impl_1/Controller_RHD_Sampling.vhd' (VHDL-1481)
-- Analyzing VHDL file C:/Users/david/Desktop/WiFi Headstage/WiFiHeadstage V2/FPGA/FPGA_Intan_Driver/source/impl_1/Controller_RHD_Sampling.vhd
-- Analyzing VHDL file 'C:/Users/david/Desktop/WiFi Headstage/WiFiHeadstage V2/FPGA/FPGA_Intan_Driver/source/impl_1/top_level.vhd' (VHDL-1481)
-- Analyzing VHDL file C:/Users/david/Desktop/WiFi Headstage/WiFiHeadstage V2/FPGA/FPGA_Intan_Driver/source/impl_1/top_level.vhd
-- Analyzing VHDL file 'C:/Users/david/Desktop/WiFi Headstage/WiFiHeadstage V2/FPGA/FPGA_Intan_Driver/source/impl_1/top_level_tb.vhd' (VHDL-1481)
-- Analyzing VHDL file C:/Users/david/Desktop/WiFi Headstage/WiFiHeadstage V2/FPGA/FPGA_Intan_Driver/source/impl_1/top_level_tb.vhd
-- Analyzing VHDL file 'C:/Users/david/Desktop/WiFi Headstage/WiFiHeadstage V2/FPGA/FPGA_Intan_Driver/source/impl_1/Controller_RHD_Sampling_tb.vhd' (VHDL-1481)
-- Analyzing VHDL file C:/Users/david/Desktop/WiFi Headstage/WiFiHeadstage V2/FPGA/FPGA_Intan_Driver/source/impl_1/Controller_RHD_Sampling_tb.vhd
-- Analyzing VHDL file 'C:/lscc/radiant/2023.2/ispfpga/vhdl_packages/standard.vhd' (VHDL-1481)
-- Analyzing VHDL file C:/lscc/radiant/2023.2/ispfpga/vhdl_packages/standard.vhd
-- Analyzing VHDL file 'C:/lscc/radiant/2023.2/ispfpga/vhdl_packages/std_1164.vhd' (VHDL-1481)
-- Analyzing VHDL file C:/lscc/radiant/2023.2/ispfpga/vhdl_packages/std_1164.vhd
-- Analyzing VHDL file 'C:/lscc/radiant/2023.2/ispfpga/vhdl_packages/mgc_qsim.vhd' (VHDL-1481)
-- Analyzing VHDL file C:/lscc/radiant/2023.2/ispfpga/vhdl_packages/mgc_qsim.vhd
-- Analyzing VHDL file 'C:/lscc/radiant/2023.2/ispfpga/vhdl_packages/numeric_bit.vhd' (VHDL-1481)
-- Analyzing VHDL file C:/lscc/radiant/2023.2/ispfpga/vhdl_packages/numeric_bit.vhd
-- Analyzing VHDL file 'C:/lscc/radiant/2023.2/ispfpga/vhdl_packages/numeric_std.vhd' (VHDL-1481)
-- Analyzing VHDL file C:/lscc/radiant/2023.2/ispfpga/vhdl_packages/numeric_std.vhd
-- Analyzing VHDL file 'C:/lscc/radiant/2023.2/ispfpga/vhdl_packages/textio.vhd' (VHDL-1481)
-- Analyzing VHDL file C:/lscc/radiant/2023.2/ispfpga/vhdl_packages/textio.vhd
-- Analyzing VHDL file 'C:/lscc/radiant/2023.2/ispfpga/vhdl_packages/std_logic_textio.vhd' (VHDL-1481)
-- Analyzing VHDL file C:/lscc/radiant/2023.2/ispfpga/vhdl_packages/std_logic_textio.vhd
-- Analyzing VHDL file 'C:/lscc/radiant/2023.2/ispfpga/vhdl_packages/syn_attr.vhd' (VHDL-1481)
-- Analyzing VHDL file C:/lscc/radiant/2023.2/ispfpga/vhdl_packages/syn_attr.vhd
-- Analyzing VHDL file 'C:/lscc/radiant/2023.2/ispfpga/vhdl_packages/syn_misc.vhd' (VHDL-1481)
-- Analyzing VHDL file C:/lscc/radiant/2023.2/ispfpga/vhdl_packages/syn_misc.vhd
-- Analyzing VHDL file 'C:/lscc/radiant/2023.2/ispfpga/vhdl_packages/math_real.vhd' (VHDL-1481)
-- Analyzing VHDL file 'C:/lscc/radiant/2023.2/ispfpga/vhdl_packages/mixed_lang_vltype.vhd' (VHDL-1481)
-- Analyzing VHDL file C:/lscc/radiant/2023.2/ispfpga/vhdl_packages/mixed_lang_vltype.vhd
-- Analyzing VHDL file 'C:/lscc/radiant/2023.2/ispfpga/vhdl_packages/syn_arit.vhd' (VHDL-1481)
-- Analyzing VHDL file C:/lscc/radiant/2023.2/ispfpga/vhdl_packages/syn_arit.vhd
-- Analyzing VHDL file 'C:/lscc/radiant/2023.2/ispfpga/vhdl_packages/syn_sign.vhd' (VHDL-1481)
-- Analyzing VHDL file C:/lscc/radiant/2023.2/ispfpga/vhdl_packages/syn_sign.vhd
-- Analyzing VHDL file 'C:/lscc/radiant/2023.2/ispfpga/vhdl_packages/syn_unsi.vhd' (VHDL-1481)
-- Analyzing VHDL file C:/lscc/radiant/2023.2/ispfpga/vhdl_packages/syn_unsi.vhd
-- Analyzing VHDL file 'C:/lscc/radiant/2023.2/ispfpga/vhdl_packages/synattr.vhd' (VHDL-1481)
-- Analyzing VHDL file C:/lscc/radiant/2023.2/ispfpga/vhdl_packages/synattr.vhd
-- Analyzing Verilog file 'C:/lscc/radiant/2023.2/cae_library/synthesis/verilog/iCE40UP.v' (VERI-1482)
-- Analyzing VHDL file 'C:/lscc/radiant/2023.2/cae_library/synthesis/vhdl/iCE40UP.vhd' (VHDL-1481)
-- Analyzing VHDL file C:/lscc/radiant/2023.2/cae_library/synthesis/vhdl/iCE40UP.vhd
-- Analyzing Verilog file 'C:/Users/david/Desktop/WiFi Headstage/WiFiHeadstage V2/FPGA/FPGA_Intan_Driver/PLL_SPI/rtl/PLL_SPI.v' (VERI-1482)
-- Analyzing Verilog file 'C:/Users/david/Desktop/WiFi Headstage/WiFiHeadstage V2/FPGA/FPGA_Intan_Driver/FIFO_MEM/rtl/FIFO_MEM.v' (VERI-1482)
-- Analyzing VHDL file 'C:/Users/david/Desktop/WiFi Headstage/WiFiHeadstage V2/FPGA/FPGA_Intan_Driver/source/impl_1/Controller_RHD_FIFO.vhd' (VHDL-1481)
-- Analyzing VHDL file C:/Users/david/Desktop/WiFi Headstage/WiFiHeadstage V2/FPGA/FPGA_Intan_Driver/source/impl_1/Controller_RHD_FIFO.vhd
-- Analyzing VHDL file 'C:/Users/david/Desktop/WiFi Headstage/WiFiHeadstage V2/FPGA/FPGA_Intan_Driver/source/impl_1/SPI_Master.vhd' (VHDL-1481)
-- Analyzing VHDL file C:/Users/david/Desktop/WiFi Headstage/WiFiHeadstage V2/FPGA/FPGA_Intan_Driver/source/impl_1/SPI_Master.vhd
-- Analyzing VHDL file 'C:/Users/david/Desktop/WiFi Headstage/WiFiHeadstage V2/FPGA/FPGA_Intan_Driver/source/impl_1/SPI_Master_CS.vhd' (VHDL-1481)
-- Analyzing VHDL file C:/Users/david/Desktop/WiFi Headstage/WiFiHeadstage V2/FPGA/FPGA_Intan_Driver/source/impl_1/SPI_Master_CS.vhd
-- Analyzing VHDL file 'C:/Users/david/Desktop/WiFi Headstage/WiFiHeadstage V2/FPGA/FPGA_Intan_Driver/source/impl_1/Controller_RHD_Sampling.vhd' (VHDL-1481)
-- Analyzing VHDL file C:/Users/david/Desktop/WiFi Headstage/WiFiHeadstage V2/FPGA/FPGA_Intan_Driver/source/impl_1/Controller_RHD_Sampling.vhd
-- Analyzing VHDL file 'C:/Users/david/Desktop/WiFi Headstage/WiFiHeadstage V2/FPGA/FPGA_Intan_Driver/source/impl_1/top_level.vhd' (VHDL-1481)
-- Analyzing VHDL file C:/Users/david/Desktop/WiFi Headstage/WiFiHeadstage V2/FPGA/FPGA_Intan_Driver/source/impl_1/top_level.vhd
-- Analyzing VHDL file 'C:/Users/david/Desktop/WiFi Headstage/WiFiHeadstage V2/FPGA/FPGA_Intan_Driver/source/impl_1/top_level_tb.vhd' (VHDL-1481)
-- Analyzing VHDL file C:/Users/david/Desktop/WiFi Headstage/WiFiHeadstage V2/FPGA/FPGA_Intan_Driver/source/impl_1/top_level_tb.vhd
-- Analyzing VHDL file 'C:/Users/david/Desktop/WiFi Headstage/WiFiHeadstage V2/FPGA/FPGA_Intan_Driver/source/impl_1/Controller_RHD_Sampling_tb.vhd' (VHDL-1481)
-- Analyzing VHDL file C:/Users/david/Desktop/WiFi Headstage/WiFiHeadstage V2/FPGA/FPGA_Intan_Driver/source/impl_1/Controller_RHD_Sampling_tb.vhd
-- Analyzing VHDL file 'C:/lscc/radiant/2023.2/ispfpga/vhdl_packages/standard.vhd' (VHDL-1481)
-- Analyzing VHDL file C:/lscc/radiant/2023.2/ispfpga/vhdl_packages/standard.vhd
-- Analyzing VHDL file 'C:/lscc/radiant/2023.2/ispfpga/vhdl_packages/std_1164.vhd' (VHDL-1481)
-- Analyzing VHDL file C:/lscc/radiant/2023.2/ispfpga/vhdl_packages/std_1164.vhd
-- Analyzing VHDL file 'C:/lscc/radiant/2023.2/ispfpga/vhdl_packages/mgc_qsim.vhd' (VHDL-1481)
-- Analyzing VHDL file C:/lscc/radiant/2023.2/ispfpga/vhdl_packages/mgc_qsim.vhd
-- Analyzing VHDL file 'C:/lscc/radiant/2023.2/ispfpga/vhdl_packages/numeric_bit.vhd' (VHDL-1481)
-- Analyzing VHDL file C:/lscc/radiant/2023.2/ispfpga/vhdl_packages/numeric_bit.vhd
-- Analyzing VHDL file 'C:/lscc/radiant/2023.2/ispfpga/vhdl_packages/numeric_std.vhd' (VHDL-1481)
-- Analyzing VHDL file C:/lscc/radiant/2023.2/ispfpga/vhdl_packages/numeric_std.vhd
-- Analyzing VHDL file 'C:/lscc/radiant/2023.2/ispfpga/vhdl_packages/textio.vhd' (VHDL-1481)
-- Analyzing VHDL file C:/lscc/radiant/2023.2/ispfpga/vhdl_packages/textio.vhd
-- Analyzing VHDL file 'C:/lscc/radiant/2023.2/ispfpga/vhdl_packages/std_logic_textio.vhd' (VHDL-1481)
-- Analyzing VHDL file C:/lscc/radiant/2023.2/ispfpga/vhdl_packages/std_logic_textio.vhd
-- Analyzing VHDL file 'C:/lscc/radiant/2023.2/ispfpga/vhdl_packages/syn_attr.vhd' (VHDL-1481)
-- Analyzing VHDL file C:/lscc/radiant/2023.2/ispfpga/vhdl_packages/syn_attr.vhd
-- Analyzing VHDL file 'C:/lscc/radiant/2023.2/ispfpga/vhdl_packages/syn_misc.vhd' (VHDL-1481)
-- Analyzing VHDL file C:/lscc/radiant/2023.2/ispfpga/vhdl_packages/syn_misc.vhd
-- Analyzing VHDL file 'C:/lscc/radiant/2023.2/ispfpga/vhdl_packages/math_real.vhd' (VHDL-1481)
-- Analyzing VHDL file 'C:/lscc/radiant/2023.2/ispfpga/vhdl_packages/mixed_lang_vltype.vhd' (VHDL-1481)
-- Analyzing VHDL file C:/lscc/radiant/2023.2/ispfpga/vhdl_packages/mixed_lang_vltype.vhd
-- Analyzing VHDL file 'C:/lscc/radiant/2023.2/ispfpga/vhdl_packages/syn_arit.vhd' (VHDL-1481)
-- Analyzing VHDL file C:/lscc/radiant/2023.2/ispfpga/vhdl_packages/syn_arit.vhd
-- Analyzing VHDL file 'C:/lscc/radiant/2023.2/ispfpga/vhdl_packages/syn_sign.vhd' (VHDL-1481)
-- Analyzing VHDL file C:/lscc/radiant/2023.2/ispfpga/vhdl_packages/syn_sign.vhd
-- Analyzing VHDL file 'C:/lscc/radiant/2023.2/ispfpga/vhdl_packages/syn_unsi.vhd' (VHDL-1481)
-- Analyzing VHDL file C:/lscc/radiant/2023.2/ispfpga/vhdl_packages/syn_unsi.vhd
-- Analyzing VHDL file 'C:/lscc/radiant/2023.2/ispfpga/vhdl_packages/synattr.vhd' (VHDL-1481)
-- Analyzing VHDL file C:/lscc/radiant/2023.2/ispfpga/vhdl_packages/synattr.vhd
-- Analyzing Verilog file 'C:/lscc/radiant/2023.2/cae_library/synthesis/verilog/iCE40UP.v' (VERI-1482)
-- Analyzing VHDL file 'C:/lscc/radiant/2023.2/cae_library/synthesis/vhdl/iCE40UP.vhd' (VHDL-1481)
-- Analyzing VHDL file C:/lscc/radiant/2023.2/cae_library/synthesis/vhdl/iCE40UP.vhd
-- Analyzing Verilog file 'C:/Users/david/Desktop/WiFi Headstage/WiFiHeadstage V2/FPGA/FPGA_Intan_Driver/PLL_SPI/rtl/PLL_SPI.v' (VERI-1482)
-- Analyzing Verilog file 'C:/Users/david/Desktop/WiFi Headstage/WiFiHeadstage V2/FPGA/FPGA_Intan_Driver/FIFO_MEM/rtl/FIFO_MEM.v' (VERI-1482)
-- Analyzing VHDL file 'C:/Users/david/Desktop/WiFi Headstage/WiFiHeadstage V2/FPGA/FPGA_Intan_Driver/source/impl_1/Controller_RHD_FIFO.vhd' (VHDL-1481)
-- Analyzing VHDL file C:/Users/david/Desktop/WiFi Headstage/WiFiHeadstage V2/FPGA/FPGA_Intan_Driver/source/impl_1/Controller_RHD_FIFO.vhd
-- Analyzing VHDL file 'C:/Users/david/Desktop/WiFi Headstage/WiFiHeadstage V2/FPGA/FPGA_Intan_Driver/source/impl_1/SPI_Master.vhd' (VHDL-1481)
-- Analyzing VHDL file C:/Users/david/Desktop/WiFi Headstage/WiFiHeadstage V2/FPGA/FPGA_Intan_Driver/source/impl_1/SPI_Master.vhd
-- Analyzing VHDL file 'C:/Users/david/Desktop/WiFi Headstage/WiFiHeadstage V2/FPGA/FPGA_Intan_Driver/source/impl_1/SPI_Master_CS.vhd' (VHDL-1481)
-- Analyzing VHDL file C:/Users/david/Desktop/WiFi Headstage/WiFiHeadstage V2/FPGA/FPGA_Intan_Driver/source/impl_1/SPI_Master_CS.vhd
-- Analyzing VHDL file 'C:/Users/david/Desktop/WiFi Headstage/WiFiHeadstage V2/FPGA/FPGA_Intan_Driver/source/impl_1/Controller_RHD_Sampling.vhd' (VHDL-1481)
-- Analyzing VHDL file C:/Users/david/Desktop/WiFi Headstage/WiFiHeadstage V2/FPGA/FPGA_Intan_Driver/source/impl_1/Controller_RHD_Sampling.vhd
-- Analyzing VHDL file 'C:/Users/david/Desktop/WiFi Headstage/WiFiHeadstage V2/FPGA/FPGA_Intan_Driver/source/impl_1/top_level.vhd' (VHDL-1481)
-- Analyzing VHDL file C:/Users/david/Desktop/WiFi Headstage/WiFiHeadstage V2/FPGA/FPGA_Intan_Driver/source/impl_1/top_level.vhd
-- Analyzing VHDL file 'C:/Users/david/Desktop/WiFi Headstage/WiFiHeadstage V2/FPGA/FPGA_Intan_Driver/source/impl_1/top_level_tb.vhd' (VHDL-1481)
-- Analyzing VHDL file C:/Users/david/Desktop/WiFi Headstage/WiFiHeadstage V2/FPGA/FPGA_Intan_Driver/source/impl_1/top_level_tb.vhd
-- Analyzing VHDL file 'C:/Users/david/Desktop/WiFi Headstage/WiFiHeadstage V2/FPGA/FPGA_Intan_Driver/source/impl_1/Controller_RHD_Sampling_tb.vhd' (VHDL-1481)
-- Analyzing VHDL file C:/Users/david/Desktop/WiFi Headstage/WiFiHeadstage V2/FPGA/FPGA_Intan_Driver/source/impl_1/Controller_RHD_Sampling_tb.vhd
-- Analyzing VHDL file 'C:/lscc/radiant/2023.2/ispfpga/vhdl_packages/standard.vhd' (VHDL-1481)
-- Analyzing VHDL file C:/lscc/radiant/2023.2/ispfpga/vhdl_packages/standard.vhd
-- Analyzing VHDL file 'C:/lscc/radiant/2023.2/ispfpga/vhdl_packages/std_1164.vhd' (VHDL-1481)
-- Analyzing VHDL file C:/lscc/radiant/2023.2/ispfpga/vhdl_packages/std_1164.vhd
-- Analyzing VHDL file 'C:/lscc/radiant/2023.2/ispfpga/vhdl_packages/mgc_qsim.vhd' (VHDL-1481)
-- Analyzing VHDL file C:/lscc/radiant/2023.2/ispfpga/vhdl_packages/mgc_qsim.vhd
-- Analyzing VHDL file 'C:/lscc/radiant/2023.2/ispfpga/vhdl_packages/numeric_bit.vhd' (VHDL-1481)
-- Analyzing VHDL file C:/lscc/radiant/2023.2/ispfpga/vhdl_packages/numeric_bit.vhd
-- Analyzing VHDL file 'C:/lscc/radiant/2023.2/ispfpga/vhdl_packages/numeric_std.vhd' (VHDL-1481)
-- Analyzing VHDL file C:/lscc/radiant/2023.2/ispfpga/vhdl_packages/numeric_std.vhd
-- Analyzing VHDL file 'C:/lscc/radiant/2023.2/ispfpga/vhdl_packages/textio.vhd' (VHDL-1481)
-- Analyzing VHDL file C:/lscc/radiant/2023.2/ispfpga/vhdl_packages/textio.vhd
-- Analyzing VHDL file 'C:/lscc/radiant/2023.2/ispfpga/vhdl_packages/std_logic_textio.vhd' (VHDL-1481)
-- Analyzing VHDL file C:/lscc/radiant/2023.2/ispfpga/vhdl_packages/std_logic_textio.vhd
-- Analyzing VHDL file 'C:/lscc/radiant/2023.2/ispfpga/vhdl_packages/syn_attr.vhd' (VHDL-1481)
-- Analyzing VHDL file C:/lscc/radiant/2023.2/ispfpga/vhdl_packages/syn_attr.vhd
-- Analyzing VHDL file 'C:/lscc/radiant/2023.2/ispfpga/vhdl_packages/syn_misc.vhd' (VHDL-1481)
-- Analyzing VHDL file C:/lscc/radiant/2023.2/ispfpga/vhdl_packages/syn_misc.vhd
-- Analyzing VHDL file 'C:/lscc/radiant/2023.2/ispfpga/vhdl_packages/math_real.vhd' (VHDL-1481)
-- Analyzing VHDL file 'C:/lscc/radiant/2023.2/ispfpga/vhdl_packages/mixed_lang_vltype.vhd' (VHDL-1481)
-- Analyzing VHDL file C:/lscc/radiant/2023.2/ispfpga/vhdl_packages/mixed_lang_vltype.vhd
-- Analyzing VHDL file 'C:/lscc/radiant/2023.2/ispfpga/vhdl_packages/syn_arit.vhd' (VHDL-1481)
-- Analyzing VHDL file C:/lscc/radiant/2023.2/ispfpga/vhdl_packages/syn_arit.vhd
-- Analyzing VHDL file 'C:/lscc/radiant/2023.2/ispfpga/vhdl_packages/syn_sign.vhd' (VHDL-1481)
-- Analyzing VHDL file C:/lscc/radiant/2023.2/ispfpga/vhdl_packages/syn_sign.vhd
-- Analyzing VHDL file 'C:/lscc/radiant/2023.2/ispfpga/vhdl_packages/syn_unsi.vhd' (VHDL-1481)
-- Analyzing VHDL file C:/lscc/radiant/2023.2/ispfpga/vhdl_packages/syn_unsi.vhd
-- Analyzing VHDL file 'C:/lscc/radiant/2023.2/ispfpga/vhdl_packages/synattr.vhd' (VHDL-1481)
-- Analyzing VHDL file C:/lscc/radiant/2023.2/ispfpga/vhdl_packages/synattr.vhd
-- Analyzing Verilog file 'C:/lscc/radiant/2023.2/cae_library/synthesis/verilog/iCE40UP.v' (VERI-1482)
-- Analyzing VHDL file 'C:/lscc/radiant/2023.2/cae_library/synthesis/vhdl/iCE40UP.vhd' (VHDL-1481)
-- Analyzing VHDL file C:/lscc/radiant/2023.2/cae_library/synthesis/vhdl/iCE40UP.vhd
-- Analyzing Verilog file 'C:/Users/david/Desktop/WiFi Headstage/WiFiHeadstage V2/FPGA/FPGA_Intan_Driver/PLL_SPI/rtl/PLL_SPI.v' (VERI-1482)
-- Analyzing Verilog file 'C:/Users/david/Desktop/WiFi Headstage/WiFiHeadstage V2/FPGA/FPGA_Intan_Driver/FIFO_MEM/rtl/FIFO_MEM.v' (VERI-1482)
-- Analyzing VHDL file 'C:/Users/david/Desktop/WiFi Headstage/WiFiHeadstage V2/FPGA/FPGA_Intan_Driver/source/impl_1/Controller_RHD_FIFO.vhd' (VHDL-1481)
-- Analyzing VHDL file C:/Users/david/Desktop/WiFi Headstage/WiFiHeadstage V2/FPGA/FPGA_Intan_Driver/source/impl_1/Controller_RHD_FIFO.vhd
-- Analyzing VHDL file 'C:/Users/david/Desktop/WiFi Headstage/WiFiHeadstage V2/FPGA/FPGA_Intan_Driver/source/impl_1/SPI_Master.vhd' (VHDL-1481)
-- Analyzing VHDL file C:/Users/david/Desktop/WiFi Headstage/WiFiHeadstage V2/FPGA/FPGA_Intan_Driver/source/impl_1/SPI_Master.vhd
-- Analyzing VHDL file 'C:/Users/david/Desktop/WiFi Headstage/WiFiHeadstage V2/FPGA/FPGA_Intan_Driver/source/impl_1/SPI_Master_CS.vhd' (VHDL-1481)
-- Analyzing VHDL file C:/Users/david/Desktop/WiFi Headstage/WiFiHeadstage V2/FPGA/FPGA_Intan_Driver/source/impl_1/SPI_Master_CS.vhd
-- Analyzing VHDL file 'C:/Users/david/Desktop/WiFi Headstage/WiFiHeadstage V2/FPGA/FPGA_Intan_Driver/source/impl_1/Controller_RHD_Sampling.vhd' (VHDL-1481)
-- Analyzing VHDL file C:/Users/david/Desktop/WiFi Headstage/WiFiHeadstage V2/FPGA/FPGA_Intan_Driver/source/impl_1/Controller_RHD_Sampling.vhd
-- Analyzing VHDL file 'C:/Users/david/Desktop/WiFi Headstage/WiFiHeadstage V2/FPGA/FPGA_Intan_Driver/source/impl_1/top_level.vhd' (VHDL-1481)
-- Analyzing VHDL file C:/Users/david/Desktop/WiFi Headstage/WiFiHeadstage V2/FPGA/FPGA_Intan_Driver/source/impl_1/top_level.vhd
-- Analyzing VHDL file 'C:/Users/david/Desktop/WiFi Headstage/WiFiHeadstage V2/FPGA/FPGA_Intan_Driver/source/impl_1/top_level_tb.vhd' (VHDL-1481)
-- Analyzing VHDL file C:/Users/david/Desktop/WiFi Headstage/WiFiHeadstage V2/FPGA/FPGA_Intan_Driver/source/impl_1/top_level_tb.vhd
-- Analyzing VHDL file 'C:/Users/david/Desktop/WiFi Headstage/WiFiHeadstage V2/FPGA/FPGA_Intan_Driver/source/impl_1/Controller_RHD_Sampling_tb.vhd' (VHDL-1481)
-- Analyzing VHDL file C:/Users/david/Desktop/WiFi Headstage/WiFiHeadstage V2/FPGA/FPGA_Intan_Driver/source/impl_1/Controller_RHD_Sampling_tb.vhd
-- Analyzing VHDL file 'C:/lscc/radiant/2023.2/ispfpga/vhdl_packages/standard.vhd' (VHDL-1481)
-- Analyzing VHDL file C:/lscc/radiant/2023.2/ispfpga/vhdl_packages/standard.vhd
-- Analyzing VHDL file 'C:/lscc/radiant/2023.2/ispfpga/vhdl_packages/std_1164.vhd' (VHDL-1481)
-- Analyzing VHDL file C:/lscc/radiant/2023.2/ispfpga/vhdl_packages/std_1164.vhd
-- Analyzing VHDL file 'C:/lscc/radiant/2023.2/ispfpga/vhdl_packages/mgc_qsim.vhd' (VHDL-1481)
-- Analyzing VHDL file C:/lscc/radiant/2023.2/ispfpga/vhdl_packages/mgc_qsim.vhd
-- Analyzing VHDL file 'C:/lscc/radiant/2023.2/ispfpga/vhdl_packages/numeric_bit.vhd' (VHDL-1481)
-- Analyzing VHDL file C:/lscc/radiant/2023.2/ispfpga/vhdl_packages/numeric_bit.vhd
-- Analyzing VHDL file 'C:/lscc/radiant/2023.2/ispfpga/vhdl_packages/numeric_std.vhd' (VHDL-1481)
-- Analyzing VHDL file C:/lscc/radiant/2023.2/ispfpga/vhdl_packages/numeric_std.vhd
-- Analyzing VHDL file 'C:/lscc/radiant/2023.2/ispfpga/vhdl_packages/textio.vhd' (VHDL-1481)
-- Analyzing VHDL file C:/lscc/radiant/2023.2/ispfpga/vhdl_packages/textio.vhd
-- Analyzing VHDL file 'C:/lscc/radiant/2023.2/ispfpga/vhdl_packages/std_logic_textio.vhd' (VHDL-1481)
-- Analyzing VHDL file C:/lscc/radiant/2023.2/ispfpga/vhdl_packages/std_logic_textio.vhd
-- Analyzing VHDL file 'C:/lscc/radiant/2023.2/ispfpga/vhdl_packages/syn_attr.vhd' (VHDL-1481)
-- Analyzing VHDL file C:/lscc/radiant/2023.2/ispfpga/vhdl_packages/syn_attr.vhd
-- Analyzing VHDL file 'C:/lscc/radiant/2023.2/ispfpga/vhdl_packages/syn_misc.vhd' (VHDL-1481)
-- Analyzing VHDL file C:/lscc/radiant/2023.2/ispfpga/vhdl_packages/syn_misc.vhd
-- Analyzing VHDL file 'C:/lscc/radiant/2023.2/ispfpga/vhdl_packages/math_real.vhd' (VHDL-1481)
-- Analyzing VHDL file 'C:/lscc/radiant/2023.2/ispfpga/vhdl_packages/mixed_lang_vltype.vhd' (VHDL-1481)
-- Analyzing VHDL file C:/lscc/radiant/2023.2/ispfpga/vhdl_packages/mixed_lang_vltype.vhd
-- Analyzing VHDL file 'C:/lscc/radiant/2023.2/ispfpga/vhdl_packages/syn_arit.vhd' (VHDL-1481)
-- Analyzing VHDL file C:/lscc/radiant/2023.2/ispfpga/vhdl_packages/syn_arit.vhd
-- Analyzing VHDL file 'C:/lscc/radiant/2023.2/ispfpga/vhdl_packages/syn_sign.vhd' (VHDL-1481)
-- Analyzing VHDL file C:/lscc/radiant/2023.2/ispfpga/vhdl_packages/syn_sign.vhd
-- Analyzing VHDL file 'C:/lscc/radiant/2023.2/ispfpga/vhdl_packages/syn_unsi.vhd' (VHDL-1481)
-- Analyzing VHDL file C:/lscc/radiant/2023.2/ispfpga/vhdl_packages/syn_unsi.vhd
-- Analyzing VHDL file 'C:/lscc/radiant/2023.2/ispfpga/vhdl_packages/synattr.vhd' (VHDL-1481)
-- Analyzing VHDL file C:/lscc/radiant/2023.2/ispfpga/vhdl_packages/synattr.vhd
-- Analyzing Verilog file 'C:/lscc/radiant/2023.2/cae_library/synthesis/verilog/iCE40UP.v' (VERI-1482)
-- Analyzing VHDL file 'C:/lscc/radiant/2023.2/cae_library/synthesis/vhdl/iCE40UP.vhd' (VHDL-1481)
-- Analyzing VHDL file C:/lscc/radiant/2023.2/cae_library/synthesis/vhdl/iCE40UP.vhd
-- Analyzing Verilog file 'C:/Users/david/Desktop/WiFi Headstage/WiFiHeadstage V2/FPGA/FPGA_Intan_Driver/PLL_SPI/rtl/PLL_SPI.v' (VERI-1482)
-- Analyzing Verilog file 'C:/Users/david/Desktop/WiFi Headstage/WiFiHeadstage V2/FPGA/FPGA_Intan_Driver/FIFO_MEM/rtl/FIFO_MEM.v' (VERI-1482)
-- Analyzing VHDL file 'C:/Users/david/Desktop/WiFi Headstage/WiFiHeadstage V2/FPGA/FPGA_Intan_Driver/source/impl_1/Controller_RHD_FIFO.vhd' (VHDL-1481)
-- Analyzing VHDL file C:/Users/david/Desktop/WiFi Headstage/WiFiHeadstage V2/FPGA/FPGA_Intan_Driver/source/impl_1/Controller_RHD_FIFO.vhd
-- Analyzing VHDL file 'C:/Users/david/Desktop/WiFi Headstage/WiFiHeadstage V2/FPGA/FPGA_Intan_Driver/source/impl_1/SPI_Master.vhd' (VHDL-1481)
-- Analyzing VHDL file C:/Users/david/Desktop/WiFi Headstage/WiFiHeadstage V2/FPGA/FPGA_Intan_Driver/source/impl_1/SPI_Master.vhd
-- Analyzing VHDL file 'C:/Users/david/Desktop/WiFi Headstage/WiFiHeadstage V2/FPGA/FPGA_Intan_Driver/source/impl_1/SPI_Master_CS.vhd' (VHDL-1481)
-- Analyzing VHDL file C:/Users/david/Desktop/WiFi Headstage/WiFiHeadstage V2/FPGA/FPGA_Intan_Driver/source/impl_1/SPI_Master_CS.vhd
-- Analyzing VHDL file 'C:/Users/david/Desktop/WiFi Headstage/WiFiHeadstage V2/FPGA/FPGA_Intan_Driver/source/impl_1/Controller_RHD_Sampling.vhd' (VHDL-1481)
-- Analyzing VHDL file C:/Users/david/Desktop/WiFi Headstage/WiFiHeadstage V2/FPGA/FPGA_Intan_Driver/source/impl_1/Controller_RHD_Sampling.vhd
-- Analyzing VHDL file 'C:/Users/david/Desktop/WiFi Headstage/WiFiHeadstage V2/FPGA/FPGA_Intan_Driver/source/impl_1/top_level.vhd' (VHDL-1481)
-- Analyzing VHDL file C:/Users/david/Desktop/WiFi Headstage/WiFiHeadstage V2/FPGA/FPGA_Intan_Driver/source/impl_1/top_level.vhd
-- Analyzing VHDL file 'C:/Users/david/Desktop/WiFi Headstage/WiFiHeadstage V2/FPGA/FPGA_Intan_Driver/source/impl_1/top_level_tb.vhd' (VHDL-1481)
-- Analyzing VHDL file C:/Users/david/Desktop/WiFi Headstage/WiFiHeadstage V2/FPGA/FPGA_Intan_Driver/source/impl_1/top_level_tb.vhd
-- Analyzing VHDL file 'C:/Users/david/Desktop/WiFi Headstage/WiFiHeadstage V2/FPGA/FPGA_Intan_Driver/source/impl_1/Controller_RHD_Sampling_tb.vhd' (VHDL-1481)
-- Analyzing VHDL file C:/Users/david/Desktop/WiFi Headstage/WiFiHeadstage V2/FPGA/FPGA_Intan_Driver/source/impl_1/Controller_RHD_Sampling_tb.vhd
-- Analyzing VHDL file 'C:/lscc/radiant/2023.2/ispfpga/vhdl_packages/standard.vhd' (VHDL-1481)
-- Analyzing VHDL file C:/lscc/radiant/2023.2/ispfpga/vhdl_packages/standard.vhd
-- Analyzing VHDL file 'C:/lscc/radiant/2023.2/ispfpga/vhdl_packages/std_1164.vhd' (VHDL-1481)
-- Analyzing VHDL file C:/lscc/radiant/2023.2/ispfpga/vhdl_packages/std_1164.vhd
-- Analyzing VHDL file 'C:/lscc/radiant/2023.2/ispfpga/vhdl_packages/mgc_qsim.vhd' (VHDL-1481)
-- Analyzing VHDL file C:/lscc/radiant/2023.2/ispfpga/vhdl_packages/mgc_qsim.vhd
-- Analyzing VHDL file 'C:/lscc/radiant/2023.2/ispfpga/vhdl_packages/numeric_bit.vhd' (VHDL-1481)
-- Analyzing VHDL file C:/lscc/radiant/2023.2/ispfpga/vhdl_packages/numeric_bit.vhd
-- Analyzing VHDL file 'C:/lscc/radiant/2023.2/ispfpga/vhdl_packages/numeric_std.vhd' (VHDL-1481)
-- Analyzing VHDL file C:/lscc/radiant/2023.2/ispfpga/vhdl_packages/numeric_std.vhd
-- Analyzing VHDL file 'C:/lscc/radiant/2023.2/ispfpga/vhdl_packages/textio.vhd' (VHDL-1481)
-- Analyzing VHDL file C:/lscc/radiant/2023.2/ispfpga/vhdl_packages/textio.vhd
-- Analyzing VHDL file 'C:/lscc/radiant/2023.2/ispfpga/vhdl_packages/std_logic_textio.vhd' (VHDL-1481)
-- Analyzing VHDL file C:/lscc/radiant/2023.2/ispfpga/vhdl_packages/std_logic_textio.vhd
-- Analyzing VHDL file 'C:/lscc/radiant/2023.2/ispfpga/vhdl_packages/syn_attr.vhd' (VHDL-1481)
-- Analyzing VHDL file C:/lscc/radiant/2023.2/ispfpga/vhdl_packages/syn_attr.vhd
-- Analyzing VHDL file 'C:/lscc/radiant/2023.2/ispfpga/vhdl_packages/syn_misc.vhd' (VHDL-1481)
-- Analyzing VHDL file C:/lscc/radiant/2023.2/ispfpga/vhdl_packages/syn_misc.vhd
-- Analyzing VHDL file 'C:/lscc/radiant/2023.2/ispfpga/vhdl_packages/math_real.vhd' (VHDL-1481)
-- Analyzing VHDL file 'C:/lscc/radiant/2023.2/ispfpga/vhdl_packages/mixed_lang_vltype.vhd' (VHDL-1481)
-- Analyzing VHDL file C:/lscc/radiant/2023.2/ispfpga/vhdl_packages/mixed_lang_vltype.vhd
-- Analyzing VHDL file 'C:/lscc/radiant/2023.2/ispfpga/vhdl_packages/syn_arit.vhd' (VHDL-1481)
-- Analyzing VHDL file C:/lscc/radiant/2023.2/ispfpga/vhdl_packages/syn_arit.vhd
-- Analyzing VHDL file 'C:/lscc/radiant/2023.2/ispfpga/vhdl_packages/syn_sign.vhd' (VHDL-1481)
-- Analyzing VHDL file C:/lscc/radiant/2023.2/ispfpga/vhdl_packages/syn_sign.vhd
-- Analyzing VHDL file 'C:/lscc/radiant/2023.2/ispfpga/vhdl_packages/syn_unsi.vhd' (VHDL-1481)
-- Analyzing VHDL file C:/lscc/radiant/2023.2/ispfpga/vhdl_packages/syn_unsi.vhd
-- Analyzing VHDL file 'C:/lscc/radiant/2023.2/ispfpga/vhdl_packages/synattr.vhd' (VHDL-1481)
-- Analyzing VHDL file C:/lscc/radiant/2023.2/ispfpga/vhdl_packages/synattr.vhd
-- Analyzing Verilog file 'C:/lscc/radiant/2023.2/cae_library/synthesis/verilog/iCE40UP.v' (VERI-1482)
-- Analyzing VHDL file 'C:/lscc/radiant/2023.2/cae_library/synthesis/vhdl/iCE40UP.vhd' (VHDL-1481)
-- Analyzing VHDL file C:/lscc/radiant/2023.2/cae_library/synthesis/vhdl/iCE40UP.vhd
-- Analyzing Verilog file 'C:/Users/david/Desktop/WiFi Headstage/WiFiHeadstage V2/FPGA/FPGA_Intan_Driver/PLL_SPI/rtl/PLL_SPI.v' (VERI-1482)
-- Analyzing Verilog file 'C:/Users/david/Desktop/WiFi Headstage/WiFiHeadstage V2/FPGA/FPGA_Intan_Driver/FIFO_MEM/rtl/FIFO_MEM.v' (VERI-1482)
-- Analyzing VHDL file 'C:/Users/david/Desktop/WiFi Headstage/WiFiHeadstage V2/FPGA/FPGA_Intan_Driver/source/impl_1/Controller_RHD_FIFO.vhd' (VHDL-1481)
-- Analyzing VHDL file C:/Users/david/Desktop/WiFi Headstage/WiFiHeadstage V2/FPGA/FPGA_Intan_Driver/source/impl_1/Controller_RHD_FIFO.vhd
-- Analyzing VHDL file 'C:/Users/david/Desktop/WiFi Headstage/WiFiHeadstage V2/FPGA/FPGA_Intan_Driver/source/impl_1/SPI_Master.vhd' (VHDL-1481)
-- Analyzing VHDL file C:/Users/david/Desktop/WiFi Headstage/WiFiHeadstage V2/FPGA/FPGA_Intan_Driver/source/impl_1/SPI_Master.vhd
-- Analyzing VHDL file 'C:/Users/david/Desktop/WiFi Headstage/WiFiHeadstage V2/FPGA/FPGA_Intan_Driver/source/impl_1/SPI_Master_CS.vhd' (VHDL-1481)
-- Analyzing VHDL file C:/Users/david/Desktop/WiFi Headstage/WiFiHeadstage V2/FPGA/FPGA_Intan_Driver/source/impl_1/SPI_Master_CS.vhd
-- Analyzing VHDL file 'C:/Users/david/Desktop/WiFi Headstage/WiFiHeadstage V2/FPGA/FPGA_Intan_Driver/source/impl_1/Controller_RHD_Sampling.vhd' (VHDL-1481)
-- Analyzing VHDL file C:/Users/david/Desktop/WiFi Headstage/WiFiHeadstage V2/FPGA/FPGA_Intan_Driver/source/impl_1/Controller_RHD_Sampling.vhd
-- Analyzing VHDL file 'C:/Users/david/Desktop/WiFi Headstage/WiFiHeadstage V2/FPGA/FPGA_Intan_Driver/source/impl_1/top_level.vhd' (VHDL-1481)
-- Analyzing VHDL file C:/Users/david/Desktop/WiFi Headstage/WiFiHeadstage V2/FPGA/FPGA_Intan_Driver/source/impl_1/top_level.vhd
-- Analyzing VHDL file 'C:/Users/david/Desktop/WiFi Headstage/WiFiHeadstage V2/FPGA/FPGA_Intan_Driver/source/impl_1/top_level_tb.vhd' (VHDL-1481)
-- Analyzing VHDL file C:/Users/david/Desktop/WiFi Headstage/WiFiHeadstage V2/FPGA/FPGA_Intan_Driver/source/impl_1/top_level_tb.vhd
-- Analyzing VHDL file 'C:/Users/david/Desktop/WiFi Headstage/WiFiHeadstage V2/FPGA/FPGA_Intan_Driver/source/impl_1/Controller_RHD_Sampling_tb.vhd' (VHDL-1481)
-- Analyzing VHDL file C:/Users/david/Desktop/WiFi Headstage/WiFiHeadstage V2/FPGA/FPGA_Intan_Driver/source/impl_1/Controller_RHD_Sampling_tb.vhd
