
"C:/lscc/radiant/2023.2/tcltk/windows/bin/tclsh" "FPGA_Intan_Driver_impl_1_synthesize.tcl"

cpe -f FPGA_Intan_Driver_impl_1.cprj CLK_48MHz.cprj FIFO_MEM.cprj -a iCE40UP -o FPGA_Intan_Driver_impl_1_cpe.ldc
WARNING <35831026> - No user LDC/SDC file specified in the project.
WARNING <35935050> - input port TRIM9 is not connected on this instance. VDB-5050
WARNING <35935050> - input port TRIM8 is not connected on this instance. VDB-5050
WARNING <35935050> - input port TRIM7 is not connected on this instance. VDB-5050
WARNING <35935050> - input port TRIM6 is not connected on this instance. VDB-5050
WARNING <35935050> - input port TRIM5 is not connected on this instance. VDB-5050
WARNING <35935050> - input port TRIM4 is not connected on this instance. VDB-5050
WARNING <35935050> - input port TRIM3 is not connected on this instance. VDB-5050
WARNING <35935050> - input port TRIM2 is not connected on this instance. VDB-5050
WARNING <35935050> - input port TRIM1 is not connected on this instance. VDB-5050
WARNING <35935050> - input port TRIM0 is not connected on this instance. VDB-5050
WARNING <35935050> - input port I is not connected on this instance. VDB-5050
Top module name (Verilog): CLK_48MHz
INFO <35901018> - C:/Users/david/Desktop/WiFi Headstage/WiFiHeadstage V2/FPGA/FPGA_RHS_Driver/CLK_48MHz/rtl/CLK_48MHz.v(11): compiling module CLK_48MHz. VERI-1018
INFO <35901018> - C:/Users/david/Desktop/WiFi Headstage/WiFiHeadstage V2/FPGA/FPGA_RHS_Driver/CLK_48MHz/rtl/CLK_48MHz.v(105): compiling module CLK_48MHz_ipgen_lscc_pll(DIVR=&quot;0&quot;,DIVF=&quot;63&quot;,DIVQ=&quot;4&quot;,FILTER_RANGE=&quot;1&quot;,PLLOUT_SELECT_PORTA=&quot;GENCLK&quot;,PLLOUT_SELECT_PORTB=&quot;GENCLK&quot;,FREQUENCY_PIN_REFERENCECLK=&quot;12.000000&quot;). VERI-1018
INFO <35901018> - C:/lscc/radiant/2023.2/ispfpga/../cae_library/synthesis/verilog/iCE40UP.v(428): compiling module PLL_B(PLLOUT_SELECT_PORTA=&quot;GENCLK&quot;,PLLOUT_SELECT_PORTB=&quot;GENCLK&quot;,DIVF=&quot;63&quot;,DIVQ=&quot;4&quot;,FILTER_RANGE=&quot;1&quot;,FREQUENCY_PIN_REFERENCECLK=&quot;12.000000&quot;). VERI-1018
WARNING <35935049> - input port sclk_i remains unconnected for this instance. VDB-5049
WARNING <35935049> - input port sdi_i remains unconnected for this instance. VDB-5049
Last elaborated design is CLK_48MHz()
Source compile complete.
WARNING <35935050> - input port TRIM9 is not connected on this instance. VDB-5050
WARNING <35935050> - input port TRIM8 is not connected on this instance. VDB-5050
WARNING <35935050> - input port TRIM7 is not connected on this instance. VDB-5050
WARNING <35935050> - input port TRIM6 is not connected on this instance. VDB-5050
WARNING <35935050> - input port TRIM5 is not connected on this instance. VDB-5050
WARNING <35935050> - input port TRIM4 is not connected on this instance. VDB-5050
WARNING <35935050> - input port TRIM3 is not connected on this instance. VDB-5050
WARNING <35935050> - input port TRIM2 is not connected on this instance. VDB-5050
WARNING <35935050> - input port TRIM1 is not connected on this instance. VDB-5050
WARNING <35935050> - input port TRIM0 is not connected on this instance. VDB-5050
WARNING <35935050> - input port I is not connected on this instance. VDB-5050
Top module name (Verilog): FIFO_MEM
INFO <35901018> - C:/Users/david/Desktop/WiFi Headstage/WiFiHeadstage V2/FPGA/FPGA_RHS_Driver/FIFO_MEM/rtl/FIFO_MEM.v(11): compiling module FIFO_MEM. VERI-1018
INFO <35901018> - C:/Users/david/Desktop/WiFi Headstage/WiFiHeadstage V2/FPGA/FPGA_RHS_Driver/FIFO_MEM/rtl/FIFO_MEM.v(121): compiling module FIFO_MEM_ipgen_lscc_fifo(ADDRESS_DEPTH=256,ADDRESS_WIDTH=8,DATA_WIDTH=32,ALMOST_FULL_ASSERT_LVL=255,ALMOST_FULL_DEASSERT_LVL=254,ALMOST_EMPTY_DEASSERT_LVL=2,ENABLE_DATA_COUNT=&quot;TRUE&quot;,FAMILY=&quot;iCE40UP&quot;). VERI-1018
INFO <35901018> - C:/Users/david/Desktop/WiFi Headstage/WiFiHeadstage V2/FPGA/FPGA_RHS_Driver/FIFO_MEM/rtl/FIFO_MEM.v(273): compiling module FIFO_MEM_ipgen_lscc_fifo_main(ADDRESS_DEPTH=256,ADDRESS_WIDTH=8,DATA_WIDTH=32,ALMOST_FULL_ASSERT_LVL=255,ALMOST_FULL_DEASSERT_LVL=254,ALMOST_EMPTY_DEASSERT_LVL=2,ENABLE_DATA_COUNT=&quot;TRUE&quot;,FAMILY=&quot;iCE40UP&quot;). VERI-1018
INFO <35901018> - C:/Users/david/Desktop/WiFi Headstage/WiFiHeadstage V2/FPGA/FPGA_RHS_Driver/FIFO_MEM/rtl/FIFO_MEM.v(2590): compiling module FIFO_MEM_ipgen_lscc_soft_fifo(ADDRESS_DEPTH=256,ADDRESS_WIDTH=8,DATA_WIDTH=32,ALMOST_FULL_ASSERT_LVL=255,ALMOST_FULL_DEASSERT_LVL=254,ALMOST_EMPTY_DEASSERT_LVL=2,ENABLE_DATA_COUNT=&quot;TRUE&quot;,FAMILY=&quot;iCE40UP&quot;). VERI-1018
Last elaborated design is FIFO_MEM()
Source compile complete.
SDC Initialization for FIFO_MEM finished.
SDC Distribution for FIFO_MEM finished.
INFO <35831038> - Setting top_level as top module.
WARNING <35831026> - No user LDC/SDC file specified in the project.
WARNING <35935050> - input port TRIM9 is not connected on this instance. VDB-5050
WARNING <35935050> - input port TRIM8 is not connected on this instance. VDB-5050
WARNING <35935050> - input port TRIM7 is not connected on this instance. VDB-5050
WARNING <35935050> - input port TRIM6 is not connected on this instance. VDB-5050
WARNING <35935050> - input port TRIM5 is not connected on this instance. VDB-5050
WARNING <35935050> - input port TRIM4 is not connected on this instance. VDB-5050
WARNING <35935050> - input port TRIM3 is not connected on this instance. VDB-5050
WARNING <35935050> - input port TRIM2 is not connected on this instance. VDB-5050
WARNING <35935050> - input port TRIM1 is not connected on this instance. VDB-5050
WARNING <35935050> - input port TRIM0 is not connected on this instance. VDB-5050
WARNING <35935050> - input port I is not connected on this instance. VDB-5050
Analyzing Verilog file c:/lscc/radiant/2023.2/ip/pmi/pmi_ice40up.v. VERI-1482
Analyzing Verilog file clk_48mhz.v. VERI-1482
Analyzing Verilog file fifo_mem.v. VERI-1482
WARNING <35921261> - c:/users/david/desktop/wifi headstage/wifiheadstage v2/fpga/fpga_rhs_driver/source/impl_1/top_level.vhd(297): syntax error near thenp. VHDL-1261
WARNING <35921261> - c:/users/david/desktop/wifi headstage/wifiheadstage v2/fpga/fpga_rhs_driver/source/impl_1/top_level.vhd(320): syntax error near if. VHDL-1261
ERROR <35001210> - Top module top_level does not exist in the design.
ERROR <35001230> - Unknown top module language type.
Top module name (Verilog, mixed language): top_level
ERROR <35001232> - Failed to elaborate the design top_level.
CRITICAL <35831027> - Source compilation failed.
CRITICAL <35831014> - Error processing input files.
ERROR <35831010> - Processing input files had at least one error. Exiting.



postsyn -a iCE40UP -p iCE40UP5K -t SG48 -sp High-Performance_1.2V -oc Industrial -top -w -o FPGA_Intan_Driver_impl_1_syn.udb FPGA_Intan_Driver_impl_1.vm -ldc "C:/Users/david/Desktop/WiFi Headstage/WiFiHeadstage V2/FPGA/FPGA_RHS_Driver/impl_1/FPGA_Intan_Driver_impl_1.ldc"
POSTSYN: Post Synthesis Process Radiant Software (64-bit) 2023.2.1.288.0
Command Line: postsyn -a iCE40UP -p iCE40UP5K -t SG48 -sp High-Performance_1.2V -oc Industrial -top -w -o FPGA_Intan_Driver_impl_1_syn.udb -ldc C:/Users/david/Desktop/WiFi Headstage/WiFiHeadstage V2/FPGA/FPGA_RHS_Driver/impl_1/FPGA_Intan_Driver_impl_1.ldc -gui -msgset C:/Users/david/Desktop/WiFi Headstage/WiFiHeadstage V2/FPGA/FPGA_RHS_Driver/promote.xml FPGA_Intan_Driver_impl_1.vm 
   Architecture:     iCE40UP
   Device:           iCE40UP5K
   Package:          SG48
   Performance:      High-Performance_1.2V
Reading input file 'FPGA_Intan_Driver_impl_1.vm' ...
CPU Time to convert: 0.21875
REAL Time to convert: 1
convert PEAK Memory Usage: 56 MB
convert CURRENT Memory Usage: 54 MB
Reading constraint file 'C:/Users/david/Desktop/WiFi Headstage/WiFiHeadstage V2/FPGA/FPGA_RHS_Driver/impl_1/FPGA_Intan_Driver_impl_1.ldc' ...
Removing unused logic ...
Starting design annotation....
WARNING <70001944> - No source clock for
	generated clock	create_generated_clock -name {pll_clk_int} -source [get_pins {pll_inst/lscc_pll_inst/u_PLL_B/REFERENCECLK}] -multiply_by 4 [get_pins {pll_inst/lscc_pll_inst/u_PLL_B/OUTGLOBAL }] .
 
Constraint Summary:
   Total number of constraints: 1
   Total number of constraints dropped: 0
 
Writing output file 'FPGA_Intan_Driver_impl_1_syn.udb'.
POSTSYN finished successfully.
Total CPU Time: 0 secs 
Total REAL Time: 0 secs 
Peak Memory Usage: 56 MB
Checksum -- postsyn: df1e2b54f3b132a4b99bb1e055bcc90ffca4e7f



pnmainc -run pnmain "FPGA_Intan_Driver_impl_1_map.tcl"
map:  version Radiant Software (64-bit) 2023.2.1.288.0

Copyright (c) 1991-1994 by NeoCAD Inc. All rights reserved.
Copyright (c) 1995 AT&T Corp.   All rights reserved.
Copyright (c) 1995-2001 Lucent Technologies Inc.  All rights reserved.
Copyright (c) 2001 Agere Systems   All rights reserved.
Copyright (c) 2002-2023 Lattice Semiconductor Corporation,  All rights reserved.

Command line:   map -i FPGA_Intan_Driver_impl_1_syn.udb -pdc C:/Users/david/Desktop/WiFi Headstage/WiFiHeadstage V2/FPGA/FPGA_RHS_Driver/Constrain.pdc -o FPGA_Intan_Driver_impl_1_map.udb -mp FPGA_Intan_Driver_impl_1.mrp -hierrpt -gui -msgset C:/Users/david/Desktop/WiFi Headstage/WiFiHeadstage V2/FPGA/FPGA_RHS_Driver/promote.xml 

Loading device for application GENERIC from file 'itpa08.nph' in environment: C:/lscc/radiant/2023.2/ispfpga.
Package Status:                     Preliminary    Version 1.5.



Design:  top_level
Family:  iCE40UP
Device:  iCE40UP5K
Package: SG48
Performance Grade:  High-Performance_1.2V

INFO <52291017> - Port 'RGB0_OUT' is located on BB_OD pad '39'. Its IO buffer is mapped to BB_OD accordingly. Please notice PULLMODE is not applicable to BB_OD.
INFO <52291017> - Port 'RGB1_OUT' is located on BB_OD pad '40'. Its IO buffer is mapped to BB_OD accordingly. Please notice PULLMODE is not applicable to BB_OD.
INFO <52291017> - Port 'RGB2_OUT' is located on BB_OD pad '41'. Its IO buffer is mapped to BB_OD accordingly. Please notice PULLMODE is not applicable to BB_OD.
Running general design DRC...




Design Summary:
   Number of slice registers: 1230 out of  5280 (23%)
   Number of I/O registers:      0 out of   117 (0%)
   Number of LUT4s:           2006 out of  5280 (38%)
      Number of logic LUT4s:             1008
      Number of inserted feedthru LUT4s: 639
      Number of replicated LUT4s:         57
      Number of ripple logic:            151 (302 LUT4s)
   Number of IO sites used:   27 out of 39 (69%)
      Number of IO sites used for general PIO: 24
      Number of IO sites used for I3C: 0 out of 2 (0%)
      (note: If I3C is not used, its site can be used as general PIO)
      Number of IO sites used for PIO+I3C: 24 out of 36 (67%)
      Number of IO sites used for OD+RGB IO buffers: 3 out of 3 (100%)
      (note: If RGB LED drivers are not used, sites can be used as OD outputs,
       see TN1288 iCE40 LED Driver Usage Guide)
      Number of IO sites used for PIO+I3C+OD+RGB: 27 out of 39 (69%)
   Number of DSPs:             0 out of 8 (0%)
   Number of I2Cs:             0 out of 2 (0%)
   Number of High Speed OSCs:  0 out of 1 (0%)
   Number of Low Speed OSCs:   0 out of 1 (0%)
   Number of RGB PWM:          0 out of 1 (0%)
   Number of RGB Drivers:      0 out of 1 (0%)
   Number of SCL FILTERs:      0 out of 2 (0%)
   Number of SRAMs:            0 out of 4 (0%)
   Number of WARMBOOTs:        0 out of 1 (0%)
   Number of SPIs:             0 out of 2 (0%)
   Number of EBRs:             1 out of 30 (3%)
   Number of PLLs:             1 out of 1 (100%)
   Number of Clocks:  2
      Net i_clk_c: 1 loads, 1 rising, 0 falling (Driver: Port i_clk)
      Net pll_clk_int: 1205 loads, 1205 rising, 0 falling (Driver: Pin pll_inst.lscc_pll_inst.u_PLL_B/OUTGLOBAL)
   Number of Clock Enables:  37
      Net VCC_net: 2 loads, 0 SLICEs
      Net n17292: 1 loads, 1 SLICEs
      Net n1472: 16 loads, 16 SLICEs
      Net Controller_inst.n8263: 4 loads, 4 SLICEs
      Net Controller_inst.int_RHD2132_TX_DV: 4 loads, 4 SLICEs
      Net Controller_inst.n9631: 4 loads, 4 SLICEs
      Net Controller_inst.n2: 32 loads, 32 SLICEs
      Net Controller_inst.n3728: 20 loads, 20 SLICEs
      Net Controller_inst.n16547: 1 loads, 1 SLICEs
      Net Controller_inst.n3730: 2 loads, 2 SLICEs
      Net Controller_inst.int_STM32_TX_DV: 256 loads, 256 SLICEs
      Net Controller_inst.n8314: 1 loads, 1 SLICEs
      Net Controller_inst.n6101: 1 loads, 1 SLICEs
      Net Controller_inst.n17406: 1 loads, 1 SLICEs
      Net Controller_inst.n3726: 256 loads, 256 SLICEs
      Net Controller_inst.n2_adj_1571: 32 loads, 32 SLICEs
      Net Controller_inst.n2_adj_1574: 32 loads, 32 SLICEs
      Net Controller_inst.n3749: 1 loads, 1 SLICEs
      Net Controller_inst.SPI_Master_CS_STM32_1.n8335: 9 loads, 9 SLICEs
      Net Controller_inst.SPI_Master_CS_STM32_1.n17372: 1 loads, 1 SLICEs
      Net Controller_inst.SPI_Master_CS_STM32_1.n8364: 6 loads, 6 SLICEs
      Net Controller_inst.SPI_Master_CS_STM32_1.n1480: 1 loads, 1 SLICEs
      Net Controller_inst.SPI_Master_CS_STM32_1.SPI_Master_1.n16688: 1 loads, 1 SLICEs
      Net Controller_inst.SPI_Master_CS_STM32_1.SPI_Master_1.n8300: 1 loads, 1 SLICEs
      Net Controller_inst.SPI_Master_CS_STM32_1.SPI_Master_1.n8348: 7 loads, 7 SLICEs
      Net Controller_inst.SPI_Master_CS_STM32_1.SPI_Master_1.n9912: 10 loads, 10 SLICEs
      Net Controller_inst.Controller_RHD_FIFO_1.SPI_Master_CS_1.n8334: 6 loads, 6 SLICEs
      Net Controller_inst.Controller_RHD_FIFO_1.SPI_Master_CS_1.n8332: 6 loads, 6 SLICEs
      Net Controller_inst.Controller_RHD_FIFO_1.SPI_Master_CS_1.n8296: 1 loads, 1 SLICEs
      Net Controller_inst.Controller_RHD_FIFO_1.SPI_Master_CS_1.SPI_Master_1.n8257: 4 loads, 4 SLICEs
      Net Controller_inst.Controller_RHD_FIFO_1.SPI_Master_CS_1.SPI_Master_1.n8266: 1 loads, 1 SLICEs
      Net Controller_inst.Controller_RHD_FIFO_1.SPI_Master_CS_1.SPI_Master_1.n8315: 6 loads, 6 SLICEs
      Net Controller_inst.Controller_RHD_FIFO_1.SPI_Master_CS_1.SPI_Master_1.n13957: 7 loads, 7 SLICEs
      Net Controller_inst.Controller_RHD_FIFO_1.FIFO_1.lscc_fifo_inst.fifo0._FABRIC.u_fifo.rd_fifo_en_w: 1 loads, 0 SLICEs
      Net Controller_inst.Controller_RHD_FIFO_1.FIFO_1.lscc_fifo_inst.fifo0._FABRIC.u_fifo.wr_fifo_en_w: 1 loads, 0 SLICEs
      Net Controller_inst.Controller_RHD_FIFO_1.FIFO_1.lscc_fifo_inst.fifo0._FABRIC.u_fifo.wr_addr_nxt_w_0__N_1163: 9 loads, 9 SLICEs
      Net Controller_inst.Controller_RHD_FIFO_1.FIFO_1.lscc_fifo_inst.fifo0._FABRIC.u_fifo.rd_addr_nxt_w_0__N_1172: 9 loads, 9 SLICEs
   Number of LSRs:  4
      Net n16315: 2 loads, 2 SLICEs
      Net o_reset_c: 979 loads, 979 SLICEs
      Net n5931: 1 loads, 1 SLICEs
      Net maxfan_replicated_net_228: 204 loads, 204 SLICEs
   Top 10 highest fanout non-clock nets:
      Net o_reset_c: 986 loads
      Net Controller_inst.int_STM32_TX_DV: 276 loads
      Net Controller_inst.n3726: 256 loads
      Net maxfan_replicated_net_228: 229 loads
      Net Controller_inst.SPI_Master_CS_STM32_1.SPI_Master_1.r_TX_Bit_Count[1]: 126 loads
      Net VCC_net: 72 loads
      Net Controller_inst.SPI_Master_CS_STM32_1.SPI_Master_1.r_TX_Bit_Count[0]: 68 loads
      Net Controller_inst.n16657: 64 loads
      Net Controller_inst.n16664: 64 loads
      Net Controller_inst.n16669: 64 loads
Running physical design DRC...

 


   Number of warnings:  0
   Number of errors:    0

Constraint Summary:
   Total number of constraints: 18
   Total number of constraints dropped: 0


Total CPU Time: 0 secs  
Total REAL Time: 0 secs  
Peak Memory Usage: 98 MB

Checksum -- map: 8e955e434ba676ac4e8fa215563e5da4172b2a93
Thank you for using Radiant. Total CPU/Elapsed time: 0 secs /0 secs 

pnmainc -run pnmain "FPGA_Intan_Driver_impl_1_par.tcl"

Lattice Place and Route Report for Design "FPGA_Intan_Driver_impl_1_map.udb"
Thu May 14 17:15:31 2026

PAR: Place And Route Radiant Software (64-bit) 2023.2.1.288.0.
Command Line: par -w -t 1 -cores 1 -hsp m -exp parPathBased=ON \
	FPGA_Intan_Driver_impl_1_map.udb FPGA_Intan_Driver_impl_1_par.dir/5_1.udb 

Loading FPGA_Intan_Driver_impl_1_map.udb ...
Loading device for application GENERIC from file 'itpa08.nph' in environment: C:/lscc/radiant/2023.2/ispfpga.
Package Status:                     Preliminary    Version 1.5.
Performance Hardware Data Status:   Advanced       Version 1.0.



Design:  top_level
Family:  iCE40UP
Device:  iCE40UP5K
Package: SG48
Performance Grade:   High-Performance_1.2V
WARNING <70001944> - No source clock for
	generated clock	create_generated_clock -name {pll_clk_int} -source [get_pins {pll_inst/lscc_pll_inst/u_PLL_B/REFERENCECLK}] -multiply_by 4 [get_pins {pll_inst/lscc_pll_inst/u_PLL_B/OUTGLOBAL }] .

WARNING: Database constraint "create_generated_clock -name {pll_clk_int} -source [get_pins pll_inst.lscc_pll_inst.u_PLL_B/REFERENCECLK] -multiply_by 4 [get_pins pll_inst.lscc_pll_inst.u_PLL_B/OUTGLOBAL]" does not have corresponding timing constraint. Please check if the resource objects of the constraint are valid carefully!
Number of Signals: 3520
Number of Connections: 9633
Device utilization summary:

   SLICE (est.)    1048/2640         40% used
     LUT           2006/5280         38% used
     REG           1230/5280         23% used
   PIO               24/56           43% used
                     24/36           66% bonded
   IOLOGIC            0/56            0% used
   DSP                0/8             0% used
   I2C                0/2             0% used
   HFOSC              0/1             0% used
   LFOSC              0/1             0% used
   LEDDA_IP           0/1             0% used
   RGBA_DRV           0/1             0% used
   FILTER             0/2             0% used
   SRAM               0/4             0% used
   WARMBOOT           0/1             0% used
   SPI                0/2             0% used
   EBR                1/30            3% used
   PLL                1/1           100% used
   RGBOUTBUF          0/3             0% used
   I3C                0/2             0% used
   OPENDRAIN          3/3           100% used

Pin Constraint Summary:
   14 out of 24 pins locked (58% locked).
.
.............
Finished Placer Phase 0 (HIER). CPU time: 1 secs , REAL time: 2 secs 


................
Finished Placer Phase 0 (AP).  CPU time: 2 secs , REAL time: 3 secs 

Starting Placer Phase 1. CPU time: 2 secs , REAL time: 3 secs 
..  ..
....................

Placer score = 791398.

Device SLICE utilization summary after final SLICE packing:
   SLICE           1044/2640         39% used

WARNING <70001944> - No source clock for
	generated clock	create_generated_clock -name {pll_clk_int} -source [get_pins {pll_inst/lscc_pll_inst/u_PLL_B/REFERENCECLK}] -multiply_by 4 [get_pins {pll_inst/lscc_pll_inst/u_PLL_B/OUTGLOBAL }] .
Finished Placer Phase 1. CPU time: 9 secs , REAL time: 10 secs 

Starting Placer Phase 2.
.

Placer score =  395473
Finished Placer Phase 2.  CPU time: 9 secs , REAL time: 10 secs 


------------------ Clock Report ------------------

Global Clocks :
  PRIMARY "pll_clk_int" from OUTGLOBAL on comp "pll_inst.lscc_pll_inst.u_PLL_B" on site "PLL_R13C32", clk load = 656, ce load = 0, sr load = 0
  PRIMARY "o_reset_c" from Q0 on comp "SLICE_151" on site "R14C30A", clk load = 0, ce load = 0, sr load = 517
  PRIMARY "Controller_inst.int_STM32_TX_DV" from Q1 on comp "Controller_inst.SLICE_1780" on site "R13C7A", clk load = 0, ce load = 130, sr load = 0
  PRIMARY "Controller_inst.n3726" from F1 on comp "Controller_inst.SLICE_1593" on site "R14C12B", clk load = 0, ce load = 128, sr load = 0
  PRIMARY "maxfan_replicated_net_228" from Q1 on comp "SLICE_151" on site "R14C30A", clk load = 0, ce load = 0, sr load = 118

  PRIMARY  : 5 out of 8 (62%)

--------------- End of Clock Report ---------------


I/O Usage Summary (final):
   24 out of 56 (42.9%) I/O sites used.
   24 out of 36 (66.7%) bonded I/O sites used.
   Number of I/O components: 24; differential: 0
   Number of Vref pins used: 0

I/O Bank Usage Summary:
+----------+----------------+------------+------------+------------+
| I/O Bank | Usage          | Bank Vccio | Bank Vref1 | Bank Vref2 |
+----------+----------------+------------+------------+------------+
| 0        | 12 / 14 ( 85%) | 3.3V       |            |            |
| 1        | 6 / 14 ( 42%)  | 3.3V       |            |            |
| 2        | 6 / 8 ( 75%)   | 3.3V       |            |            |
+----------+----------------+------------+------------+------------+

Total Placer CPU time: 9 secs , REAL time: 10 secs 


Checksum -- place: bd42d5faf6bc99bff12c763698c2124381ee2669
Writing design to file FPGA_Intan_Driver_impl_1_par.dir/5_1.udb ...


Start NBR router at 17:15:42 05/14/26

*****************************************************************
Info: NBR allows conflicts(one node used by more than one signal)
      in the earlier iterations. In each iteration, it tries to  
      solve the conflicts while keeping the critical connections 
      routed as short as possible. The routing process is said to
      be completed when no conflicts exist and all connections   
      are routed.                                                
Note: NBR uses a different method to calculate timing slacks. The
      worst slack and total negative slack may not be the same as
      that in timing report. You should always run the timing    
      tool to verify your design.                                
*****************************************************************

Starting routing resource preassignment
Preassignment Summary:
--------------------------------------------------------------------------------
1488 connections routed with dedicated routing resources
5 global clock signals routed
3037 connections routed (of 8189 total) (37.09%)
---------------------------------------------------------
Clock routing summary:
Primary clocks (5 used out of 8 available):
#1  Signal "Controller_inst.n3726"
       Control loads: 128   out of   128 routed (100.00%)
#2  Signal "maxfan_replicated_net_228"
       Control loads: 118   out of   118 routed (100.00%)
       Data    loads: 0     out of    25 routed (  0.00%)
#4  Signal "o_reset_c"
       Control loads: 517   out of   517 routed (100.00%)
       Data    loads: 0     out of     7 routed (  0.00%)
#5  Signal "Controller_inst.int_STM32_TX_DV"
       Control loads: 130   out of   130 routed (100.00%)
       Data    loads: 0     out of    20 routed (  0.00%)
#7  Signal "pll_clk_int"
       Clock   loads: 656   out of   656 routed (100.00%)
Other clocks:
    Signal "i_clk_c"
       Clock   loads: 1     out of     1 routed (100.00%)
    Signal "pll_inst.lscc_pll_inst.feedback_w"
       Clock   loads: 1     out of     1 routed (100.00%)
---------------------------------------------------------
--------------------------------------------------------------------------------
Completed routing resource preassignment
WARNING <70001944> - No source clock for
	generated clock	create_generated_clock -name {pll_clk_int} -source [get_pins {pll_inst/lscc_pll_inst/u_PLL_B/REFERENCECLK}] -multiply_by 4 [get_pins {pll_inst/lscc_pll_inst/u_PLL_B/OUTGLOBAL }] .
    TimerIf::skewscore 0

Start NBR section for initial routing at 17:15:43 05/14/26
Level 4, iteration 1
+++++++++++++++++++++++++++++++++++++++++++++++++++++++++++++++++++
Routing in Serial Mode ......
+++++++++++++++++++++++++++++++++++++++++++++++++++++++++++++++++++
151(0.06%) conflicts; 0(0.00%) untouched conn; 0 (nbr) score; 0 (nbr) score; real time: 6 secs 

Info: Initial congestion level at 75.00% usage is 0
Info: Initial congestion area  at 75.00% usage is 0 (0.00%)

Start NBR section for normal routing at 17:15:48 05/14/26
Level 4, iteration 1
5(0.00%) conflicts; 0(0.00%) untouched conn; 0 (nbr) score; 0 (nbr) score; real time: 6 secs 
Level 4, iteration 2
4(0.00%) conflicts; 0(0.00%) untouched conn; 0 (nbr) score; 0 (nbr) score; real time: 7 secs 
Level 4, iteration 3
1(0.00%) conflict; 0(0.00%) untouched conn; 0 (nbr) score; 0 (nbr) score; real time: 7 secs 
Level 4, iteration 4
1(0.00%) conflict; 0(0.00%) untouched conn; 0 (nbr) score; 0 (nbr) score; real time: 7 secs 
Level 4, iteration 5
0(0.00%) conflict; 0(0.00%) untouched conn; 0 (nbr) score; 0 (nbr) score; real time: 7 secs 

Start NBR section for post-routing at 17:15:49 05/14/26

End NBR router with 0 unrouted connection
WARNING <70001944> - No source clock for
	generated clock	create_generated_clock -name {pll_clk_int} -source [get_pins {pll_inst/lscc_pll_inst/u_PLL_B/REFERENCECLK}] -multiply_by 4 [get_pins {pll_inst/lscc_pll_inst/u_PLL_B/OUTGLOBAL }] .
Requested speed is the same as database speed
Changing speed to m;   changing temperature to -40
Changing speed to 6;   changing temperature to 100

Checksum -- route: 403ca600a8367368335bdd184624a545345fce53

Total CPU time 8 secs 
Total REAL time: 8 secs 
Completely routed.
End of route.  8189 routed (100.00%); 0 unrouted.

Writing design to file FPGA_Intan_Driver_impl_1_par.dir/5_1.udb ...


PAR_SUMMARY::Run status = Completed
PAR_SUMMARY::Number of unrouted conns = 0
PAR_SUMMARY::Estimated worst slack<setup/<ns>> = <n/a>
PAR_SUMMARY::Timing score<setup/<ns>> = <n/a>
PAR_SUMMARY::Estimated worst slack<hold/<ns>> = <n/a>
PAR_SUMMARY::Timing score<hold/<ns>> = <n/a>
PAR_SUMMARY::Number of errors = 0

Note: user must run 'timing' for timing closure signoff.

Total CPU  Time: 18 secs 
Total REAL Time: 20 secs 
Peak Memory Usage: 165.28 MB


par done!

Copyright (c) 1991-1994 by NeoCAD Inc. All rights reserved.
Copyright (c) 1995 AT&T Corp.   All rights reserved.
Copyright (c) 1995-2001 Lucent Technologies Inc.  All rights reserved.
Copyright (c) 2001 Agere Systems   All rights reserved.
Copyright (c) 2002-2023 Lattice Semiconductor Corporation,  All rights reserved.
Thank you for using Radiant. Total CPU/Elapsed time: 0 secs /20 secs 

timing -sethld -v 10 -u 10 -endpoints 10 -nperend 1 -sp High-Performance_1.2V -hsp m   -pwrprd -html -rpt "FPGA_Intan_Driver_impl_1.twr" "FPGA_Intan_Driver_impl_1.udb" 
timing -sethld -v 10 -u 10 -endpoints 10 -nperend 1 -sp High-Performance_1.2V -hsp m -pwrprd -html -rpt FPGA_Intan_Driver_impl_1.twr FPGA_Intan_Driver_impl_1.udb -gui -msgset C:/Users/david/Desktop/WiFi Headstage/WiFiHeadstage V2/FPGA/FPGA_RHS_Driver/promote.xml
Starting design reading...
Loading device for application GENERIC from file 'itpa08.nph' in environment: C:/lscc/radiant/2023.2/ispfpga.
Package Status:                     Preliminary    Version 1.5.
Performance Hardware Data Status:   Advanced       Version 1.0.
Loading udb::Database ...
Design:  top_level
Family:  iCE40UP
Device:  iCE40UP5K
Package: SG48
Performance Grade:   High-Performance_1.2V



Successfully loading udb, 0.08 seconds

Initializing timer
Starting design annotation....
WARNING <70001944> - No source clock for
	generated clock	create_generated_clock -name {pll_clk_int} -source [get_pins {pll_inst/lscc_pll_inst/u_PLL_B/REFERENCECLK}] -multiply_by 4 [get_pins {pll_inst/lscc_pll_inst/u_PLL_B/OUTGLOBAL }] .
High-Performance_1.2V

Starting full timing analysis...
Performance Hardware Data Status:   Advanced       Version 1.0.
Connections ignored  656  counted  7405  covered  0
Changing speed to m;   changing temperature to -40

STA Runtime and Peak Memory Usage :
Total CPU Time: 2 secs 
Total REAL Time: 2 secs 
Peak Memory Usage: 127 MB

 2.475001s wall, 2.343750s user + 0.109375s system = 2.453125s CPU (99.1%)


tmcheck -par "FPGA_Intan_Driver_impl_1.par" 

pnmainc -run pnmain "FPGA_Intan_Driver_impl_1_bit.tcl"
Loading FPGA_Intan_Driver_impl_1.udb ...
Loading device for application GENERIC from file 'itpa08.nph' in environment: C:/lscc/radiant/2023.2/ispfpga.
Package Status:                     Preliminary    Version 1.5.
Performance Hardware Data Status:   Advanced       Version 1.0.



Design:  top_level
Family:  iCE40UP
Device:  iCE40UP5K
Package: SG48
Performance Grade:   High-Performance_1.2V
Successfully loading design udb and device data from disks and to up-layer in CPU time: 0 secs , REAL time: 0 secs 



BITGEN: Bitstream Generator Radiant Software (64-bit) 2023.2.1.288.0
Copyright (c) 1991-1994 by NeoCAD Inc. All rights reserved.
Copyright (c) 1995 AT&T Corp.   All rights reserved.
Copyright (c) 1995-2001 Lucent Technologies Inc.  All rights reserved.
Copyright (c) 2001 Agere Systems   All rights reserved.
Copyright (c) 2002-2023 Lattice Semiconductor Corporation,  All rights reserved.


Running DRC.
DRC detected 0 errors and 0 warnings.

Preference Summary:
+---------------------------------+---------------------------------+
|  Preference                     |  Current Setting                |
+---------------------------------+---------------------------------+
 *  Default setting.
 ** The specified setting matches the default setting.


Creating bit map...
Saving bit stream in "C:/Users/david/Desktop/WiFi Headstage/WiFiHeadstage V2/FPGA/FPGA_RHS_Driver/impl_1/FPGA_Intan_Driver_impl_1.bin".
Bitstream generation complete!

Total CPU Time: 0 secs 
Total REAL Time: 0 secs 
Peak Memory Usage: 141 MB

Thank you for using Radiant. Total CPU/Elapsed time: 0 secs /0 secs 

ibisgen "FPGA_Intan_Driver_impl_1.udb" "C:/lscc/radiant/2023.2/cae_library/ibis/iCE40UP.ibs"
IBIS Models Generator: Lattice Radiant Software (64-bit) 2023.2.1.288.0

Thu May 14 17:15:57 2026

Loading FPGA_Intan_Driver_impl_1.udb ...
Loading device for application GENERIC from file 'itpa08.nph' in environment: C:/lscc/radiant/2023.2/ispfpga.
Package Status:                     Preliminary    Version 1.5.
Performance Hardware Data Status:   Advanced       Version 1.0.



Design:  top_level
Family:  iCE40UP
Device:  iCE40UP5K
Package: SG48
Performance Grade:   High-Performance_1.2V
Successfully loading design udb and device data from disks and to up-layer in CPU time: 0 secs , REAL time: 0 secs 

Created design models.


Generating: C:\Users\david\Desktop\WiFi Headstage\WiFiHeadstage V2\FPGA\FPGA_RHS_Driver\impl_1\IBIS\FPGA_Intan_Driver_impl_1.ibs


INFO <1191031> - Design IBIS models are generated for board level analysis.

backanno "FPGA_Intan_Driver_impl_1.udb"  -o "FPGA_Intan_Driver_impl_1_vo.vo"      -sp "High-Performance_1.2V"  -w -neg
backanno: version Radiant Software (64-bit) 2023.2.1.288.0
Copyright (c) 1991-1994 by NeoCAD Inc. All rights reserved.
Copyright (c) 1995 AT&T Corp.   All rights reserved.
Copyright (c) 1995-2001 Lucent Technologies Inc.  All rights reserved.
Copyright (c) 2001 Agere Systems   All rights reserved.
Copyright (c) 2002-2023 Lattice Semiconductor Corporation,  All rights reserved.

Loading device for application GENERIC from file 'itpa08.nph' in environment: C:/lscc/radiant/2023.2/ispfpga.
Package Status:                     Preliminary    Version 1.5.
Loading udb::Database ...
Design:  top_level
Family:  iCE40UP
Device:  iCE40UP5K
Package: SG48
Performance Grade:   High-Performance_1.2V
Performance Hardware Data Status:   Advanced       Version 1.0.



Writing a verilog netlist based on the FPGA_Intan_Driver_impl_1 design file.

Writing Verilog netlist to file FPGA_Intan_Driver_impl_1_vo.vo
Writing SDF timing to file FPGA_Intan_Driver_impl_1_vo.sdf
Backanno finished with 0 posted error messages.
Total CPU Time: 2 secs 
Total REAL Time: 3 secs 
Peak Memory Usage: 164 MB
