
                         Lattice Mapping Report File

Design:  top_level
Family:  iCE40UP
Device:  iCE40UP5K
Package: SG48
Performance Grade:  High-Performance_1.2V

Mapper:    version Radiant Software (64-bit) 2023.2.1.288.0
Mapped on: Tue May 12 16:58:22 2026

Design Information
------------------

Command line:   map -i FPGA_Intan_Driver_impl_1_syn.udb -pdc
     C:/Users/david/Desktop/WiFi Headstage/WiFiHeadstage
     V2/FPGA/FPGA_RHS_Driver/Constrain.pdc -o FPGA_Intan_Driver_impl_1_map.udb
     -mp FPGA_Intan_Driver_impl_1.mrp -hierrpt -gui -msgset
     C:/Users/david/Desktop/WiFi Headstage/WiFiHeadstage
     V2/FPGA/FPGA_RHS_Driver/promote.xml

Design Summary
--------------

   Number of slice registers: 1999 out of  5280 (38%)
   Number of I/O registers:      0 out of   117 (0%)
   Number of LUT4s:           2976 out of  5280 (56%)
      Number of logic LUT4s:             1475
      Number of inserted feedthru LUT4s: 1150
      Number of replicated LUT4s:         57
      Number of ripple logic:            147 (294 LUT4s)
   Number of IO sites used:   27 out of 39 (69%)
      Number of IO sites used for general PIO: 24
      Number of IO sites used for I3C: 0 out of 2 (0%)
      (note: If I3C is not used, its site can be used as general PIO)
      Number of IO sites used for PIO+I3C: 24 out of 36 (67%)
      Number of IO sites used for OD+RGB IO buffers: 3 out of 3 (100%)
      (note: If RGB LED drivers are not used, sites can be used as OD outputs,
       see TN1288 iCE40 LED Driver Usage Guide)
      Number of IO sites used for PIO+I3C+OD+RGB: 27 out of 39 (69%)
   Number of DSPs:             0 out of 8 (0%)
   Number of I2Cs:             0 out of 2 (0%)
   Number of High Speed OSCs:  0 out of 1 (0%)
   Number of Low Speed OSCs:   0 out of 1 (0%)
   Number of RGB PWM:          0 out of 1 (0%)
   Number of RGB Drivers:      0 out of 1 (0%)
   Number of SCL FILTERs:      0 out of 2 (0%)
   Number of SRAMs:            0 out of 4 (0%)
   Number of WARMBOOTs:        0 out of 1 (0%)
   Number of SPIs:             0 out of 2 (0%)
   Number of EBRs:             1 out of 30 (3%)
   Number of PLLs:             1 out of 1 (100%)
   Number of Clocks:  2
      Net i_clk_c: 1 loads, 1 rising, 0 falling (Driver: Port i_clk)
      Net pll_clk_int: 1973 loads, 1973 rising, 0 falling (Driver: Pin
     pll_inst.lscc_pll_inst.u_PLL_B/OUTGLOBAL)
   Number of Clock Enables:  38
      Net VCC_net: 2 loads, 0 SLICEs
      Net n11534: 1 loads, 1 SLICEs
      Net n1: 1 loads, 1 SLICEs
      Net n11577: 1 loads, 1 SLICEs

                                    Page 1





Design Summary (cont)
---------------------
      Net n5250: 1 loads, 1 SLICEs
      Net Controller_inst.n3: 4 loads, 4 SLICEs
      Net Controller_inst.int_STM32_TX_DV: 512 loads, 512 SLICEs
      Net Controller_inst.n18: 1 loads, 1 SLICEs
      Net Controller_inst.n2: 32 loads, 32 SLICEs
      Net Controller_inst.n2_adj_2189: 32 loads, 32 SLICEs
      Net Controller_inst.n2_adj_2204: 32 loads, 32 SLICEs
      Net Controller_inst.n10875: 4 loads, 4 SLICEs
      Net Controller_inst.int_RHD2132_TX_DV: 4 loads, 4 SLICEs
      Net Controller_inst.n5200: 4 loads, 4 SLICEs
      Net Controller_inst.n5202: 21 loads, 21 SLICEs
      Net Controller_inst.n5198: 512 loads, 512 SLICEs
      Net Controller_inst.n12774: 11 loads, 11 SLICEs
      Net Controller_inst.n19082: 1 loads, 1 SLICEs
      Net Controller_inst.n1893: 16 loads, 16 SLICEs
      Net Controller_inst.SPI_Master_CS_STM32_1.n19128: 1 loads, 1 SLICEs
      Net Controller_inst.SPI_Master_CS_STM32_1.n10877: 10 loads, 10 SLICEs
      Net Controller_inst.SPI_Master_CS_STM32_1.n10886: 6 loads, 6 SLICEs
      Net Controller_inst.SPI_Master_CS_STM32_1.n1901: 1 loads, 1 SLICEs
      Net Controller_inst.SPI_Master_CS_STM32_1.SPI_Master_1.n18461: 1 loads, 1
     SLICEs
      Net Controller_inst.SPI_Master_CS_STM32_1.SPI_Master_1.n10851: 1 loads, 1
     SLICEs
      Net Controller_inst.SPI_Master_CS_STM32_1.SPI_Master_1.n10902: 8 loads, 8
     SLICEs
      Net Controller_inst.Controller_RHD_FIFO_1.SPI_Master_CS_1.n10912: 6 loads,
     6 SLICEs
      Net Controller_inst.Controller_RHD_FIFO_1.SPI_Master_CS_1.n10876: 6 loads,
     6 SLICEs
      Net Controller_inst.Controller_RHD_FIFO_1.SPI_Master_CS_1.n10849: 1 loads,
     1 SLICEs
      Net Controller_inst.Controller_RHD_FIFO_1.SPI_Master_CS_1.n7410: 1 loads,
     1 SLICEs
      Net
     Controller_inst.Controller_RHD_FIFO_1.SPI_Master_CS_1.SPI_Master_1.n10940:
     6 loads, 6 SLICEs
      Net
     Controller_inst.Controller_RHD_FIFO_1.SPI_Master_CS_1.SPI_Master_1.n13049:
     7 loads, 7 SLICEs
      Net
     Controller_inst.Controller_RHD_FIFO_1.SPI_Master_CS_1.SPI_Master_1.n10845:
     1 loads, 1 SLICEs
      Net
     Controller_inst.Controller_RHD_FIFO_1.SPI_Master_CS_1.SPI_Master_1.n10948:
     4 loads, 4 SLICEs
      Net Controller_inst.Controller_RHD_FIFO_1.FIFO_1.lscc_fifo_inst.fifo0._FAB
     RIC.u_fifo.rd_fifo_en_w: 1 loads, 0 SLICEs
      Net Controller_inst.Controller_RHD_FIFO_1.FIFO_1.lscc_fifo_inst.fifo0._FAB
     RIC.u_fifo.wr_fifo_en_w: 1 loads, 0 SLICEs
      Net Controller_inst.Controller_RHD_FIFO_1.FIFO_1.lscc_fifo_inst.fifo0._FAB
     RIC.u_fifo.wr_addr_nxt_w_0__N_1931: 9 loads, 9 SLICEs
      Net Controller_inst.Controller_RHD_FIFO_1.FIFO_1.lscc_fifo_inst.fifo0._FAB
     RIC.u_fifo.rd_addr_nxt_w_0__N_1940: 9 loads, 9 SLICEs
   Number of LSRs:  4
      Net o_reset_c_N_2116: 1 loads, 1 SLICEs
      Net o_reset_c: 992 loads, 992 SLICEs
      Net n7456: 1 loads, 1 SLICEs

                                    Page 2





Design Summary (cont)
---------------------
      Net maxfan_replicated_net_998: 959 loads, 959 SLICEs
   Top 10 highest fanout non-clock nets:
      Net o_reset_c: 993 loads
      Net maxfan_replicated_net_998: 991 loads
      Net Controller_inst.int_STM32_TX_DV: 537 loads
      Net Controller_inst.n5198: 512 loads
      Net Controller_inst.SPI_Master_CS_STM32_1.SPI_Master_1.r_TX_Bit_Count[1]:
     230 loads
      Net Controller_inst.SPI_Master_CS_STM32_1.SPI_Master_1.r_TX_Bit_Count[0]:
     148 loads
      Net VCC_net: 76 loads
      Net Controller_inst.n10: 68 loads
      Net Controller_inst.n10_adj_2183: 68 loads
      Net Controller_inst.n10_adj_2184: 68 loads





   Number of warnings:  0
   Number of errors:    0

Design Errors/Warnings
----------------------

   No errors or warnings present.
INFO <52291017> - map: Port 'RGB0_OUT' is located on BB_OD pad '39'. Its IO
     buffer is mapped to BB_OD accordingly. Please notice PULLMODE is not
     applicable to BB_OD.
INFO <52291017> - map: Port 'RGB1_OUT' is located on BB_OD pad '40'. Its IO
     buffer is mapped to BB_OD accordingly. Please notice PULLMODE is not
     applicable to BB_OD.
INFO <52291017> - map: Port 'RGB2_OUT' is located on BB_OD pad '41'. Its IO
     buffer is mapped to BB_OD accordingly. Please notice PULLMODE is not
     applicable to BB_OD.

IO (PIO) Attributes
-------------------

+---------------------+-----------+-----------+-------+-------+-----------+
| IO Name             | Direction | Levelmode |  IO   |  IO   | Special   |
|                     |           |  IO_TYPE  |  REG  |  DDR  | IO Buffer |
+---------------------+-----------+-----------+-------+-------+-----------+
| o_STM32_SPI4_CS_n   | BIDIR     |           |       |       |           |
+---------------------+-----------+-----------+-------+-------+-----------+
| o_STM32_SPI4_Clk    | BIDIR     |           |       |       |           |
+---------------------+-----------+-----------+-------+-------+-----------+
| o_STM32_SPI4_MOSI   | BIDIR     |           |       |       |           |
+---------------------+-----------+-----------+-------+-------+-----------+
| RHS_SEL             | INPUT     |           |       |       |           |
+---------------------+-----------+-----------+-------+-------+-----------+
| CTRL0_IN            | INPUT     |           |       |       |           |
+---------------------+-----------+-----------+-------+-------+-----------+
| i_RHS_TOP_SPI_MISO_2| INPUT     |           |       |       |           |
+---------------------+-----------+-----------+-------+-------+-----------+
| i_RHS_TOP_SPI_MISO_1| INPUT     |           |       |       |           |
+---------------------+-----------+-----------+-------+-------+-----------+
| i_clk               | INPUT     |           |       |       |           |

                                    Page 3





IO (PIO) Attributes (cont)
--------------------------
+---------------------+-----------+-----------+-------+-------+-----------+
| o_reset             | OUTPUT    |           |       |       |           |
+---------------------+-----------+-----------+-------+-------+-----------+
| o_Controller_Mode[0]| OUTPUT    |           |       |       |           |
+---------------------+-----------+-----------+-------+-------+-----------+
| o_Controller_Mode[1]| OUTPUT    |           |       |       |           |
+---------------------+-----------+-----------+-------+-------+-----------+
| o_Controller_Mode[2]| OUTPUT    |           |       |       |           |
+---------------------+-----------+-----------+-------+-------+-----------+
| o_Controller_Mode[3]| OUTPUT    |           |       |       |           |
+---------------------+-----------+-----------+-------+-------+-----------+
| LED4_OUT            | OUTPUT    |           |       |       |           |
+---------------------+-----------+-----------+-------+-------+-----------+
| LED3_OUT            | OUTPUT    |           |       |       |           |
+---------------------+-----------+-----------+-------+-------+-----------+
| LED2_OUT            | OUTPUT    |           |       |       |           |
+---------------------+-----------+-----------+-------+-------+-----------+
| LED1_OUT            | OUTPUT    |           |       |       |           |
+---------------------+-----------+-----------+-------+-------+-----------+
| o_BOOST_ENABLE      | OUTPUT    |           |       |       |           |
+---------------------+-----------+-----------+-------+-------+-----------+
| o_RHS_TOP_SPI_CS_n_2| OUTPUT    |           |       |       |           |
+---------------------+-----------+-----------+-------+-------+-----------+
| o_RHS_TOP_SPI_MOSI_2| OUTPUT    |           |       |       |           |
+---------------------+-----------+-----------+-------+-------+-----------+
| o_RHS_TOP_SPI_CS_n_1| OUTPUT    |           |       |       |           |
+---------------------+-----------+-----------+-------+-------+-----------+
| o_RHS_TOP_SPI_Clk   | OUTPUT    |           |       |       |           |
+---------------------+-----------+-----------+-------+-------+-----------+
| o_RHS_TOP_SPI_MOSI  | OUTPUT    |           |       |       |           |
+---------------------+-----------+-----------+-------+-------+-----------+
| i_STM32_SPI4_MISO   | OUTPUT    |           |       |       |           |
+---------------------+-----------+-----------+-------+-------+-----------+
| RGB2_OUT            | OUTPUT    |           |       |       | OD        |
+---------------------+-----------+-----------+-------+-------+-----------+
| RGB1_OUT            | OUTPUT    |           |       |       | OD        |
+---------------------+-----------+-----------+-------+-------+-----------+
| RGB0_OUT            | OUTPUT    |           |       |       | OD        |
+---------------------+-----------+-----------+-------+-------+-----------+

PLL/DLL Summary
---------------

PLL 1:                                 Pin/Node Value
  PLL Instance Name:                            pll_inst/lscc_pll_inst/u_PLL_B
  Input Reference Clock:               PIN      i_clk_c
  Output Clock(CoreA):                          NONE
  Output Clock(GlobalA):               NODE     pll_clk_int
  Output Clock(CoreB):                          NONE
  Output Clock(GlobalB):                        NONE
  Feedback input:                      NODE
       pll_inst.lscc_pll_inst.feedback_w
  Internal Feedback output:            NODE
       pll_inst.lscc_pll_inst.feedback_w
  BYPASS signal:                                GND
  LATCH signal:                                 GND
  Lock Signal:                                  NONE

                                    Page 4





PLL/DLL Summary (cont)
----------------------
  Input Clock Frequency (MHz):                  NA
  Reference Divider:                            0
  Feedback Divider:                             63
  VCO Divider:                                  5
  ENABLE_ICEGATE_PORTA:                         0
  ENABLE_ICEGATE_PORTB:                         0
  PLLOUT_SELECT_PORTA:                          GENCLK
  PLLOUT_SELECT_PORTB:                          GENCLK
  SHIFTREG_DIV_MODE:                            0
  DELAY_ADJUSTMENT_MODE_RELATIVE:               FIXED
  FDA_RELATIVE:                                 0
  FEEDBACK_PATH:                                SIMPLE
  DELAY_ADJUSTMENT_MODE_FEEDBACK:               FIXED
  FDA_FEEDBACK:                                 0
  FILTER_RANGE:                                 1
  EXTERNAL_DIVIDE_FACTOR:                       NONE
  TEST Mode:                                    0

ASIC Components
---------------

Instance Name: pll_inst/lscc_pll_inst/u_PLL_B
         Type: PLL
Instance Name: Controller_inst/Controller_RHD_FIFO_1/FIFO_1/lscc_fifo_inst/fifo0
     /_FABRIC.u_fifo/waddr_r_0__I_0
         Type: EBR

Constraint Summary
------------------

   Total number of constraints: 18
   Total number of constraints dropped: 0

Run Time and Memory Usage
-------------------------

   Total CPU Time: 1 secs
   Total REAL Time: 0 secs
   Peak Memory Usage: 112 MB
Checksum -- map: d0606a0ec881e45a2ae4370533cf08b415b1d407


















                                    Page 5


Copyright (c) 1991-1994 by NeoCAD Inc. All rights reserved.
Copyright (c) 1995
     AT&T Corp.   All rights reserved.
Copyright (c) 1995-2001 Lucent
     Technologies Inc.  All rights reserved.
Copyright (c) 2001 Agere Systems
     All rights reserved.
Copyright (c) 2002-2023 Lattice Semiconductor
     Corporation,  All rights reserved.
