WARNING: missing testbench HDL files.
WARNING: missing driver HDL files.
Writing C:\Users\david\Desktop\WiFi Headstage\WiFiHeadstage V2\FPGA\FPGA_Intan_Driver\PLL_SPI\rtl\PLL_SPI_bb.v 
Writing C:\Users\david\Desktop\WiFi Headstage\WiFiHeadstage V2\FPGA\FPGA_Intan_Driver\PLL_SPI\PLL_SPI.cfg 
Writing C:\Users\david\Desktop\WiFi Headstage\WiFiHeadstage V2\FPGA\FPGA_Intan_Driver\PLL_SPI\misc\PLL_SPI_tmpl.v 
Writing C:\Users\david\Desktop\WiFi Headstage\WiFiHeadstage V2\FPGA\FPGA_Intan_Driver\PLL_SPI\misc\PLL_SPI_tmpl.vhd 
Writing C:\Users\david\Desktop\WiFi Headstage\WiFiHeadstage V2\FPGA\FPGA_Intan_Driver\PLL_SPI\rtl\PLL_SPI.v 
Warning: No directory "ldc" in IP module(C:/lscc/radiant/2023.2/ip/iCE40UP/pll)
Writing C:\Users\david\Desktop\WiFi Headstage\WiFiHeadstage V2\FPGA\FPGA_Intan_Driver\PLL_SPI\design.xml 
Writing C:\Users\david\Desktop\WiFi Headstage\WiFiHeadstage V2\FPGA\FPGA_Intan_Driver\PLL_SPI\component.xml 
Writing C:\Users\david\Desktop\WiFi Headstage\WiFiHeadstage V2\FPGA\FPGA_Intan_Driver\PLL_SPI\PLL_SPI.ipx 
WARNING: missing testbench HDL files.
WARNING: missing driver HDL files.
Writing C:\Users\david\Desktop\WiFi Headstage\WiFiHeadstage V2\FPGA\FPGA_Intan_Driver\PLL_SPI\rtl\PLL_SPI_bb.v 
Writing C:\Users\david\Desktop\WiFi Headstage\WiFiHeadstage V2\FPGA\FPGA_Intan_Driver\PLL_SPI\PLL_SPI.cfg 
Writing C:\Users\david\Desktop\WiFi Headstage\WiFiHeadstage V2\FPGA\FPGA_Intan_Driver\PLL_SPI\misc\PLL_SPI_tmpl.v 
Writing C:\Users\david\Desktop\WiFi Headstage\WiFiHeadstage V2\FPGA\FPGA_Intan_Driver\PLL_SPI\misc\PLL_SPI_tmpl.vhd 
Writing C:\Users\david\Desktop\WiFi Headstage\WiFiHeadstage V2\FPGA\FPGA_Intan_Driver\PLL_SPI\rtl\PLL_SPI.v 
Warning: No directory "ldc" in IP module(C:/lscc/radiant/2023.2/ip/iCE40UP/pll)
Writing C:\Users\david\Desktop\WiFi Headstage\WiFiHeadstage V2\FPGA\FPGA_Intan_Driver\PLL_SPI\design.xml 
Writing C:\Users\david\Desktop\WiFi Headstage\WiFiHeadstage V2\FPGA\FPGA_Intan_Driver\PLL_SPI\component.xml 
Writing C:\Users\david\Desktop\WiFi Headstage\WiFiHeadstage V2\FPGA\FPGA_Intan_Driver\PLL_SPI\PLL_SPI.ipx 
WARNING: missing testbench HDL files.
WARNING: missing driver HDL files.
Writing C:\Users\david\Desktop\WiFi Headstage\WiFiHeadstage V2\FPGA\FPGA_Intan_Driver\PLL_SPI\rtl\PLL_SPI_bb.v 
Writing C:\Users\david\Desktop\WiFi Headstage\WiFiHeadstage V2\FPGA\FPGA_Intan_Driver\PLL_SPI\PLL_SPI.cfg 
Writing C:\Users\david\Desktop\WiFi Headstage\WiFiHeadstage V2\FPGA\FPGA_Intan_Driver\PLL_SPI\misc\PLL_SPI_tmpl.v 
Writing C:\Users\david\Desktop\WiFi Headstage\WiFiHeadstage V2\FPGA\FPGA_Intan_Driver\PLL_SPI\misc\PLL_SPI_tmpl.vhd 
Writing C:\Users\david\Desktop\WiFi Headstage\WiFiHeadstage V2\FPGA\FPGA_Intan_Driver\PLL_SPI\rtl\PLL_SPI.v 
Warning: No directory "ldc" in IP module(C:/lscc/radiant/2023.2/ip/iCE40UP/pll)
Writing C:\Users\david\Desktop\WiFi Headstage\WiFiHeadstage V2\FPGA\FPGA_Intan_Driver\PLL_SPI\design.xml 
Writing C:\Users\david\Desktop\WiFi Headstage\WiFiHeadstage V2\FPGA\FPGA_Intan_Driver\PLL_SPI\component.xml 
Writing C:\Users\david\Desktop\WiFi Headstage\WiFiHeadstage V2\FPGA\FPGA_Intan_Driver\PLL_SPI\PLL_SPI.ipx 
WARNING: missing testbench HDL files.
WARNING: missing driver HDL files.
Writing C:\Users\david\Desktop\WiFi Headstage\WiFiHeadstage V2\FPGA\FPGA_Intan_Driver\PLL_SPI\rtl\PLL_SPI_bb.v 
Writing C:\Users\david\Desktop\WiFi Headstage\WiFiHeadstage V2\FPGA\FPGA_Intan_Driver\PLL_SPI\PLL_SPI.cfg 
Writing C:\Users\david\Desktop\WiFi Headstage\WiFiHeadstage V2\FPGA\FPGA_Intan_Driver\PLL_SPI\misc\PLL_SPI_tmpl.v 
Writing C:\Users\david\Desktop\WiFi Headstage\WiFiHeadstage V2\FPGA\FPGA_Intan_Driver\PLL_SPI\misc\PLL_SPI_tmpl.vhd 
Writing C:\Users\david\Desktop\WiFi Headstage\WiFiHeadstage V2\FPGA\FPGA_Intan_Driver\PLL_SPI\rtl\PLL_SPI.v 
Warning: No directory "ldc" in IP module(C:/lscc/radiant/2023.2/ip/iCE40UP/pll)
Writing C:\Users\david\Desktop\WiFi Headstage\WiFiHeadstage V2\FPGA\FPGA_Intan_Driver\PLL_SPI\design.xml 
Writing C:\Users\david\Desktop\WiFi Headstage\WiFiHeadstage V2\FPGA\FPGA_Intan_Driver\PLL_SPI\component.xml 
Writing C:\Users\david\Desktop\WiFi Headstage\WiFiHeadstage V2\FPGA\FPGA_Intan_Driver\PLL_SPI\PLL_SPI.ipx 
ERROR: Change the Desired Frequency or adjust the PLLOUT Tolerance %
ERROR: Value 0.71 is out of range [0.0, 0.0].
ERROR: Change the Desired Frequency or adjust the PLLOUT Tolerance %
ERROR: Value 0.4 is out of range [0.0, 0.0].
ERROR: Change the Desired Frequency or adjust the PLLOUT Tolerance %
ERROR: Value 0.39 is out of range [0.0, 0.0].
ERROR: Change the Desired Frequency or adjust the PLLOUT Tolerance %
ERROR: Value 0.38 is out of range [0.0, 0.0].
WARNING: missing testbench HDL files.
WARNING: missing driver HDL files.
Writing C:\Users\david\Desktop\WiFi Headstage\WiFiHeadstage V2\FPGA\FPGA_Intan_Driver\PLL_SPI\rtl\PLL_SPI_bb.v 
Writing C:\Users\david\Desktop\WiFi Headstage\WiFiHeadstage V2\FPGA\FPGA_Intan_Driver\PLL_SPI\PLL_SPI.cfg 
Writing C:\Users\david\Desktop\WiFi Headstage\WiFiHeadstage V2\FPGA\FPGA_Intan_Driver\PLL_SPI\misc\PLL_SPI_tmpl.v 
Writing C:\Users\david\Desktop\WiFi Headstage\WiFiHeadstage V2\FPGA\FPGA_Intan_Driver\PLL_SPI\misc\PLL_SPI_tmpl.vhd 
Writing C:\Users\david\Desktop\WiFi Headstage\WiFiHeadstage V2\FPGA\FPGA_Intan_Driver\PLL_SPI\rtl\PLL_SPI.v 
Warning: No directory "ldc" in IP module(C:/lscc/radiant/2023.2/ip/iCE40UP/pll)
Writing C:\Users\david\Desktop\WiFi Headstage\WiFiHeadstage V2\FPGA\FPGA_Intan_Driver\PLL_SPI\design.xml 
Writing C:\Users\david\Desktop\WiFi Headstage\WiFiHeadstage V2\FPGA\FPGA_Intan_Driver\PLL_SPI\component.xml 
Writing C:\Users\david\Desktop\WiFi Headstage\WiFiHeadstage V2\FPGA\FPGA_Intan_Driver\PLL_SPI\PLL_SPI.ipx 
WARNING: missing testbench HDL files.
WARNING: missing driver HDL files.
Writing C:\Users\david\Desktop\WiFi Headstage\WiFiHeadstage V2\FPGA\FPGA_Intan_Driver\PLL_SPI\rtl\PLL_SPI_bb.v 
Writing C:\Users\david\Desktop\WiFi Headstage\WiFiHeadstage V2\FPGA\FPGA_Intan_Driver\PLL_SPI\PLL_SPI.cfg 
Writing C:\Users\david\Desktop\WiFi Headstage\WiFiHeadstage V2\FPGA\FPGA_Intan_Driver\PLL_SPI\misc\PLL_SPI_tmpl.v 
Writing C:\Users\david\Desktop\WiFi Headstage\WiFiHeadstage V2\FPGA\FPGA_Intan_Driver\PLL_SPI\misc\PLL_SPI_tmpl.vhd 
Writing C:\Users\david\Desktop\WiFi Headstage\WiFiHeadstage V2\FPGA\FPGA_Intan_Driver\PLL_SPI\rtl\PLL_SPI.v 
Warning: No directory "ldc" in IP module(C:/lscc/radiant/2023.2/ip/iCE40UP/pll)
Writing C:\Users\david\Desktop\WiFi Headstage\WiFiHeadstage V2\FPGA\FPGA_Intan_Driver\PLL_SPI\design.xml 
Writing C:\Users\david\Desktop\WiFi Headstage\WiFiHeadstage V2\FPGA\FPGA_Intan_Driver\PLL_SPI\component.xml 
Writing C:\Users\david\Desktop\WiFi Headstage\WiFiHeadstage V2\FPGA\FPGA_Intan_Driver\PLL_SPI\PLL_SPI.ipx 
ERROR: Change the Desired Frequency or adjust the PLLOUT Tolerance %
ERROR: Value 0.71 is out of range [0.0, 0.0].
WARNING: missing testbench HDL files.
WARNING: missing driver HDL files.
Writing C:\Users\david\Desktop\WiFi Headstage\WiFiHeadstage V2\FPGA\FPGA_Intan_Driver\PLL_SPI\rtl\PLL_SPI_bb.v 
Writing C:\Users\david\Desktop\WiFi Headstage\WiFiHeadstage V2\FPGA\FPGA_Intan_Driver\PLL_SPI\PLL_SPI.cfg 
Writing C:\Users\david\Desktop\WiFi Headstage\WiFiHeadstage V2\FPGA\FPGA_Intan_Driver\PLL_SPI\misc\PLL_SPI_tmpl.v 
Writing C:\Users\david\Desktop\WiFi Headstage\WiFiHeadstage V2\FPGA\FPGA_Intan_Driver\PLL_SPI\misc\PLL_SPI_tmpl.vhd 
Writing C:\Users\david\Desktop\WiFi Headstage\WiFiHeadstage V2\FPGA\FPGA_Intan_Driver\PLL_SPI\rtl\PLL_SPI.v 
Warning: No directory "ldc" in IP module(C:/lscc/radiant/2023.2/ip/iCE40UP/pll)
Writing C:\Users\david\Desktop\WiFi Headstage\WiFiHeadstage V2\FPGA\FPGA_Intan_Driver\PLL_SPI\design.xml 
Writing C:\Users\david\Desktop\WiFi Headstage\WiFiHeadstage V2\FPGA\FPGA_Intan_Driver\PLL_SPI\component.xml 
Writing C:\Users\david\Desktop\WiFi Headstage\WiFiHeadstage V2\FPGA\FPGA_Intan_Driver\PLL_SPI\PLL_SPI.ipx 
WARNING: missing testbench HDL files.
WARNING: missing driver HDL files.
Writing C:\Users\david\Desktop\WiFi Headstage\WiFiHeadstage V2\FPGA\FPGA_Intan_Driver\PLL_SPI\rtl\PLL_SPI_bb.v 
Writing C:\Users\david\Desktop\WiFi Headstage\WiFiHeadstage V2\FPGA\FPGA_Intan_Driver\PLL_SPI\PLL_SPI.cfg 